(0.000) QUERY = 'SELECT "django_migrations"."id", "django_migrations"."app", "django_migrations"."name", "django_migrations"."applied" FROM "django_migrations"' - PARAMS = (); args=()
(0.000) QUERY = 'SELECT "django_migrations"."id", "django_migrations"."app", "django_migrations"."name", "django_migrations"."applied" FROM "django_migrations"' - PARAMS = (); args=()
(0.000) QUERY = 'SELECT "django_migrations"."id", "django_migrations"."app", "django_migrations"."name", "django_migrations"."applied" FROM "django_migrations"' - PARAMS = (); args=()
(0.000) QUERY = 'SELECT "django_migrations"."id", "django_migrations"."app", "django_migrations"."name", "django_migrations"."applied" FROM "django_migrations"' - PARAMS = (); args=()
(0.000) QUERY = 'SELECT "django_content_type"."id", "django_content_type"."app_label", "django_content_type"."model" FROM "django_content_type" WHERE "django_content_type"."app_label" = %s' - PARAMS = ('admin',); args=('admin',)
(0.000) QUERY = 'SELECT "django_content_type"."id", "django_content_type"."app_label", "django_content_type"."model" FROM "django_content_type" WHERE ("django_content_type"."app_label" = %s AND "django_content_type"."model" = %s) LIMIT 21' - PARAMS = ('admin', 'logentry'); args=('admin', 'logentry')
(0.000) QUERY = 'SELECT "auth_permission"."content_type_id", "auth_permission"."codename" FROM "auth_permission" INNER JOIN "django_content_type" ON ("auth_permission"."content_type_id" = "django_content_type"."id") WHERE "auth_permission"."content_type_id" IN (%s) ORDER BY "django_content_type"."app_label" ASC, "django_content_type"."model" ASC, "auth_permission"."codename" ASC' - PARAMS = (1,); args=(1,)
(0.016) QUERY = 'SELECT "django_content_type"."id", "django_content_type"."app_label", "django_content_type"."model" FROM "django_content_type" WHERE "django_content_type"."app_label" = %s' - PARAMS = ('admin',); args=('admin',)
(0.000) QUERY = 'SELECT "django_content_type"."id", "django_content_type"."app_label", "django_content_type"."model" FROM "django_content_type" WHERE "django_content_type"."app_label" = %s' - PARAMS = ('auth',); args=('auth',)
(0.000) QUERY = 'SELECT "django_content_type"."id", "django_content_type"."app_label", "django_content_type"."model" FROM "django_content_type" WHERE ("django_content_type"."app_label" = %s AND "django_content_type"."model" = %s) LIMIT 21' - PARAMS = ('auth', 'permission'); args=('auth', 'permission')
(0.000) QUERY = 'SELECT "django_content_type"."id", "django_content_type"."app_label", "django_content_type"."model" FROM "django_content_type" WHERE ("django_content_type"."app_label" = %s AND "django_content_type"."model" = %s) LIMIT 21' - PARAMS = ('auth', 'group'); args=('auth', 'group')
(0.000) QUERY = 'SELECT "django_content_type"."id", "django_content_type"."app_label", "django_content_type"."model" FROM "django_content_type" WHERE ("django_content_type"."app_label" = %s AND "django_content_type"."model" = %s) LIMIT 21' - PARAMS = ('auth', 'user'); args=('auth', 'user')
(0.000) QUERY = 'SELECT "auth_permission"."content_type_id", "auth_permission"."codename" FROM "auth_permission" INNER JOIN "django_content_type" ON ("auth_permission"."content_type_id" = "django_content_type"."id") WHERE "auth_permission"."content_type_id" IN (%s, %s, %s) ORDER BY "django_content_type"."app_label" ASC, "django_content_type"."model" ASC, "auth_permission"."codename" ASC' - PARAMS = (2, 3, 4); args=(2, 3, 4)
(0.000) QUERY = 'SELECT "django_content_type"."id", "django_content_type"."app_label", "django_content_type"."model" FROM "django_content_type" WHERE "django_content_type"."app_label" = %s' - PARAMS = ('auth',); args=('auth',)
(0.000) QUERY = 'SELECT "django_content_type"."id", "django_content_type"."app_label", "django_content_type"."model" FROM "django_content_type" WHERE "django_content_type"."app_label" = %s' - PARAMS = ('contenttypes',); args=('contenttypes',)
(0.000) QUERY = 'SELECT "django_content_type"."id", "django_content_type"."app_label", "django_content_type"."model" FROM "django_content_type" WHERE ("django_content_type"."app_label" = %s AND "django_content_type"."model" = %s) LIMIT 21' - PARAMS = ('contenttypes', 'contenttype'); args=('contenttypes', 'contenttype')
(0.000) QUERY = 'SELECT "auth_permission"."content_type_id", "auth_permission"."codename" FROM "auth_permission" INNER JOIN "django_content_type" ON ("auth_permission"."content_type_id" = "django_content_type"."id") WHERE "auth_permission"."content_type_id" IN (%s) ORDER BY "django_content_type"."app_label" ASC, "django_content_type"."model" ASC, "auth_permission"."codename" ASC' - PARAMS = (5,); args=(5,)
(0.000) QUERY = 'SELECT "django_content_type"."id", "django_content_type"."app_label", "django_content_type"."model" FROM "django_content_type" WHERE "django_content_type"."app_label" = %s' - PARAMS = ('contenttypes',); args=('contenttypes',)
(0.000) QUERY = 'SELECT "django_content_type"."id", "django_content_type"."app_label", "django_content_type"."model" FROM "django_content_type" WHERE "django_content_type"."app_label" = %s' - PARAMS = ('sessions',); args=('sessions',)
(0.000) QUERY = 'SELECT "django_content_type"."id", "django_content_type"."app_label", "django_content_type"."model" FROM "django_content_type" WHERE ("django_content_type"."app_label" = %s AND "django_content_type"."model" = %s) LIMIT 21' - PARAMS = ('sessions', 'session'); args=('sessions', 'session')
(0.016) QUERY = 'SELECT "auth_permission"."content_type_id", "auth_permission"."codename" FROM "auth_permission" INNER JOIN "django_content_type" ON ("auth_permission"."content_type_id" = "django_content_type"."id") WHERE "auth_permission"."content_type_id" IN (%s) ORDER BY "django_content_type"."app_label" ASC, "django_content_type"."model" ASC, "auth_permission"."codename" ASC' - PARAMS = (6,); args=(6,)
(0.000) QUERY = 'SELECT "django_content_type"."id", "django_content_type"."app_label", "django_content_type"."model" FROM "django_content_type" WHERE "django_content_type"."app_label" = %s' - PARAMS = ('sessions',); args=('sessions',)
(0.000) QUERY = 'SELECT "django_content_type"."id", "django_content_type"."app_label", "django_content_type"."model" FROM "django_content_type" WHERE "django_content_type"."app_label" = %s' - PARAMS = ('api',); args=('api',)
(0.000) QUERY = 'SELECT "django_content_type"."id", "django_content_type"."app_label", "django_content_type"."model" FROM "django_content_type" WHERE ("django_content_type"."app_label" = %s AND "django_content_type"."model" = %s) LIMIT 21' - PARAMS = ('api', 'student'); args=('api', 'student')
(0.015) QUERY = 'SELECT "auth_permission"."content_type_id", "auth_permission"."codename" FROM "auth_permission" INNER JOIN "django_content_type" ON ("auth_permission"."content_type_id" = "django_content_type"."id") WHERE "auth_permission"."content_type_id" IN (%s) ORDER BY "django_content_type"."app_label" ASC, "django_content_type"."model" ASC, "auth_permission"."codename" ASC' - PARAMS = (7,); args=(7,)
(0.000) QUERY = 'SELECT "django_content_type"."id", "django_content_type"."app_label", "django_content_type"."model" FROM "django_content_type" WHERE "django_content_type"."app_label" = %s' - PARAMS = ('api',); args=('api',)
Watching for file changes with StatReloader
Waiting for apps ready_event.
Apps ready_event triggered. Sending autoreload_started signal.
Watching dir C:\Users\Dell\AppData\Local\Programs\Python\Python37\lib\site-packages\drf_yasg\templates with glob **/*.
Watching dir C:\Users\Dell\AppData\Local\Programs\Python\Python37\lib\site-packages\rest_framework\templates with glob **/*.
Watching dir C:\Users\Dell\PycharmProjects\PaginationExample\locale with glob **/*.mo.
Watching dir C:\Users\Dell\AppData\Local\Programs\Python\Python37\lib\site-packages\rest_framework\locale with glob **/*.mo.
Watching dir C:\Users\Dell\PycharmProjects\PaginationExample\api\locale with glob **/*.mo.
Watching dir C:\Users\Dell\AppData\Local\Programs\Python\Python37\lib\site-packages\drf_yasg\locale with glob **/*.mo.
(0.000) QUERY = 'SELECT "django_migrations"."id", "django_migrations"."app", "django_migrations"."name", "django_migrations"."applied" FROM "django_migrations"' - PARAMS = (); args=()
File C:\Users\Dell\AppData\Local\Programs\Python\Python37\Lib\site-packages\coreapi\codecs\text.py first seen with mtime 1632911228.46162
File C:\Users\Dell\AppData\Local\Programs\Python\Python37\Lib\types.py first seen with mtime 1571074454.0
File C:\Users\Dell\AppData\Local\Programs\Python\Python37\Lib\site-packages\django\contrib\sessions\backends\__init__.py first seen with mtime 1630394095.5845678
File C:\Users\Dell\AppData\Local\Programs\Python\Python37\Lib\site-packages\django\db\backends\signals.py first seen with mtime 1630394097.6801395
File C:\Users\Dell\AppData\Local\Programs\Python\Python37\Lib\site-packages\pkg_resources\_vendor\packaging\__init__.py first seen with mtime 1575469793.5423949
File C:\Users\Dell\AppData\Local\Programs\Python\Python37\Lib\html\parser.py first seen with mtime 1571074452.0
File C:\Users\Dell\AppData\Local\Programs\Python\Python37\Lib\site-packages\pymongo\periodic_executor.py first seen with mtime 1632217492.430058
File C:\Users\Dell\AppData\Local\Programs\Python\Python37\Lib\site-packages\django\apps\__init__.py first seen with mtime 1630394084.8316593
File C:\Users\Dell\AppData\Local\Programs\Python\Python37\Lib\site-packages\pkg_resources\_vendor\packaging\_structures.py first seen with mtime 1575469793.5433705
File C:\Users\Dell\AppData\Local\Programs\Python\Python37\Lib\unittest\__init__.py first seen with mtime 1571074454.0
File C:\Users\Dell\AppData\Local\Programs\Python\Python37\Lib\site-packages\pymongo\aggregation.py first seen with mtime 1632217492.3881745
File C:\Users\Dell\AppData\Local\Programs\Python\Python37\Lib\site-packages\sqlparse\filters\output.py first seen with mtime 1632217491.9646327
File C:\Users\Dell\AppData\Local\Programs\Python\Python37\Lib\site-packages\pymongo\mongo_replica_set_client.py first seen with mtime 1632217492.420121
File C:\Users\Dell\AppData\Local\Programs\Python\Python37\Lib\site-packages\rest_framework\parsers.py first seen with mtime 1632136961.8731887
File C:\Users\Dell\AppData\Local\Programs\Python\Python37\Lib\site-packages\uritemplate\__init__.py first seen with mtime 1632911226.6964068
File C:\Users\Dell\AppData\Local\Programs\Python\Python37\Lib\site-packages\sqlparse\filters\aligned_indent.py first seen with mtime 1632217491.9681756
File C:\Users\Dell\AppData\Local\Programs\Python\Python37\Lib\site-packages\django\views\decorators\debug.py first seen with mtime 1630394098.138697
File C:\Users\Dell\AppData\Local\Programs\Python\Python37\Lib\site-packages\ruamel\yaml\scalarfloat.py first seen with mtime 1632911227.493095
File C:\Users\Dell\AppData\Local\Programs\Python\Python37\Lib\site-packages\django\db\backends\utils.py first seen with mtime 1630394097.6809883
File C:\Users\Dell\AppData\Local\Programs\Python\Python37\Lib\site-packages\sqlparse\tokens.py first seen with mtime 1632217491.9453218
File C:\Users\Dell\AppData\Local\Programs\Python\Python37\Lib\site-packages\bson\timestamp.py first seen with mtime 1632217492.3742068
File C:\Users\Dell\AppData\Local\Programs\Python\Python37\Lib\urllib\__init__.py first seen with mtime 1571074454.0
File C:\Users\Dell\AppData\Local\Programs\Python\Python37\Lib\site.py first seen with mtime 1571074452.0
File C:\Users\Dell\AppData\Local\Programs\Python\Python37\Lib\_collections_abc.py first seen with mtime 1571074452.0
File C:\Users\Dell\AppData\Local\Programs\Python\Python37\Lib\wsgiref\simple_server.py first seen with mtime 1571074454.0
File C:\Users\Dell\AppData\Local\Programs\Python\Python37\Lib\site-packages\pkg_resources\__init__.py first seen with mtime 1575469793.5355632
File C:\Users\Dell\AppData\Local\Programs\Python\Python37\Lib\site-packages\urllib3\contrib\_appengine_environ.py first seen with mtime 1632727249.741711
File C:\Users\Dell\AppData\Local\Programs\Python\Python37\Lib\site-packages\click\decorators.py first seen with mtime 1575469996.494819
File C:\Users\Dell\AppData\Local\Programs\Python\Python37\Lib\site-packages\django\db\backends\base\creation.py first seen with mtime 1630394097.6847203
File C:\Users\Dell\AppData\Local\Programs\Python\Python37\Lib\site-packages\django\contrib\auth\base_user.py first seen with mtime 1630394090.4596984
File C:\Users\Dell\AppData\Local\Programs\Python\Python37\Lib\site-packages\ruamel\yaml\scanner.py first seen with mtime 1632911227.493095
File C:\Users\Dell\AppData\Local\Programs\Python\Python37\Lib\site-packages\django\contrib\admin\views\autocomplete.py first seen with mtime 1630394090.1182623
File C:\Users\Dell\AppData\Local\Programs\Python\Python37\Lib\site-packages\django\core\cache\backends\filebased.py first seen with mtime 1630394097.5159636
File C:\Users\Dell\AppData\Local\Programs\Python\Python37\Lib\site-packages\pytz\tzinfo.py first seen with mtime 1630394083.7589092
File C:\Users\Dell\AppData\Local\Programs\Python\Python37\Lib\ipaddress.py first seen with mtime 1571074452.0
File C:\Users\Dell\AppData\Local\Programs\Python\Python37\Lib\site-packages\coreapi\document.py first seen with mtime 1632911228.445999
File C:\Users\Dell\AppData\Local\Programs\Python\Python37\Lib\copyreg.py first seen with mtime 1571074452.0
File C:\Users\Dell\AppData\Local\Programs\Python\Python37\Lib\site-packages\django\core\checks\templates.py first seen with mtime 1630394097.5450585
File C:\Users\Dell\AppData\Local\Programs\Python\Python37\Lib\site-packages\pymongo\common.py first seen with mtime 1632217492.3991401
File C:\Users\Dell\AppData\Local\Programs\Python\Python37\Lib\site-packages\click\types.py first seen with mtime 1575469996.5065272
File C:\Users\Dell\AppData\Local\Programs\Python\Python37\Lib\site-packages\django\utils\dates.py first seen with mtime 1630394098.0561602
File C:\Users\Dell\AppData\Local\Programs\Python\Python37\Lib\os.py first seen with mtime 1571074452.0
File C:\Users\Dell\AppData\Local\Programs\Python\Python37\Lib\site-packages\coreapi\exceptions.py first seen with mtime 1632911228.445999
File C:\Users\Dell\AppData\Local\Programs\Python\Python37\Lib\site-packages\django\utils\ipv6.py first seen with mtime 1630394098.1047544
File C:\Users\Dell\AppData\Local\Programs\Python\Python37\DLLs\_ctypes.pyd first seen with mtime 1571078542.0
File C:\Users\Dell\AppData\Local\Programs\Python\Python37\Lib\site-packages\django\core\handlers\asgi.py first seen with mtime 1630394097.5967019
File C:\Users\Dell\AppData\Local\Programs\Python\Python37\Lib\encodings\cp1252.py first seen with mtime 1571074452.0
File C:\Users\Dell\AppData\Local\Programs\Python\Python37\Lib\site-packages\djongo\sql2mongo\__init__.py first seen with mtime 1632217493.2621393
File C:\Users\Dell\AppData\Local\Programs\Python\Python37\Lib\site-packages\pymongo\thread_util.py first seen with mtime 1632217492.456036
File C:\Users\Dell\AppData\Local\Programs\Python\Python37\Lib\_bootlocale.py first seen with mtime 1571074452.0
File C:\Users\Dell\AppData\Local\Programs\Python\Python37\Lib\site-packages\asgiref\current_thread_executor.py first seen with mtime 1630394084.5465567
File C:\Users\Dell\AppData\Local\Programs\Python\Python37\Lib\site-packages\jinja2\nodes.py first seen with mtime 1575470017.711902
File C:\Users\Dell\AppData\Local\Programs\Python\Python37\Lib\site-packages\rest_framework\utils\field_mapping.py first seen with mtime 1632136962.1291962
File C:\Users\Dell\AppData\Local\Programs\Python\Python37\Lib\email\base64mime.py first seen with mtime 1571074452.0
File C:\Users\Dell\AppData\Local\Programs\Python\Python37\Lib\site-packages\pymongo\results.py first seen with mtime 1632217492.4370382
File C:\Users\Dell\AppData\Local\Programs\Python\Python37\Lib\http\cookies.py first seen with mtime 1571074452.0
File C:\Users\Dell\AppData\Local\Programs\Python\Python37\Lib\site-packages\django\utils\dateformat.py first seen with mtime 1630394098.0541039
File C:\Users\Dell\AppData\Local\Programs\Python\Python37\Lib\contextlib.py first seen with mtime 1571074452.0
File C:\Users\Dell\AppData\Local\Programs\Python\Python37\Lib\site-packages\pymongo\collation.py first seen with mtime 1632217492.3951538
File C:\Users\Dell\AppData\Local\Programs\Python\Python37\Lib\site-packages\pymongo\driver_info.py first seen with mtime 1632217492.407121
File C:\Users\Dell\AppData\Local\Programs\Python\Python37\Lib\site-packages\pymongo\read_concern.py first seen with mtime 1632217492.4340465
File C:\Users\Dell\AppData\Local\Programs\Python\Python37\Lib\site-packages\django\utils\safestring.py first seen with mtime 1630394098.112972
File C:\Users\Dell\AppData\Local\Programs\Python\Python37\Lib\email\feedparser.py first seen with mtime 1571074452.0
File C:\Users\Dell\AppData\Local\Programs\Python\Python37\Lib\site-packages\django\contrib\auth\__init__.py first seen with mtime 1630394090.4567103
File C:\Users\Dell\AppData\Local\Programs\Python\Python37\Lib\site-packages\django\core\mail\utils.py first seen with mtime 1630394097.6045837
File C:\Users\Dell\AppData\Local\Programs\Python\Python37\Lib\site-packages\django\utils\log.py first seen with mtime 1630394098.1077187
File C:\Users\Dell\AppData\Local\Programs\Python\Python37\Lib\email\headerregistry.py first seen with mtime 1571074452.0
File C:\Users\Dell\AppData\Local\Programs\Python\Python37\Lib\site-packages\pymongo\server_selectors.py first seen with mtime 1632217492.4450183
File C:\Users\Dell\AppData\Local\Programs\Python\Python37\Lib\site-packages\django\db\models\sql\query.py first seen with mtime 1630394097.8340764
File C:\Users\Dell\AppData\Local\Programs\Python\Python37\Lib\site-packages\sqlparse\sql.py first seen with mtime 1632217491.9526646
File C:\Users\Dell\AppData\Local\Programs\Python\Python37\Lib\site-packages\pymongo\response.py first seen with mtime 1632217492.4360409
File C:\Users\Dell\AppData\Local\Programs\Python\Python37\Lib\site-packages\django\contrib\admin\sites.py first seen with mtime 1630394085.2974372
File C:\Users\Dell\AppData\Local\Programs\Python\Python37\Lib\site-packages\django\contrib\contenttypes\admin.py first seen with mtime 1630394090.9857109
File C:\Users\Dell\AppData\Local\Programs\Python\Python37\Lib\site-packages\pymongo\ssl_support.py first seen with mtime 1632217492.4530368
File C:\Users\Dell\AppData\Local\Programs\Python\Python37\Lib\site-packages\rest_framework\utils\encoders.py first seen with mtime 1632136962.1281989
File C:\Users\Dell\AppData\Local\Programs\Python\Python37\Lib\xml\dom\xmlbuilder.py first seen with mtime 1571074454.0
File C:\Users\Dell\PycharmProjects\PaginationExample\PaginationExample\urls.py first seen with mtime 1632911721.9354837
File C:\Users\Dell\AppData\Local\Programs\Python\Python37\Lib\site-packages\rest_framework\metadata.py first seen with mtime 1632136961.8692
File C:\Users\Dell\AppData\Local\Programs\Python\Python37\Lib\site-packages\sqlparse\filters\tokens.py first seen with mtime 1632217491.9656317
File C:\Users\Dell\AppData\Local\Programs\Python\Python37\Lib\site-packages\django\test\utils.py first seen with mtime 1630394098.0207112
File C:\Users\Dell\AppData\Local\Programs\Python\Python37\Lib\asyncio\futures.py first seen with mtime 1571074452.0
File C:\Users\Dell\AppData\Local\Programs\Python\Python37\Lib\site-packages\django\views\generic\__init__.py first seen with mtime 1630394098.1445754
File C:\Users\Dell\AppData\Local\Programs\Python\Python37\Lib\inspect.py first seen with mtime 1571074452.0
File C:\Users\Dell\AppData\Local\Programs\Python\Python37\Lib\site-packages\django\http\__init__.py first seen with mtime 1630394097.9056761
File C:\Users\Dell\AppData\Local\Programs\Python\Python37\Lib\site-packages\certifi\__init__.py first seen with mtime 1632727250.7556138
File C:\Users\Dell\AppData\Local\Programs\Python\Python37\Lib\site-packages\djongo\sql2mongo\query.py first seen with mtime 1632217493.299042
File C:\Users\Dell\AppData\Local\Programs\Python\Python37\Lib\sre_parse.py first seen with mtime 1571074452.0
File C:\Users\Dell\AppData\Local\Programs\Python\Python37\Lib\site-packages\django\utils\_os.py first seen with mtime 1630394098.0301785
File C:\Users\Dell\AppData\Local\Programs\Python\Python37\Lib\asyncio\subprocess.py first seen with mtime 1571074452.0
File C:\Users\Dell\AppData\Local\Programs\Python\Python37\DLLs\select.pyd first seen with mtime 1571078538.0
File C:\Users\Dell\AppData\Local\Programs\Python\Python37\Lib\site-packages\pymongo\message.py first seen with mtime 1632217492.4171295
File C:\Users\Dell\AppData\Local\Programs\Python\Python37\Lib\email\_policybase.py first seen with mtime 1571074452.0
File C:\Users\Dell\AppData\Local\Programs\Python\Python37\Lib\site-packages\django\db\backends\base\operations.py first seen with mtime 1630394097.706964
File C:\Users\Dell\AppData\Local\Programs\Python\Python37\Lib\site-packages\django\template\loaders\app_directories.py first seen with mtime 1630394097.991451
File C:\Users\Dell\AppData\Local\Programs\Python\Python37\Lib\site-packages\rest_framework\schemas\__init__.py first seen with mtime 1632136961.998257
File C:\Users\Dell\AppData\Local\Programs\Python\Python37\Lib\site-packages\django\utils\http.py first seen with mtime 1630394098.102384
File C:\Users\Dell\AppData\Local\Programs\Python\Python37\Lib\site-packages\django\utils\numberformat.py first seen with mtime 1630394098.111206
File C:\Users\Dell\AppData\Local\Programs\Python\Python37\Lib\site-packages\django\db\models\fields\mixins.py first seen with mtime 1630394097.8154886
File C:\Users\Dell\AppData\Local\Programs\Python\Python37\Lib\site-packages\bson\objectid.py first seen with mtime 1632217492.3682313
File C:\Users\Dell\AppData\Local\Programs\Python\Python37\Lib\site-packages\djongo\base.py first seen with mtime 1632217493.1480243
File C:\Users\Dell\AppData\Local\Programs\Python\Python37\Lib\site-packages\urllib3\util\wait.py first seen with mtime 1632727249.7706463
File C:\Users\Dell\AppData\Local\Programs\Python\Python37\Lib\site-packages\rest_framework\status.py first seen with mtime 1632136961.883163
File C:\Users\Dell\AppData\Local\Programs\Python\Python37\Lib\site-packages\django\core\servers\__init__.py first seen with mtime 1630394097.6736383
File C:\Users\Dell\AppData\Local\Programs\Python\Python37\Lib\site-packages\django\core\management\base.py first seen with mtime 1630394097.6178255
File C:\Users\Dell\AppData\Local\Programs\Python\Python37\Lib\site-packages\django\core\management\commands\runserver.py first seen with mtime 1630394097.6393752
File C:\Users\Dell\AppData\Local\Programs\Python\Python37\Lib\site-packages\django\template\__init__.py first seen with mtime 1630394097.9580507
File C:\Users\Dell\AppData\Local\Programs\Python\Python37\Lib\site-packages\django\contrib\contenttypes\fields.py first seen with mtime 1630394090.9896998
File C:\Users\Dell\AppData\Local\Programs\Python\Python37\Lib\site-packages\coreapi\codecs\base.py first seen with mtime 1632911228.445999
File C:\Users\Dell\AppData\Local\Programs\Python\Python37\Lib\site-packages\rest_framework\utils\formatting.py first seen with mtime 1632136962.1311898
File C:\Users\Dell\AppData\Local\Programs\Python\Python37\Lib\site-packages\pymongo\operations.py first seen with mtime 1632217492.430058
File C:\Users\Dell\AppData\Local\Programs\Python\Python37\Lib\site-packages\django\dispatch\dispatcher.py first seen with mtime 1630394097.837826
File C:\Users\Dell\AppData\Local\Programs\Python\Python37\Lib\site-packages\requests\__version__.py first seen with mtime 1632727251.210828
File C:\Users\Dell\AppData\Local\Programs\Python\Python37\Lib\site-packages\django\contrib\contenttypes\models.py first seen with mtime 1630394090.9926918
File C:\Users\Dell\AppData\Local\Programs\Python\Python37\Lib\site-packages\django\contrib\messages\__init__.py first seen with mtime 1630394094.2008696
File C:\Users\Dell\AppData\Local\Programs\Python\Python37\Lib\site-packages\click\__init__.py first seen with mtime 1575469996.4714377
File C:\Users\Dell\AppData\Local\Programs\Python\Python37\Lib\site-packages\rest_framework\utils\urls.py first seen with mtime 1632136962.140205
File C:\Users\Dell\AppData\Local\Programs\Python\Python37\Lib\xml\__init__.py first seen with mtime 1571074454.0
File C:\Users\Dell\AppData\Local\Programs\Python\Python37\Lib\site-packages\django\core\checks\model_checks.py first seen with mtime 1630394097.5420635
File C:\Users\Dell\AppData\Local\Programs\Python\Python37\Lib\site-packages\django\views\static.py first seen with mtime 1630394098.1302536
File C:\Users\Dell\AppData\Local\Programs\Python\Python37\Lib\quopri.py first seen with mtime 1571074452.0
File C:\Users\Dell\AppData\Local\Programs\Python\Python37\Lib\site-packages\urllib3\_version.py first seen with mtime 1632727249.728343
File C:\Users\Dell\AppData\Local\Programs\Python\Python37\Lib\site-packages\rest_framework\utils\mediatypes.py first seen with mtime 1632136962.1351805
File C:\Users\Dell\AppData\Local\Programs\Python\Python37\Lib\site-packages\django\contrib\staticfiles\__init__.py first seen with mtime 1630394096.2084951
File C:\Users\Dell\AppData\Local\Programs\Python\Python37\Lib\site-packages\django\utils\regex_helper.py first seen with mtime 1630394098.112223
File C:\Users\Dell\AppData\Local\Programs\Python\Python37\Lib\urllib\response.py first seen with mtime 1571074454.0
File C:\Users\Dell\AppData\Local\Programs\Python\Python37\Lib\site-packages\urllib3\request.py first seen with mtime 1632727249.7397163
File C:\Users\Dell\AppData\Local\Programs\Python\Python37\Lib\site-packages\rest_framework\utils\breadcrumbs.py first seen with mtime 1632136962.1272008
File C:\Users\Dell\AppData\Local\Programs\Python\Python37\Lib\site-packages\django\test\__init__.py first seen with mtime 1630394098.0095394
File C:\Users\Dell\AppData\Local\Programs\Python\Python37\Lib\importlib\util.py first seen with mtime 1571074452.0
File C:\Users\Dell\AppData\Local\Programs\Python\Python37\Lib\site-packages\pymongo\son_manipulator.py first seen with mtime 1632217492.4491737
File C:\Users\Dell\AppData\Local\Programs\Python\Python37\Lib\glob.py first seen with mtime 1571074452.0
File C:\Users\Dell\AppData\Local\Programs\Python\Python37\Lib\site-packages\pymongo\encryption_options.py first seen with mtime 1632217492.4091156
File C:\Users\Dell\AppData\Local\Programs\Python\Python37\Lib\site-packages\django\template\base.py first seen with mtime 1630394097.9601057
File C:\Users\Dell\AppData\Local\Programs\Python\Python37\Lib\genericpath.py first seen with mtime 1571074452.0
File C:\Users\Dell\AppData\Local\Programs\Python\Python37\Lib\site-packages\ruamel\yaml\anchor.py first seen with mtime 1632911227.4618537
File C:\Users\Dell\AppData\Local\Programs\Python\Python37\Lib\site-packages\coreapi\codecs\__init__.py first seen with mtime 1632911228.445999
File C:\Users\Dell\AppData\Local\Programs\Python\Python37\Lib\site-packages\coreapi\codecs\display.py first seen with mtime 1632911228.46162
File C:\Users\Dell\AppData\Local\Programs\Python\Python37\Lib\site-packages\django\db\migrations\operations\special.py first seen with mtime 1630394097.7926252
File C:\Users\Dell\AppData\Local\Programs\Python\Python37\Lib\site-packages\bson\binary.py first seen with mtime 1632217492.3592472
File C:\Users\Dell\AppData\Local\Programs\Python\Python37\Lib\site-packages\sqlparse\lexer.py first seen with mtime 1632217491.955661
File C:\Users\Dell\AppData\Local\Programs\Python\Python37\Lib\site-packages\coreschema\formats.py first seen with mtime 1632911227.1807501
File C:\Users\Dell\AppData\Local\Programs\Python\Python37\Lib\site-packages\django\views\decorators\common.py first seen with mtime 1630394098.1340058
File C:\Users\Dell\AppData\Local\Programs\Python\Python37\Lib\site-packages\sqlparse\exceptions.py first seen with mtime 1632217491.9526646
File C:\Users\Dell\AppData\Local\Programs\Python\Python37\Lib\site-packages\bson\code.py first seen with mtime 1632217492.3592472
File C:\Users\Dell\AppData\Local\Programs\Python\Python37\Lib\email\charset.py first seen with mtime 1571074452.0
File C:\Users\Dell\AppData\Local\Programs\Python\Python37\Lib\site-packages\pymongo\server_api.py first seen with mtime 1632217492.4430237
File C:\Users\Dell\AppData\Local\Programs\Python\Python37\Lib\site-packages\urllib3\util\ssltransport.py first seen with mtime 1632727249.7686503
File C:\Users\Dell\AppData\Local\Programs\Python\Python37\Lib\importlib\resources.py first seen with mtime 1571074452.0
File C:\Users\Dell\AppData\Local\Programs\Python\Python37\Lib\site-packages\django\forms\forms.py first seen with mtime 1630394097.842984
File C:\Users\Dell\AppData\Local\Programs\Python\Python37\Lib\site-packages\rest_framework\schemas\generators.py first seen with mtime 1632136962.0002518
File C:\Users\Dell\AppData\Local\Programs\Python\Python37\Lib\site-packages\django\db\migrations\operations\fields.py first seen with mtime 1630394097.7902944
File C:\Users\Dell\AppData\Local\Programs\Python\Python37\Lib\site-packages\drf_yasg\openapi.py first seen with mtime 1632911228.7187393
File C:\Users\Dell\AppData\Local\Programs\Python\Python37\Lib\site-packages\django\contrib\admin\filters.py first seen with mtime 1630394085.2924504
File C:\Users\Dell\AppData\Local\Programs\Python\Python37\Lib\site-packages\ruamel\yaml\util.py first seen with mtime 1632911227.5087163
File C:\Users\Dell\AppData\Local\Programs\Python\Python37\Lib\distutils\version.py first seen with mtime 1571074452.0
File C:\Users\Dell\AppData\Local\Programs\Python\Python37\Lib\zipfile.py first seen with mtime 1571074454.0
File C:\Users\Dell\AppData\Local\Programs\Python\Python37\Lib\site-packages\django\contrib\staticfiles\views.py first seen with mtime 1630394096.2323184
File C:\Users\Dell\AppData\Local\Programs\Python\Python37\Lib\site-packages\django\contrib\sites\shortcuts.py first seen with mtime 1630394095.8958569
File C:\Users\Dell\AppData\Local\Programs\Python\Python37\Lib\site-packages\django\urls\base.py first seen with mtime 1630394098.02273
File C:\Users\Dell\AppData\Local\Programs\Python\Python37\Lib\site-packages\django\db\models\functions\datetime.py first seen with mtime 1630394097.8236306
File C:\Users\Dell\AppData\Local\Programs\Python\Python37\Lib\site-packages\djongo\sql2mongo\sql_tokens.py first seen with mtime 1632217493.3010356
File C:\Users\Dell\AppData\Local\Programs\Python\Python37\Lib\site-packages\rest_framework\utils\humanize_datetime.py first seen with mtime 1632136962.1332245
File C:\Users\Dell\AppData\Local\Programs\Python\Python37\Lib\site-packages\rest_framework\fields.py first seen with mtime 1632136961.866208
File C:\Users\Dell\AppData\Local\Programs\Python\Python37\Lib\site-packages\pymongo\_cmessage.cp37-win_amd64.pyd first seen with mtime 1632217492.3811905
File C:\Users\Dell\AppData\Local\Programs\Python\Python37\Lib\operator.py first seen with mtime 1571074452.0
File C:\Users\Dell\AppData\Local\Programs\Python\Python37\Lib\asyncio\windows_events.py first seen with mtime 1571074452.0
File C:\Users\Dell\AppData\Local\Programs\Python\Python37\Lib\importlib\__init__.py first seen with mtime 1571074452.0
File C:\Users\Dell\AppData\Local\Programs\Python\Python37\Lib\site-packages\pymongo\max_staleness_selectors.py first seen with mtime 1632217492.416134
File C:\Users\Dell\AppData\Local\Programs\Python\Python37\Lib\site-packages\django\template\library.py first seen with mtime 1630394097.9687026
File C:\Users\Dell\AppData\Local\Programs\Python\Python37\Lib\html\__init__.py first seen with mtime 1571074452.0
File C:\Users\Dell\AppData\Local\Programs\Python\Python37\Lib\site-packages\django\core\checks\async_checks.py first seen with mtime 1630394097.5289369
File C:\Users\Dell\AppData\Local\Programs\Python\Python37\Lib\site-packages\rest_framework\generics.py first seen with mtime 1632136961.8682022
File C:\Users\Dell\AppData\Local\Programs\Python\Python37\Lib\asyncio\format_helpers.py first seen with mtime 1571074452.0
File C:\Users\Dell\AppData\Local\Programs\Python\Python37\Lib\site-packages\rest_framework\permissions.py first seen with mtime 1632136961.874186
File C:\Users\Dell\AppData\Local\Programs\Python\Python37\Lib\signal.py first seen with mtime 1571074452.0
File C:\Users\Dell\AppData\Local\Programs\Python\Python37\Lib\site-packages\djongo\sql2mongo\functions.py first seen with mtime 1632217493.294054
File C:\Users\Dell\AppData\Local\Programs\Python\Python37\Lib\email\quoprimime.py first seen with mtime 1571074452.0
File C:\Users\Dell\AppData\Local\Programs\Python\Python37\Lib\site-packages\drf_yasg\inspectors\base.py first seen with mtime 1632911228.7267215
File C:\Users\Dell\AppData\Local\Programs\Python\Python37\Lib\site-packages\django\utils\deconstruct.py first seen with mtime 1630394098.0571578
File C:\Users\Dell\AppData\Local\Programs\Python\Python37\Lib\ctypes\wintypes.py first seen with mtime 1571074452.0
File C:\Users\Dell\AppData\Local\Programs\Python\Python37\Lib\site-packages\charset_normalizer\api.py first seen with mtime 1632727250.2667403
File C:\Users\Dell\AppData\Local\Programs\Python\Python37\Lib\site-packages\django\core\serializers\python.py first seen with mtime 1630394097.6574047
File C:\Users\Dell\AppData\Local\Programs\Python\Python37\Lib\site-packages\django\contrib\auth\management\__init__.py first seen with mtime 1630394090.953796
File C:\Users\Dell\AppData\Local\Programs\Python\Python37\Lib\site-packages\uritemplate\template.py first seen with mtime 1632911226.6964068
File C:\Users\Dell\AppData\Local\Programs\Python\Python37\Lib\http\server.py first seen with mtime 1571074452.0
File C:\Users\Dell\AppData\Local\Programs\Python\Python37\Lib\email\mime\__init__.py first seen with mtime 1571074452.0
File C:\Users\Dell\AppData\Local\Programs\Python\Python37\Lib\site-packages\pymongo\server_description.py first seen with mtime 1632217492.444021
File C:\Users\Dell\AppData\Local\Programs\Python\Python37\Lib\site-packages\django\core\management\__init__.py first seen with mtime 1630394097.6162853
File C:\Users\Dell\AppData\Local\Programs\Python\Python37\Lib\site-packages\django\core\exceptions.py first seen with mtime 1630394097.4678278
File C:\Users\Dell\AppData\Local\Programs\Python\Python37\Lib\site-packages\jinja2\idtracking.py first seen with mtime 1575470017.7031534
File C:\Users\Dell\AppData\Local\Programs\Python\Python37\Lib\site-packages\sqlparse\engine\__init__.py first seen with mtime 1632217491.9596484
File C:\Users\Dell\AppData\Local\Programs\Python\Python37\Lib\site-packages\django\forms\renderers.py first seen with mtime 1630394097.8465254
File C:\Users\Dell\AppData\Local\Programs\Python\Python37\Lib\site-packages\pkg_resources\_vendor\packaging\version.py first seen with mtime 1575469793.5472744
File C:\Users\Dell\AppData\Local\Programs\Python\Python37\Lib\site-packages\pymongo\ismaster.py first seen with mtime 1632217492.4150982
File C:\Users\Dell\AppData\Local\Programs\Python\Python37\Lib\site-packages\django\contrib\contenttypes\views.py first seen with mtime 1630394090.9946864
File C:\Users\Dell\AppData\Local\Programs\Python\Python37\Lib\site-packages\django\db\utils.py first seen with mtime 1630394097.6772044
File C:\Users\Dell\AppData\Local\Programs\Python\Python37\Lib\site-packages\drf_yasg\inspectors\__init__.py first seen with mtime 1632911228.7247229
File C:\Users\Dell\AppData\Local\Programs\Python\Python37\Lib\site-packages\django\db\backends\base\validation.py first seen with mtime 1630394097.709958
File C:\Users\Dell\AppData\Local\Programs\Python\Python37\Lib\site-packages\django\core\checks\translation.py first seen with mtime 1630394097.5570633
File C:\Users\Dell\AppData\Local\Programs\Python\Python37\Lib\site-packages\pytz\lazy.py first seen with mtime 1630394083.749683
File C:\Users\Dell\AppData\Local\Programs\Python\Python37\Lib\site-packages\django\contrib\admin\widgets.py first seen with mtime 1630394085.2994316
File C:\Users\Dell\AppData\Local\Programs\Python\Python37\Lib\_compat_pickle.py first seen with mtime 1571074452.0
File C:\Users\Dell\AppData\Local\Programs\Python\Python37\Lib\site-packages\django\db\models\sql\where.py first seen with mtime 1630394097.8356912
File C:\Users\Dell\AppData\Local\Programs\Python\Python37\Lib\site-packages\jinja2\__init__.py first seen with mtime 1575470017.6757932
File C:\Users\Dell\AppData\Local\Programs\Python\Python37\Lib\uuid.py first seen with mtime 1571074454.0
File C:\Users\Dell\AppData\Local\Programs\Python\Python37\Lib\site-packages\django\contrib\admin\views\__init__.py first seen with mtime 1630394090.117263
File C:\Users\Dell\AppData\Local\Programs\Python\Python37\Lib\concurrent\futures\_base.py first seen with mtime 1571074452.0
File C:\Users\Dell\AppData\Local\Programs\Python\Python37\Lib\site-packages\django\urls\__init__.py first seen with mtime 1630394098.0217302
File C:\Users\Dell\AppData\Local\Programs\Python\Python37\Lib\secrets.py first seen with mtime 1571074452.0
File C:\Users\Dell\AppData\Local\Programs\Python\Python37\Lib\site-packages\django\db\backends\base\base.py first seen with mtime 1630394097.6827261
File C:\Users\Dell\AppData\Local\Programs\Python\Python37\Lib\site-packages\urllib3\poolmanager.py first seen with mtime 1632727249.7387195
File C:\Users\Dell\AppData\Local\Programs\Python\Python37\Lib\site-packages\pymongo\write_concern.py first seen with mtime 1632217492.4610238
File C:\Users\Dell\AppData\Local\Programs\Python\Python37\Lib\site-packages\requests\structures.py first seen with mtime 1632727251.2505045
File C:\Users\Dell\AppData\Local\Programs\Python\Python37\Lib\_compression.py first seen with mtime 1571074452.0
File C:\Users\Dell\AppData\Local\Programs\Python\Python37\Lib\site-packages\charset_normalizer\legacy.py first seen with mtime 1632727250.267833
File C:\Users\Dell\AppData\Local\Programs\Python\Python37\Lib\site-packages\django\contrib\admin\decorators.py first seen with mtime 1630394085.290454
File C:\Users\Dell\AppData\Local\Programs\Python\Python37\Lib\site-packages\bson\son.py first seen with mtime 1632217492.3732092
File C:\Users\Dell\PycharmProjects\PaginationExample\api\apps.py first seen with mtime 1632894990.4303675
File C:\Users\Dell\AppData\Local\Programs\Python\Python37\Lib\site-packages\pymongo\srv_resolver.py first seen with mtime 1632217492.450027
File C:\Users\Dell\AppData\Local\Programs\Python\Python37\Lib\urllib\error.py first seen with mtime 1571074454.0
File C:\Users\Dell\AppData\Local\Programs\Python\Python37\Lib\site-packages\django\core\management\sql.py first seen with mtime 1630394097.6207397
File C:\Users\Dell\AppData\Local\Programs\Python\Python37\DLLs\_socket.pyd first seen with mtime 1571078544.0
File C:\Users\Dell\AppData\Local\Programs\Python\Python37\Lib\site-packages\ruamel\yaml\events.py first seen with mtime 1632911227.4774735
File C:\Users\Dell\AppData\Local\Programs\Python\Python37\Lib\_sitebuiltins.py first seen with mtime 1571074452.0
File C:\Users\Dell\AppData\Local\Programs\Python\Python37\Lib\site-packages\pymongo\pool.py first seen with mtime 1632217492.4320538
File C:\Users\Dell\AppData\Local\Programs\Python\Python37\Lib\site-packages\djongo\introspection.py first seen with mtime 1632217493.165974
File C:\Users\Dell\AppData\Local\Programs\Python\Python37\Lib\site-packages\django\utils\formats.py first seen with mtime 1630394098.0975194
File C:\Users\Dell\AppData\Local\Programs\Python\Python37\Lib\site-packages\django\core\servers\basehttp.py first seen with mtime 1630394097.6746595
File C:\Users\Dell\AppData\Local\Programs\Python\Python37\Lib\site-packages\django\core\files\uploadhandler.py first seen with mtime 1630394097.5922747
File C:\Users\Dell\AppData\Local\Programs\Python\Python37\Lib\site-packages\django\core\validators.py first seen with mtime 1630394097.4921427
File C:\Users\Dell\AppData\Local\Programs\Python\Python37\Lib\site-packages\django\utils\version.py first seen with mtime 1630394098.1196933
File C:\Users\Dell\AppData\Local\Programs\Python\Python37\Lib\asyncio\constants.py first seen with mtime 1571074452.0
File C:\Users\Dell\AppData\Local\Programs\Python\Python37\Lib\site-packages\bson\dbref.py first seen with mtime 1632217492.3622391
File C:\Users\Dell\AppData\Local\Programs\Python\Python37\Lib\site-packages\django\db\backends\base\schema.py first seen with mtime 1630394097.7089615
File C:\Users\Dell\AppData\Local\Programs\Python\Python37\Lib\site-packages\rest_framework\utils\model_meta.py first seen with mtime 1632136962.1371763
File C:\Users\Dell\AppData\Local\Programs\Python\Python37\Lib\site-packages\requests\hooks.py first seen with mtime 1632727251.2375388
File C:\Users\Dell\AppData\Local\Programs\Python\Python37\Lib\re.py first seen with mtime 1571074452.0
File C:\Users\Dell\AppData\Local\Programs\Python\Python37\Lib\site-packages\ruamel\yaml\cyaml.py first seen with mtime 1632911227.4618537
File C:\Users\Dell\AppData\Local\Programs\Python\Python37\Lib\site-packages\django\forms\__init__.py first seen with mtime 1630394097.8397305
File C:\Users\Dell\AppData\Local\Programs\Python\Python37\Lib\site-packages\django\template\backends\__init__.py first seen with mtime 1630394097.9737434
File C:\Users\Dell\AppData\Local\Programs\Python\Python37\Lib\site-packages\django\templatetags\i18n.py first seen with mtime 1630394098.0059566
File C:\Users\Dell\AppData\Local\Programs\Python\Python37\Lib\site-packages\django\urls\utils.py first seen with mtime 1630394098.0284731
File C:\Users\Dell\AppData\Local\Programs\Python\Python37\Lib\site-packages\urllib3\util\__init__.py first seen with mtime 1632727249.7586663
File C:\Users\Dell\PycharmProjects\PaginationExample\api\views.py first seen with mtime 1632896895.6626897
File C:\Users\Dell\AppData\Local\Programs\Python\Python37\Lib\site-packages\charset_normalizer\utils.py first seen with mtime 1632727250.287884
File C:\Users\Dell\AppData\Local\Programs\Python\Python37\Lib\site-packages\urllib3\exceptions.py first seen with mtime 1632727249.7337315
File C:\Users\Dell\AppData\Local\Programs\Python\Python37\Lib\site-packages\django\db\backends\base\features.py first seen with mtime 1630394097.6963325
File C:\Users\Dell\AppData\Local\Programs\Python\Python37\Lib\site-packages\django\template\backends\django.py first seen with mtime 1630394097.9757373
File C:\Users\Dell\AppData\Local\Programs\Python\Python37\Lib\site-packages\ruamel\yaml\tokens.py first seen with mtime 1632911227.493095
File C:\Users\Dell\AppData\Local\Programs\Python\Python37\Lib\site-packages\bson\py3compat.py first seen with mtime 1632217492.3692195
File C:\Users\Dell\AppData\Local\Programs\Python\Python37\Lib\site-packages\pymongo\socket_checker.py first seen with mtime 1632217492.4481845
File C:\Users\Dell\AppData\Local\Programs\Python\Python37\Lib\site-packages\django\core\checks\security\csrf.py first seen with mtime 1630394097.5639927
File C:\Users\Dell\AppData\Local\Programs\Python\Python37\Lib\site-packages\urllib3\util\url.py first seen with mtime 1632727249.7696579
File C:\Users\Dell\AppData\Local\Programs\Python\Python37\Lib\site-packages\pymongo\collection.py first seen with mtime 1632217492.397146
File C:\Users\Dell\AppData\Local\Programs\Python\Python37\Lib\site-packages\drf_yasg\inspectors\field.py first seen with mtime 1632911228.7287154
File C:\Users\Dell\AppData\Local\Programs\Python\Python37\Lib\email\utils.py first seen with mtime 1571074452.0
File C:\Users\Dell\AppData\Local\Programs\Python\Python37\Lib\site-packages\django\utils\dateparse.py first seen with mtime 1630394098.0551605
File C:\Users\Dell\AppData\Local\Programs\Python\Python37\Lib\site-packages\django\contrib\contenttypes\__init__.py first seen with mtime 1630394090.984713
File C:\Users\Dell\AppData\Local\Programs\Python\Python37\Lib\site-packages\django\conf\locale\__init__.py first seen with mtime 1630394084.846164
File C:\Users\Dell\AppData\Local\Programs\Python\Python37\Lib\site-packages\pymongo\change_stream.py first seen with mtime 1632217492.392161
File C:\Users\Dell\AppData\Local\Programs\Python\Python37\Lib\site-packages\sqlparse\cli.py first seen with mtime 1632217491.9506702
File C:\Users\Dell\AppData\Local\Programs\Python\Python37\Lib\site-packages\pymongo\mongo_client.py first seen with mtime 1632217492.4191203
File C:\Users\Dell\AppData\Local\Programs\Python\Python37\Lib\site-packages\django\test\client.py first seen with mtime 1630394098.01054
File C:\Users\Dell\AppData\Local\Programs\Python\Python37\Lib\site-packages\django\contrib\admin\templatetags\admin_list.py first seen with mtime 1630394090.1134665
File C:\Users\Dell\AppData\Local\Programs\Python\Python37\Lib\site-packages\pymongo\server_type.py first seen with mtime 1632217492.4461796
File C:\Users\Dell\AppData\Local\Programs\Python\Python37\Lib\site-packages\django\template\utils.py first seen with mtime 1630394097.9727454
File C:\Users\Dell\AppData\Local\Programs\Python\Python37\Lib\site-packages\django\db\migrations\migration.py first seen with mtime 1630394097.7807672
File C:\Users\Dell\AppData\Local\Programs\Python\Python37\Lib\site-packages\django\db\backends\ddl_references.py first seen with mtime 1630394097.6792302
File C:\Users\Dell\AppData\Local\Programs\Python\Python37\Lib\encodings\aliases.py first seen with mtime 1571074452.0
File C:\Users\Dell\AppData\Local\Programs\Python\Python37\Lib\site-packages\django\db\models\functions\window.py first seen with mtime 1630394097.8279333
File C:\Users\Dell\AppData\Local\Programs\Python\Python37\Lib\site-packages\django\forms\boundfield.py first seen with mtime 1630394097.8407307
File C:\Users\Dell\AppData\Local\Programs\Python\Python37\Lib\site-packages\bson\tz_util.py first seen with mtime 1632217492.3752172
File C:\Users\Dell\AppData\Local\Programs\Python\Python37\Lib\site-packages\django\contrib\contenttypes\management\__init__.py first seen with mtime 1630394092.442374
File C:\Users\Dell\AppData\Local\Programs\Python\Python37\Lib\site-packages\django\views\debug.py first seen with mtime 1630394098.1283293
File C:\Users\Dell\AppData\Local\Programs\Python\Python37\Lib\site-packages\ruamel\yaml\nodes.py first seen with mtime 1632911227.4774735
File C:\Users\Dell\AppData\Local\Programs\Python\Python37\Lib\site-packages\ruamel\yaml\main.py first seen with mtime 1632911227.4774735
File C:\Users\Dell\AppData\Local\Programs\Python\Python37\Lib\site-packages\django\contrib\admin\templatetags\base.py first seen with mtime 1630394090.1150694
File C:\Users\Dell\AppData\Local\Programs\Python\Python37\Lib\site-packages\django\db\models\fields\__init__.py first seen with mtime 1630394097.8120856
File C:\Users\Dell\AppData\Local\Programs\Python\Python37\Lib\site-packages\jinja2\defaults.py first seen with mtime 1575470017.6943393
File C:\Users\Dell\AppData\Local\Programs\Python\Python37\Lib\random.py first seen with mtime 1571074452.0
File C:\Users\Dell\AppData\Local\Programs\Python\Python37\Lib\asyncio\selector_events.py first seen with mtime 1571074452.0
File C:\Users\Dell\AppData\Local\Programs\Python\Python37\Lib\site-packages\idna\core.py first seen with mtime 1632727250.028221
File C:\Users\Dell\AppData\Local\Programs\Python\Python37\Lib\enum.py first seen with mtime 1571074452.0
File C:\Users\Dell\AppData\Local\Programs\Python\Python37\Lib\site-packages\sqlparse\engine\filter_stack.py first seen with mtime 1632217491.9586513
File C:\Users\Dell\AppData\Local\Programs\Python\Python37\DLLs\_decimal.pyd first seen with mtime 1571078536.0
File C:\Users\Dell\AppData\Local\Programs\Python\Python37\Lib\site-packages\rest_framework\relations.py first seen with mtime 1632136961.8751836
File C:\Users\Dell\AppData\Local\Programs\Python\Python37\Lib\site-packages\django\contrib\messages\apps.py first seen with mtime 1630394094.2028632
File C:\Users\Dell\AppData\Local\Programs\Python\Python37\Lib\tokenize.py first seen with mtime 1571074454.0
File C:\Users\Dell\AppData\Local\Programs\Python\Python37\Lib\site-packages\django\urls\conf.py first seen with mtime 1630394098.0245886
File C:\Users\Dell\AppData\Local\Programs\Python\Python37\Lib\site-packages\requests\status_codes.py first seen with mtime 1632727251.2475505
File C:\Users\Dell\AppData\Local\Programs\Python\Python37\Lib\uu.py first seen with mtime 1571074454.0
File C:\Users\Dell\AppData\Local\Programs\Python\Python37\Lib\http\cookiejar.py first seen with mtime 1571074452.0
File C:\Users\Dell\AppData\Local\Programs\Python\Python37\Lib\site-packages\bson\int64.py first seen with mtime 1632217492.365232
File C:\Users\Dell\AppData\Local\Programs\Python\Python37\Lib\site-packages\django\core\checks\__init__.py first seen with mtime 1630394097.5263512
File C:\Users\Dell\AppData\Local\Programs\Python\Python37\Lib\site-packages\ruamel\yaml\error.py first seen with mtime 1632911227.4774735
File C:\Users\Dell\AppData\Local\Programs\Python\Python37\Lib\site-packages\django\db\models\aggregates.py first seen with mtime 1630394097.7966902
File C:\Users\Dell\AppData\Local\Programs\Python\Python37\Lib\site-packages\pymongo\helpers.py first seen with mtime 1632217492.4140997
File C:\Users\Dell\AppData\Local\Programs\Python\Python37\Lib\site-packages\django\views\decorators\csrf.py first seen with mtime 1630394098.1376965
File C:\Users\Dell\AppData\Local\Programs\Python\Python37\Lib\site-packages\urllib3\util\request.py first seen with mtime 1632727249.7636545
File C:\Users\Dell\AppData\Local\Programs\Python\Python37\Lib\site-packages\rest_framework\templatetags\rest_framework.py first seen with mtime 1632136962.125206
File C:\Users\Dell\AppData\Local\Programs\Python\Python37\Lib\site-packages\django\template\loaders\base.py first seen with mtime 1630394097.9977179
File C:\Users\Dell\AppData\Local\Programs\Python\Python37\Lib\site-packages\djongo\database.py first seen with mtime 1632217493.161998
File C:\Users\Dell\AppData\Local\Programs\Python\Python37\DLLs\_hashlib.pyd first seen with mtime 1571078556.0
File C:\Users\Dell\AppData\Local\Programs\Python\Python37\Lib\site-packages\pymongo\auth.py first seen with mtime 1632217492.3891695
File C:\Users\Dell\AppData\Local\Programs\Python\Python37\Lib\email\mime\text.py first seen with mtime 1571074452.0
File C:\Users\Dell\AppData\Local\Programs\Python\Python37\Lib\site-packages\django\template\loader.py first seen with mtime 1630394097.9697516
File C:\Users\Dell\AppData\Local\Programs\Python\Python37\Lib\site-packages\pkg_resources\_vendor\packaging\__about__.py first seen with mtime 1575469793.5414197
File C:\Users\Dell\PycharmProjects\PaginationExample\manage.py first seen with mtime 1632894953.3667407
File C:\Users\Dell\AppData\Local\Programs\Python\Python37\Lib\site-packages\pymongo\monitoring.py first seen with mtime 1632217492.4240744
File C:\Users\Dell\AppData\Local\Programs\Python\Python37\Lib\site-packages\pymongo\uri_parser.py first seen with mtime 1632217492.4600577
File C:\Users\Dell\AppData\Local\Programs\Python\Python37\Lib\site-packages\ruamel\yaml\scalarbool.py first seen with mtime 1632911227.493095
File C:\Users\Dell\AppData\Local\Programs\Python\Python37\Lib\typing.py first seen with mtime 1571074454.0
File C:\Users\Dell\AppData\Local\Programs\Python\Python37\Lib\site-packages\django\contrib\admin\templatetags\log.py first seen with mtime 1630394090.1160688
File C:\Users\Dell\AppData\Local\Programs\Python\Python37\Lib\site-packages\django\templatetags\static.py first seen with mtime 1630394098.006954
File C:\Users\Dell\AppData\Local\Programs\Python\Python37\Lib\site-packages\drf_yasg\__init__.py first seen with mtime 1632911228.707929
File C:\Users\Dell\AppData\Local\Programs\Python\Python37\Lib\site-packages\django\contrib\auth\admin.py first seen with mtime 1630394090.4577034
File C:\Users\Dell\AppData\Local\Programs\Python\Python37\Lib\site-packages\django\apps\registry.py first seen with mtime 1630394084.8336456
File C:\Users\Dell\AppData\Local\Programs\Python\Python37\Lib\site-packages\pkg_resources\py31compat.py first seen with mtime 1575469793.53654
File C:\Users\Dell\AppData\Local\Programs\Python\Python37\Lib\site-packages\django\contrib\admin\__init__.py first seen with mtime 1630394085.2718875
File C:\Users\Dell\AppData\Local\Programs\Python\Python37\Lib\site-packages\inflection\__init__.py first seen with mtime 1632911228.2741666
File C:\Users\Dell\AppData\Local\Programs\Python\Python37\Lib\site-packages\django\core\mail\message.py first seen with mtime 1630394097.603583
File C:\Users\Dell\AppData\Local\Programs\Python\Python37\Lib\site-packages\django\utils\timezone.py first seen with mtime 1630394098.1166706
File C:\Users\Dell\AppData\Local\Programs\Python\Python37\Lib\site-packages\django\contrib\auth\forms.py first seen with mtime 1630394090.4656832
File C:\Users\Dell\AppData\Local\Programs\Python\Python37\Lib\site-packages\django\core\signals.py first seen with mtime 1630394097.4768238
File C:\Users\Dell\AppData\Local\Programs\Python\Python37\Lib\datetime.py first seen with mtime 1571074452.0
File C:\Users\Dell\AppData\Local\Programs\Python\Python37\Lib\asyncio\locks.py first seen with mtime 1571074452.0
File C:\Users\Dell\AppData\Local\Programs\Python\Python37\Lib\asyncio\events.py first seen with mtime 1571074452.0
File C:\Users\Dell\AppData\Local\Programs\Python\Python37\Lib\site-packages\django\core\cache\backends\base.py first seen with mtime 1630394097.507128
File C:\Users\Dell\AppData\Local\Programs\Python\Python37\Lib\site-packages\django\core\checks\security\sessions.py first seen with mtime 1630394097.565242
File C:\Users\Dell\AppData\Local\Programs\Python\Python37\Lib\site-packages\ruamel\yaml\scalarstring.py first seen with mtime 1632911227.493095
File C:\Users\Dell\AppData\Local\Programs\Python\Python37\Lib\asyncio\base_subprocess.py first seen with mtime 1571074452.0
File C:\Users\Dell\AppData\Local\Programs\Python\Python37\Lib\site-packages\pymongo\read_preferences.py first seen with mtime 1632217492.4350536
File C:\Users\Dell\AppData\Local\Programs\Python\Python37\Lib\asyncio\transports.py first seen with mtime 1571074452.0
File C:\Users\Dell\AppData\Local\Programs\Python\Python37\Lib\site-packages\django\db\migrations\operations\utils.py first seen with mtime 1630394097.794093
File C:\Users\Dell\AppData\Local\Programs\Python\Python37\Lib\site-packages\django\core\management\color.py first seen with mtime 1630394097.6193838
File C:\Users\Dell\AppData\Local\Programs\Python\Python37\Lib\site-packages\django\contrib\auth\tokens.py first seen with mtime 1630394090.4736607
File C:\Users\Dell\AppData\Local\Programs\Python\Python37\Lib\site-packages\django\db\models\enums.py first seen with mtime 1630394097.8020504
File C:\Users\Dell\PycharmProjects\PaginationExample\api\models.py first seen with mtime 1632895292.2955945
File C:\Users\Dell\AppData\Local\Programs\Python\Python37\Lib\site-packages\pymongo\__init__.py first seen with mtime 1632217492.3791928
File C:\Users\Dell\AppData\Local\Programs\Python\Python37\Lib\site-packages\django\contrib\admin\options.py first seen with mtime 1630394085.2964401
File C:\Users\Dell\AppData\Local\Programs\Python\Python37\Lib\site-packages\django\template\defaultfilters.py first seen with mtime 1630394097.9638846
File C:\Users\Dell\AppData\Local\Programs\Python\Python37\Lib\site-packages\django\test\signals.py first seen with mtime 1630394098.018089
File C:\Users\Dell\AppData\Local\Programs\Python\Python37\Lib\site-packages\django\contrib\sessions\apps.py first seen with mtime 1630394095.5721362
File C:\Users\Dell\AppData\Local\Programs\Python\Python37\Lib\fnmatch.py first seen with mtime 1571074452.0
File C:\Users\Dell\AppData\Local\Programs\Python\Python37\Lib\site-packages\pkg_resources\_vendor\six.py first seen with mtime 1575469793.5404437
File C:\Users\Dell\AppData\Local\Programs\Python\Python37\Lib\site-packages\drf_yasg\views.py first seen with mtime 1632911228.7227287
File C:\Users\Dell\AppData\Local\Programs\Python\Python37\Lib\xml\parsers\__init__.py first seen with mtime 1571074454.0
File C:\Users\Dell\AppData\Local\Programs\Python\Python37\Lib\asyncio\base_tasks.py first seen with mtime 1571074452.0
File C:\Users\Dell\AppData\Local\Programs\Python\Python37\Lib\site-packages\django\db\models\deletion.py first seen with mtime 1630394097.8009677
File C:\Users\Dell\AppData\Local\Programs\Python\Python37\DLLs\_bz2.pyd first seen with mtime 1571078554.0
File C:\Users\Dell\AppData\Local\Programs\Python\Python37\Lib\site-packages\pytz\exceptions.py first seen with mtime 1630394083.747695
File C:\Users\Dell\AppData\Local\Programs\Python\Python37\Lib\site-packages\urllib3\util\response.py first seen with mtime 1632727249.7646577
File C:\Users\Dell\AppData\Local\Programs\Python\Python37\Lib\site-packages\django\core\files\utils.py first seen with mtime 1630394097.5940647
File C:\Users\Dell\AppData\Local\Programs\Python\Python37\Lib\site-packages\django\template\loader_tags.py first seen with mtime 1630394097.9707515
File C:\Users\Dell\AppData\Local\Programs\Python\Python37\Lib\site-packages\sqlparse\engine\statement_splitter.py first seen with mtime 1632217491.960643
File C:\Users\Dell\AppData\Local\Programs\Python\Python37\Lib\gettext.py first seen with mtime 1571074452.0
File C:\Users\Dell\AppData\Local\Programs\Python\Python37\Lib\pickle.py first seen with mtime 1571074452.0
File C:\Users\Dell\AppData\Local\Programs\Python\Python37\Lib\site-packages\click\formatting.py first seen with mtime 1575469996.4997032
File C:\Users\Dell\AppData\Local\Programs\Python\Python37\Lib\site-packages\idna\idnadata.py first seen with mtime 1632727250.0292177
File C:\Users\Dell\AppData\Local\Programs\Python\Python37\Lib\site-packages\jinja2\utils.py first seen with mtime 1575470017.7167823
File C:\Users\Dell\AppData\Local\Programs\Python\Python37\Lib\site-packages\charset_normalizer\constant.py first seen with mtime 1632727250.267833
File C:\Users\Dell\AppData\Local\Programs\Python\Python37\Lib\site-packages\jinja2\runtime.py first seen with mtime 1575470017.7148302
File C:\Users\Dell\AppData\Local\Programs\Python\Python37\Lib\site-packages\urllib3\util\timeout.py first seen with mtime 1632727249.7686503
File C:\Users\Dell\AppData\Local\Programs\Python\Python37\Lib\string.py first seen with mtime 1571074452.0
File C:\Users\Dell\AppData\Local\Programs\Python\Python37\Lib\copy.py first seen with mtime 1571074452.0
File C:\Users\Dell\AppData\Local\Programs\Python\Python37\Lib\site-packages\bson\max_key.py first seen with mtime 1632217492.3672361
File C:\Users\Dell\AppData\Local\Programs\Python\Python37\Lib\site-packages\pymongo\settings.py first seen with mtime 1632217492.4471796
File C:\Users\Dell\AppData\Local\Programs\Python\Python37\Lib\queue.py first seen with mtime 1571074452.0
File C:\Users\Dell\AppData\Local\Programs\Python\Python37\Lib\site-packages\rest_framework\schemas\utils.py first seen with mtime 1632136962.0032575
File C:\Users\Dell\AppData\Local\Programs\Python\Python37\Lib\site-packages\django\contrib\sites\__init__.py first seen with mtime 1630394095.885849
File C:\Users\Dell\AppData\Local\Programs\Python\Python37\Lib\warnings.py first seen with mtime 1571074454.0
File C:\Users\Dell\PycharmProjects\PaginationExample\api\admin.py first seen with mtime 1632895292.3512216
File C:\Users\Dell\AppData\Local\Programs\Python\Python37\Lib\site-packages\jinja2\loaders.py first seen with mtime 1575470017.7070227
File C:\Users\Dell\AppData\Local\Programs\Python\Python37\Lib\site-packages\rest_framework\negotiation.py first seen with mtime 1632136961.8711941
File C:\Users\Dell\AppData\Local\Programs\Python\Python37\Lib\json\encoder.py first seen with mtime 1571074452.0
File C:\Users\Dell\AppData\Local\Programs\Python\Python37\Lib\dis.py first seen with mtime 1571074452.0
File C:\Users\Dell\AppData\Local\Programs\Python\Python37\Lib\site-packages\pkg_resources\_vendor\pyparsing.py first seen with mtime 1575469793.539467
File C:\Users\Dell\AppData\Local\Programs\Python\Python37\DLLs\_lzma.pyd first seen with mtime 1571078568.0
File C:\Users\Dell\AppData\Local\Programs\Python\Python37\Lib\site-packages\django\db\models\functions\text.py first seen with mtime 1630394097.8269987
File C:\Users\Dell\AppData\Local\Programs\Python\Python37\Lib\site-packages\django\utils\asyncio.py first seen with mtime 1630394098.0462255
File C:\Users\Dell\AppData\Local\Programs\Python\Python37\Lib\site-packages\django\http\cookie.py first seen with mtime 1630394097.9065063
File C:\Users\Dell\AppData\Local\Programs\Python\Python37\Lib\site-packages\django\utils\connection.py first seen with mtime 1630394098.0505986
File C:\Users\Dell\AppData\Local\Programs\Python\Python37\Lib\site-packages\jinja2\environment.py first seen with mtime 1575470017.696289
File C:\Users\Dell\AppData\Local\Programs\Python\Python37\Lib\_weakrefset.py first seen with mtime 1571074452.0
File C:\Users\Dell\PycharmProjects\PaginationExample\PaginationExample\settings.py first seen with mtime 1632988320.7464092
File C:\Users\Dell\PycharmProjects\PaginationExample\PaginationExample\__init__.py first seen with mtime 1632894953.3967583
File C:\Users\Dell\AppData\Local\Programs\Python\Python37\Lib\site-packages\ruamel\yaml\scalarint.py first seen with mtime 1632911227.493095
File C:\Users\Dell\AppData\Local\Programs\Python\Python37\Lib\site-packages\pymongo\network.py first seen with mtime 1632217492.4260705
File C:\Users\Dell\AppData\Local\Programs\Python\Python37\Lib\site-packages\django\contrib\messages\api.py first seen with mtime 1630394094.2018664
File C:\Users\Dell\AppData\Local\Programs\Python\Python37\Lib\site-packages\django\contrib\admin\views\decorators.py first seen with mtime 1630394090.1182623
File C:\Users\Dell\AppData\Local\Programs\Python\Python37\Lib\site-packages\rest_framework\schemas\views.py first seen with mtime 1632136962.004242
File C:\Users\Dell\AppData\Local\Programs\Python\Python37\Lib\site-packages\djongo\operations.py first seen with mtime 1632217493.166972
File C:\Users\Dell\AppData\Local\Programs\Python\Python37\Lib\site-packages\django\core\wsgi.py first seen with mtime 1630394097.4944334
File C:\Users\Dell\AppData\Local\Programs\Python\Python37\Lib\site-packages\django\apps\config.py first seen with mtime 1630394084.832647
File C:\Users\Dell\AppData\Local\Programs\Python\Python37\Lib\site-packages\django\contrib\admin\utils.py first seen with mtime 1630394085.298435
File C:\Users\Dell\AppData\Local\Programs\Python\Python37\Lib\shutil.py first seen with mtime 1571074452.0
File C:\Users\Dell\AppData\Local\Programs\Python\Python37\Lib\site-packages\bson\errors.py first seen with mtime 1632217492.3632357
File C:\Users\Dell\AppData\Local\Programs\Python\Python37\Lib\site-packages\sqlparse\filters\others.py first seen with mtime 1632217491.9626381
File C:\Users\Dell\AppData\Local\Programs\Python\Python37\Lib\unittest\util.py first seen with mtime 1571074454.0
File C:\Users\Dell\AppData\Local\Programs\Python\Python37\Lib\site-packages\bson\decimal128.py first seen with mtime 1632217492.3632357
File C:\Users\Dell\AppData\Local\Programs\Python\Python37\Lib\site-packages\ruamel\yaml\comments.py first seen with mtime 1632911227.4618537
File C:\Users\Dell\AppData\Local\Programs\Python\Python37\Lib\site-packages\pytz\tzfile.py first seen with mtime 1630394083.756892
File C:\Users\Dell\AppData\Local\Programs\Python\Python37\Lib\site-packages\django\utils\cache.py first seen with mtime 1630394098.049602
File C:\Users\Dell\AppData\Local\Programs\Python\Python37\Lib\codecs.py first seen with mtime 1571074452.0
File C:\Users\Dell\AppData\Local\Programs\Python\Python37\Lib\site-packages\django\templatetags\cache.py first seen with mtime 1630394098.004957
File C:\Users\Dell\AppData\Local\Programs\Python\Python37\Lib\site-packages\pymongo\auth_aws.py first seen with mtime 1632217492.3901796
File C:\Users\Dell\AppData\Local\Programs\Python\Python37\Lib\site-packages\django\db\models\sql\constants.py first seen with mtime 1630394097.8311777
File C:\Users\Dell\AppData\Local\Programs\Python\Python37\Lib\email\message.py first seen with mtime 1571074452.0
File C:\Users\Dell\AppData\Local\Programs\Python\Python37\Lib\site-packages\djongo\features.py first seen with mtime 1632217493.163979
File C:\Users\Dell\AppData\Local\Programs\Python\Python37\Lib\html\entities.py first seen with mtime 1571074452.0
File C:\Users\Dell\AppData\Local\Programs\Python\Python37\Lib\site-packages\django\contrib\sessions\base_session.py first seen with mtime 1630394095.5731418
File C:\Users\Dell\AppData\Local\Programs\Python\Python37\Lib\site-packages\django\utils\topological_sort.py first seen with mtime 1630394098.1176708
File C:\Users\Dell\AppData\Local\Programs\Python\Python37\Lib\site-packages\requests\exceptions.py first seen with mtime 1632727251.230429
File C:\Users\Dell\AppData\Local\Programs\Python\Python37\Lib\site-packages\django\contrib\staticfiles\utils.py first seen with mtime 1630394096.2313223
File C:\Users\Dell\AppData\Local\Programs\Python\Python37\Lib\site-packages\django\utils\inspect.py first seen with mtime 1630394098.1033816
File C:\Users\Dell\AppData\Local\Programs\Python\Python37\Lib\asyncio\coroutines.py first seen with mtime 1571074452.0
File C:\Users\Dell\AppData\Local\Programs\Python\Python37\Lib\asyncio\sslproto.py first seen with mtime 1571074452.0
File C:\Users\Dell\AppData\Local\Programs\Python\Python37\Lib\site-packages\django\utils\lorem_ipsum.py first seen with mtime 1630394098.108729
File C:\Users\Dell\AppData\Local\Programs\Python\Python37\Lib\asyncio\windows_utils.py first seen with mtime 1571074452.0
File C:\Users\Dell\AppData\Local\Programs\Python\Python37\Lib\site-packages\django\dispatch\__init__.py first seen with mtime 1630394097.8368263
File C:\Users\Dell\AppData\Local\Programs\Python\Python37\Lib\site-packages\pkg_resources\_vendor\__init__.py first seen with mtime 1575469793.53654
File C:\Users\Dell\AppData\Local\Programs\Python\Python37\Lib\site-packages\rest_framework\apps.py first seen with mtime 1632136961.8585062
File C:\Users\Dell\AppData\Local\Programs\Python\Python37\Lib\site-packages\rest_framework\views.py first seen with mtime 1632136961.8941793
File C:\Users\Dell\AppData\Local\Programs\Python\Python37\Lib\collections\abc.py first seen with mtime 1571074452.0
File C:\Users\Dell\AppData\Local\Programs\Python\Python37\Lib\linecache.py first seen with mtime 1571074452.0
File C:\Users\Dell\AppData\Local\Programs\Python\Python37\Lib\site-packages\django\db\models\constraints.py first seen with mtime 1630394097.7999709
File C:\Users\Dell\AppData\Local\Programs\Python\Python37\Lib\site-packages\bson\__init__.py first seen with mtime 1632217492.350308
File C:\Users\Dell\AppData\Local\Programs\Python\Python37\Lib\site-packages\django\db\models\base.py first seen with mtime 1630394097.7976875
File C:\Users\Dell\AppData\Local\Programs\Python\Python37\Lib\site-packages\django\db\models\utils.py first seen with mtime 1630394097.8104088
File C:\Users\Dell\AppData\Local\Programs\Python\Python37\Lib\site-packages\jinja2\visitor.py first seen with mtime 1575470017.7167823
File C:\Users\Dell\AppData\Local\Programs\Python\Python37\Lib\site-packages\django\__init__.py first seen with mtime 1630394084.8286898
File C:\Users\Dell\AppData\Local\Programs\Python\Python37\Lib\logging\__init__.py first seen with mtime 1571074452.0
File C:\Users\Dell\AppData\Local\Programs\Python\Python37\Lib\importlib\abc.py first seen with mtime 1571074452.0
File C:\Users\Dell\AppData\Local\Programs\Python\Python37\Lib\site-packages\django\contrib\admin\templatetags\__init__.py first seen with mtime 1630394090.1124654
File C:\Users\Dell\AppData\Local\Programs\Python\Python37\Lib\site-packages\coreapi\codecs\download.py first seen with mtime 1632911228.46162
File C:\Users\Dell\AppData\Local\Programs\Python\Python37\Lib\site-packages\django\utils\crypto.py first seen with mtime 1630394098.051596
File C:\Users\Dell\AppData\Local\Programs\Python\Python37\Lib\site-packages\django\views\generic\list.py first seen with mtime 1630394098.1490862
File C:\Users\Dell\AppData\Local\Programs\Python\Python37\Lib\getpass.py first seen with mtime 1571074452.0
File C:\Users\Dell\AppData\Local\Programs\Python\Python37\Lib\site-packages\requests\__init__.py first seen with mtime 1632727251.2088342
File C:\Users\Dell\AppData\Local\Programs\Python\Python37\Lib\site-packages\django\db\models\fields\related_lookups.py first seen with mtime 1630394097.820027
File C:\Users\Dell\AppData\Local\Programs\Python\Python37\Lib\site-packages\drf_yasg\codecs.py first seen with mtime 1632911228.7119172
File C:\Users\Dell\AppData\Local\Programs\Python\Python37\Lib\site-packages\coreapi\codecs\python.py first seen with mtime 1632911228.46162
File C:\Users\Dell\AppData\Local\Programs\Python\Python37\Lib\json\decoder.py first seen with mtime 1571074452.0
File C:\Users\Dell\AppData\Local\Programs\Python\Python37\Lib\site-packages\pkg_resources\_vendor\packaging\markers.py first seen with mtime 1575469793.5443468
File C:\Users\Dell\AppData\Local\Programs\Python\Python37\Lib\site-packages\_ruamel_yaml.cp37-win_amd64.pyd first seen with mtime 1632911226.837001
File C:\Users\Dell\AppData\Local\Programs\Python\Python37\Lib\site-packages\rest_framework\templatetags\__init__.py first seen with mtime 1632136962.1242094
File C:\Users\Dell\AppData\Local\Programs\Python\Python37\Lib\threading.py first seen with mtime 1571074454.0
File C:\Users\Dell\AppData\Local\Programs\Python\Python37\Lib\sre_compile.py first seen with mtime 1571074452.0
File C:\Users\Dell\AppData\Local\Programs\Python\Python37\Lib\site-packages\pymongo\cursor.py first seen with mtime 1632217492.402149
File C:\Users\Dell\AppData\Local\Programs\Python\Python37\Lib\site-packages\django\utils\translation\reloader.py first seen with mtime 1630394098.1224098
File C:\Users\Dell\AppData\Local\Programs\Python\Python37\Lib\site-packages\django\contrib\admin\checks.py first seen with mtime 1630394085.289456
File C:\Users\Dell\AppData\Local\Programs\Python\Python37\Lib\platform.py first seen with mtime 1571074452.0
File C:\Users\Dell\AppData\Local\Programs\Python\Python37\Lib\site-packages\sqlparse\engine\grouping.py first seen with mtime 1632217491.961657
File C:\Users\Dell\AppData\Local\Programs\Python\Python37\Lib\site-packages\coreschema\encodings\__init__.py first seen with mtime 1632911227.1962907
File C:\Users\Dell\AppData\Local\Programs\Python\Python37\Lib\site-packages\charset_normalizer\__init__.py first seen with mtime 1632727250.2627935
File C:\Users\Dell\AppData\Local\Programs\Python\Python37\Lib\site-packages\django\forms\fields.py first seen with mtime 1630394097.8417542
File C:\Users\Dell\AppData\Local\Programs\Python\Python37\Lib\unittest\runner.py first seen with mtime 1571074454.0
File C:\Users\Dell\AppData\Local\Programs\Python\Python37\Lib\site-packages\django\urls\converters.py first seen with mtime 1630394098.0255923
File C:\Users\Dell\AppData\Local\Programs\Python\Python37\Lib\logging\handlers.py first seen with mtime 1571074452.0
File C:\Users\Dell\AppData\Local\Programs\Python\Python37\Lib\decimal.py first seen with mtime 1571074452.0
File C:\Users\Dell\AppData\Local\Programs\Python\Python37\Lib\site-packages\django\conf\global_settings.py first seen with mtime 1630394084.8372097
File C:\Users\Dell\AppData\Local\Programs\Python\Python37\Lib\ctypes\__init__.py first seen with mtime 1571074452.0
File C:\Users\Dell\AppData\Local\Programs\Python\Python37\Lib\site-packages\django\db\models\fields\related_descriptors.py first seen with mtime 1630394097.8187544
File C:\Users\Dell\AppData\Local\Programs\Python\Python37\Lib\site-packages\markupsafe\_compat.py first seen with mtime 1575470018.5938804
File C:\Users\Dell\AppData\Local\Programs\Python\Python37\Lib\site-packages\click\_winconsole.py first seen with mtime 1575469996.4880247
File C:\Users\Dell\AppData\Local\Programs\Python\Python37\Lib\site-packages\django\template\exceptions.py first seen with mtime 1630394097.9677112
File C:\Users\Dell\AppData\Local\Programs\Python\Python37\Lib\site-packages\django\core\files\temp.py first seen with mtime 1630394097.5745313
File C:\Users\Dell\AppData\Local\Programs\Python\Python37\Lib\site-packages\django\http\multipartparser.py first seen with mtime 1630394097.9073043
File C:\Users\Dell\AppData\Local\Programs\Python\Python37\Lib\site-packages\django\db\models\constants.py first seen with mtime 1630394097.7989702
File C:\Users\Dell\AppData\Local\Programs\Python\Python37\Lib\site-packages\pymongo\hello_compat.py first seen with mtime 1632217492.4131033
File C:\Users\Dell\AppData\Local\Programs\Python\Python37\Lib\site-packages\rest_framework\reverse.py first seen with mtime 1632136961.8791766
File C:\Users\Dell\AppData\Local\Programs\Python\Python37\Lib\site-packages\django\db\models\fields\related.py first seen with mtime 1630394097.8171916
File C:\Users\Dell\AppData\Local\Programs\Python\Python37\Lib\site-packages\django\db\models\functions\comparison.py first seen with mtime 1630394097.8226333
File C:\Users\Dell\AppData\Local\Programs\Python\Python37\Lib\site-packages\django\test\testcases.py first seen with mtime 1630394098.0192184
File C:\Users\Dell\AppData\Local\Programs\Python\Python37\Lib\site-packages\django\http\request.py first seen with mtime 1630394097.9083047
File C:\Users\Dell\AppData\Local\Programs\Python\Python37\Lib\site-packages\click\globals.py first seen with mtime 1575469996.5026298
File C:\Users\Dell\AppData\Local\Programs\Python\Python37\DLLs\_asyncio.pyd first seen with mtime 1571078536.0
File C:\Users\Dell\AppData\Local\Programs\Python\Python37\Lib\site-packages\django\db\backends\base\introspection.py first seen with mtime 1630394097.70572
File C:\Users\Dell\AppData\Local\Programs\Python\Python37\Lib\site-packages\urllib3\util\ssl_.py first seen with mtime 1632727249.7666545
File C:\Users\Dell\AppData\Local\Programs\Python\Python37\Lib\xml\dom\domreg.py first seen with mtime 1571074454.0
File C:\Users\Dell\AppData\Local\Programs\Python\Python37\Lib\site-packages\jinja2\filters.py first seen with mtime 1575470017.7021792
File C:\Users\Dell\AppData\Local\Programs\Python\Python37\Lib\site-packages\ruamel\yaml\loader.py first seen with mtime 1632911227.4774735
File C:\Users\Dell\AppData\Local\Programs\Python\Python37\Lib\site-packages\click\_compat.py first seen with mtime 1575469996.4772923
File C:\Users\Dell\AppData\Local\Programs\Python\Python37\Lib\site-packages\django\core\__init__.py first seen with mtime 1630394097.4499702
File C:\Users\Dell\AppData\Local\Programs\Python\Python37\Lib\site-packages\requests\certs.py first seen with mtime 1632727251.2244122
File C:\Users\Dell\AppData\Local\Programs\Python\Python37\Lib\site-packages\urllib3\__init__.py first seen with mtime 1632727249.726361
File C:\Users\Dell\AppData\Local\Programs\Python\Python37\Lib\site-packages\coreschema\schemas.py first seen with mtime 1632911227.1807501
File C:\Users\Dell\AppData\Local\Programs\Python\Python37\Lib\site-packages\ruamel\yaml\serializer.py first seen with mtime 1632911227.493095
File C:\Users\Dell\AppData\Local\Programs\Python\Python37\Lib\asyncio\queues.py first seen with mtime 1571074452.0
File C:\Users\Dell\AppData\Local\Programs\Python\Python37\Lib\site-packages\django\utils\deprecation.py first seen with mtime 1630394098.0933766
File C:\Users\Dell\AppData\Local\Programs\Python\Python37\Lib\email\_encoded_words.py first seen with mtime 1571074452.0
File C:\Users\Dell\AppData\Local\Programs\Python\Python37\DLLs\unicodedata.pyd first seen with mtime 1571078542.0
File C:\Users\Dell\AppData\Local\Programs\Python\Python37\Lib\site-packages\asgiref\sync.py first seen with mtime 1630394084.5573733
File C:\Users\Dell\AppData\Local\Programs\Python\Python37\Lib\calendar.py first seen with mtime 1571074452.0
File C:\Users\Dell\AppData\Local\Programs\Python\Python37\Lib\site-packages\django\utils\termcolors.py first seen with mtime 1630394098.1139724
File C:\Users\Dell\AppData\Local\Programs\Python\Python37\Lib\site-packages\django\urls\exceptions.py first seen with mtime 1630394098.0265896
File C:\Users\Dell\AppData\Local\Programs\Python\Python37\Lib\site-packages\pymongo\client_options.py first seen with mtime 1632217492.3931582
File C:\Users\Dell\AppData\Local\Programs\Python\Python37\Lib\site-packages\django\utils\html.py first seen with mtime 1630394098.101387
File C:\Users\Dell\AppData\Local\Programs\Python\Python37\Lib\site-packages\djongo\sql2mongo\operators.py first seen with mtime 1632217493.2960484
File C:\Users\Dell\AppData\Local\Programs\Python\Python37\Lib\site-packages\urllib3\contrib\__init__.py first seen with mtime 1632727249.7407136
File C:\Users\Dell\AppData\Local\Programs\Python\Python37\Lib\site-packages\urllib3\util\retry.py first seen with mtime 1632727249.7656584
File C:\Users\Dell\AppData\Local\Programs\Python\Python37\Lib\site-packages\django\utils\encoding.py first seen with mtime 1630394098.095468
File C:\Users\Dell\AppData\Local\Programs\Python\Python37\Lib\unittest\case.py first seen with mtime 1571074454.0
File C:\Users\Dell\AppData\Local\Programs\Python\Python37\Lib\site-packages\coreschema\compat.py first seen with mtime 1632911227.1807501
File C:\Users\Dell\AppData\Local\Programs\Python\Python37\Lib\_markupbase.py first seen with mtime 1571074452.0
File C:\Users\Dell\AppData\Local\Programs\Python\Python37\Lib\site-packages\django\db\backends\base\__init__.py first seen with mtime 1630394097.6817262
File C:\Users\Dell\AppData\Local\Programs\Python\Python37\Lib\site-packages\django\core\files\uploadedfile.py first seen with mtime 1630394097.575529
File C:\Users\Dell\AppData\Local\Programs\Python\Python37\Lib\site-packages\backports\__init__.py first seen with mtime 1631797701.7869065
File C:\Users\Dell\AppData\Local\Programs\Python\Python37\Lib\site-packages\django\core\mail\__init__.py first seen with mtime 1630394097.6023052
File C:\Users\Dell\AppData\Local\Programs\Python\Python37\Lib\logging\config.py first seen with mtime 1571074452.0
File C:\Users\Dell\AppData\Local\Programs\Python\Python37\Lib\site-packages\requests\models.py first seen with mtime 1632727251.2405698
File C:\Users\Dell\AppData\Local\Programs\Python\Python37\Lib\site-packages\ruamel\yaml\composer.py first seen with mtime 1632911227.4618537
File C:\Users\Dell\AppData\Local\Programs\Python\Python37\Lib\site-packages\django\templatetags\l10n.py first seen with mtime 1630394098.0059566
File C:\Users\Dell\AppData\Local\Programs\Python\Python37\Lib\json\__init__.py first seen with mtime 1571074452.0
File C:\Users\Dell\AppData\Local\Programs\Python\Python37\Lib\site-packages\django\utils\text.py first seen with mtime 1630394098.1149912
File C:\Users\Dell\AppData\Local\Programs\Python\Python37\Lib\site-packages\django\utils\datastructures.py first seen with mtime 1630394098.053026
File C:\Users\Dell\AppData\Local\Programs\Python\Python37\Lib\site-packages\django\db\models\signals.py first seen with mtime 1630394097.8104088
File C:\Users\Dell\AppData\Local\Programs\Python\Python37\Lib\concurrent\__init__.py first seen with mtime 1571074452.0
File C:\Users\Dell\AppData\Local\Programs\Python\Python37\Lib\pprint.py first seen with mtime 1571074452.0
File C:\Users\Dell\AppData\Local\Programs\Python\Python37\Lib\selectors.py first seen with mtime 1571074452.0
File C:\Users\Dell\AppData\Local\Programs\Python\Python37\Lib\site-packages\django\contrib\staticfiles\checks.py first seen with mtime 1630394096.2094936
File C:\Users\Dell\AppData\Local\Programs\Python\Python37\Lib\site-packages\django\core\handlers\__init__.py first seen with mtime 1630394097.5957012
File C:\Users\Dell\AppData\Local\Programs\Python\Python37\Lib\site-packages\django\utils\functional.py first seen with mtime 1630394098.0992846
File C:\Users\Dell\AppData\Local\Programs\Python\Python37\Lib\site-packages\requests\utils.py first seen with mtime 1632727251.2535028
File C:\Users\Dell\AppData\Local\Programs\Python\Python37\Lib\site-packages\django\utils\datetime_safe.py first seen with mtime 1630394098.0571578
File C:\Users\Dell\AppData\Local\Programs\Python\Python37\Lib\wsgiref\__init__.py first seen with mtime 1571074454.0
File C:\Users\Dell\AppData\Local\Programs\Python\Python37\Lib\site-packages\requests\adapters.py first seen with mtime 1632727251.2167816
File C:\Users\Dell\AppData\Local\Programs\Python\Python37\Lib\site-packages\idna\__init__.py first seen with mtime 1632727250.025228
File C:\Users\Dell\AppData\Local\Programs\Python\Python37\Lib\site-packages\django\middleware\cache.py first seen with mtime 1630394097.9333112
File C:\Users\Dell\AppData\Local\Programs\Python\Python37\Lib\site-packages\pymongo\command_cursor.py first seen with mtime 1632217492.3981426
File C:\Users\Dell\AppData\Local\Programs\Python\Python37\Lib\site-packages\django\contrib\admin\actions.py first seen with mtime 1630394085.2874522
File C:\Users\Dell\AppData\Local\Programs\Python\Python37\Lib\asyncio\proactor_events.py first seen with mtime 1571074452.0
File C:\Users\Dell\AppData\Local\Programs\Python\Python37\Lib\site-packages\django\template\backends\base.py first seen with mtime 1630394097.9747403
File C:\Users\Dell\AppData\Local\Programs\Python\Python37\Lib\site-packages\django\db\migrations\utils.py first seen with mtime 1630394097.7865324
File C:\Users\Dell\AppData\Local\Programs\Python\Python37\Lib\site-packages\django\contrib\sessions\__init__.py first seen with mtime 1630394095.5611074
File C:\Users\Dell\AppData\Local\Programs\Python\Python37\Lib\site-packages\coreapi\transports\__init__.py first seen with mtime 1632911228.46162
File C:\Users\Dell\AppData\Local\Programs\Python\Python37\Lib\site-packages\django\utils\hashable.py first seen with mtime 1630394098.1003866
File C:\Users\Dell\AppData\Local\Programs\Python\Python37\Lib\site-packages\pkg_resources\_vendor\packaging\specifiers.py first seen with mtime 1575469793.5462985
File C:\Users\Dell\AppData\Local\Programs\Python\Python37\Lib\site-packages\ruamel\yaml\representer.py first seen with mtime 1632911227.4774735
File C:\Users\Dell\AppData\Local\Programs\Python\Python37\Lib\email\mime\base.py first seen with mtime 1571074452.0
File C:\Users\Dell\AppData\Local\Programs\Python\Python37\Lib\functools.py first seen with mtime 1571074452.0
File C:\Users\Dell\AppData\Local\Programs\Python\Python37\Lib\site-packages\charset_normalizer\assets\__init__.py first seen with mtime 1632727250.2918723
File C:\Users\Dell\AppData\Local\Programs\Python\Python37\Lib\xml\dom\NodeFilter.py first seen with mtime 1571074454.0
File C:\Users\Dell\AppData\Local\Programs\Python\Python37\Lib\site-packages\pymongo\errors.py first seen with mtime 1632217492.4101136
File C:\Users\Dell\AppData\Local\Programs\Python\Python37\Lib\site-packages\django\core\files\move.py first seen with mtime 1630394097.5715399
File C:\Users\Dell\AppData\Local\Programs\Python\Python37\Lib\site-packages\django\middleware\__init__.py first seen with mtime 1630394097.9322824
File C:\Users\Dell\AppData\Local\Programs\Python\Python37\Lib\gzip.py first seen with mtime 1571074452.0
File C:\Users\Dell\AppData\Local\Programs\Python\Python37\Lib\site-packages\django\db\migrations\exceptions.py first seen with mtime 1630394097.775302
File C:\Users\Dell\AppData\Local\Programs\Python\Python37\Lib\site-packages\uritemplate\variable.py first seen with mtime 1632911226.6964068
File C:\Users\Dell\AppData\Local\Programs\Python\Python37\Lib\urllib\parse.py first seen with mtime 1571074454.0
File C:\Users\Dell\AppData\Local\Programs\Python\Python37\Lib\xml\dom\minidom.py first seen with mtime 1571074454.0
File C:\Users\Dell\AppData\Local\Programs\Python\Python37\Lib\site-packages\coreapi\client.py first seen with mtime 1632911228.445999
File C:\Users\Dell\AppData\Local\Programs\Python\Python37\Lib\email\mime\nonmultipart.py first seen with mtime 1571074452.0
File C:\Users\Dell\AppData\Local\Programs\Python\Python37\Lib\site-packages\urllib3\packages\__init__.py first seen with mtime 1632727249.7526822
File C:\Users\Dell\AppData\Local\Programs\Python\Python37\Lib\site-packages\django\contrib\contenttypes\apps.py first seen with mtime 1630394090.986708
File C:\Users\Dell\AppData\Local\Programs\Python\Python37\Lib\site-packages\django\conf\__init__.py first seen with mtime 1630394084.83621
File C:\Users\Dell\AppData\Local\Programs\Python\Python37\Lib\site-packages\coreschema\encodings\html.py first seen with mtime 1632911227.1962907
File C:\Users\Dell\AppData\Local\Programs\Python\Python37\Lib\site-packages\django\forms\formsets.py first seen with mtime 1630394097.844019
File C:\Users\Dell\AppData\Local\Programs\Python\Python37\Lib\socketserver.py first seen with mtime 1571074452.0
File C:\Users\Dell\AppData\Local\Programs\Python\Python37\Lib\site-packages\django\contrib\admin\apps.py first seen with mtime 1630394085.2884533
File C:\Users\Dell\AppData\Local\Programs\Python\Python37\Lib\xml\parsers\expat.py first seen with mtime 1571074454.0
File C:\Users\Dell\AppData\Local\Programs\Python\Python37\Lib\site-packages\django\contrib\auth\backends.py first seen with mtime 1630394090.4587016
File C:\Users\Dell\AppData\Local\Programs\Python\Python37\Lib\pkgutil.py first seen with mtime 1571074452.0
File C:\Users\Dell\AppData\Local\Programs\Python\Python37\Lib\site-packages\requests\cookies.py first seen with mtime 1632727251.228397
File C:\Users\Dell\AppData\Local\Programs\Python\Python37\Lib\site-packages\django\contrib\postgres\__init__.py first seen with mtime 1630394094.2118397
File C:\Users\Dell\AppData\Local\Programs\Python\Python37\Lib\site-packages\django\utils\translation\trans_real.py first seen with mtime 1630394098.125335
File C:\Users\Dell\AppData\Local\Programs\Python\Python37\Lib\site-packages\coreapi\auth.py first seen with mtime 1632911228.445999
File C:\Users\Dell\AppData\Local\Programs\Python\Python37\Lib\site-packages\drf_yasg\renderers.py first seen with mtime 1632911228.720743
File C:\Users\Dell\AppData\Local\Programs\Python\Python37\Lib\site-packages\django\contrib\admin\templatetags\admin_modify.py first seen with mtime 1630394090.1140547
File C:\Users\Dell\AppData\Local\Programs\Python\Python37\Lib\site-packages\django\db\models\fields\proxy.py first seen with mtime 1630394097.816358
File C:\Users\Dell\AppData\Local\Programs\Python\Python37\Lib\site-packages\bson\codec_options.py first seen with mtime 1632217492.3612416
File C:\Users\Dell\AppData\Local\Programs\Python\Python37\Lib\xml\dom\minicompat.py first seen with mtime 1571074454.0
File C:\Users\Dell\AppData\Local\Programs\Python\Python37\Lib\site-packages\django\urls\resolvers.py first seen with mtime 1630394098.0273697
File C:\Users\Dell\AppData\Local\Programs\Python\Python37\Lib\site-packages\click\parser.py first seen with mtime 1575469996.5036416
File C:\Users\Dell\AppData\Local\Programs\Python\Python37\Lib\ctypes\_endian.py first seen with mtime 1571074452.0
File C:\Users\Dell\AppData\Local\Programs\Python\Python37\Lib\site-packages\jinja2\lexer.py first seen with mtime 1575470017.7050707
File C:\Users\Dell\AppData\Local\Programs\Python\Python37\Lib\site-packages\urllib3\response.py first seen with mtime 1632727249.7407136
File C:\Users\Dell\AppData\Local\Programs\Python\Python37\Lib\hmac.py first seen with mtime 1571074452.0
File C:\Users\Dell\AppData\Local\Programs\Python\Python37\Lib\site-packages\rest_framework\pagination.py first seen with mtime 1632136961.872198
File C:\Users\Dell\AppData\Local\Programs\Python\Python37\Lib\site-packages\django\core\checks\caches.py first seen with mtime 1630394097.5316916
File C:\Users\Dell\AppData\Local\Programs\Python\Python37\Lib\site-packages\rest_framework\utils\json.py first seen with mtime 1632136962.1342218
File C:\Users\Dell\AppData\Local\Programs\Python\Python37\Lib\site-packages\charset_normalizer\cd.py first seen with mtime 1632727250.267833
File C:\Users\Dell\AppData\Local\Programs\Python\Python37\Lib\site-packages\django\core\files\storage.py first seen with mtime 1630394097.5725355
File C:\Users\Dell\AppData\Local\Programs\Python\Python37\Lib\site-packages\django\db\models\sql\datastructures.py first seen with mtime 1630394097.8320253
File C:\Users\Dell\AppData\Local\Programs\Python\Python37\Lib\site-packages\django\utils\duration.py first seen with mtime 1630394098.0944893
File C:\Users\Dell\AppData\Local\Programs\Python\Python37\Lib\site-packages\sqlparse\utils.py first seen with mtime 1632217491.946319
File C:\Users\Dell\AppData\Local\Programs\Python\Python37\Lib\site-packages\drf_yasg\utils.py first seen with mtime 1632911228.7217307
File C:\Users\Dell\AppData\Local\Programs\Python\Python37\Lib\site-packages\bson\raw_bson.py first seen with mtime 1632217492.3702173
File C:\Users\Dell\AppData\Local\Programs\Python\Python37\Lib\site-packages\urllib3\util\proxy.py first seen with mtime 1632727249.7616565
File C:\Users\Dell\AppData\Local\Programs\Python\Python37\Lib\site-packages\pymongo\monotonic.py first seen with mtime 1632217492.425107
File C:\Users\Dell\AppData\Local\Programs\Python\Python37\Lib\site-packages\django\db\models\query.py first seen with mtime 1630394097.8079376
File C:\Users\Dell\AppData\Local\Programs\Python\Python37\Lib\site-packages\django\templatetags\tz.py first seen with mtime 1630394098.0079508
File C:\Users\Dell\AppData\Local\Programs\Python\Python37\Lib\site-packages\rest_framework\urlpatterns.py first seen with mtime 1632136961.8871536
File C:\Users\Dell\AppData\Local\Programs\Python\Python37\Lib\site-packages\pymongo\topology.py first seen with mtime 1632217492.458028
File C:\Users\Dell\AppData\Local\Programs\Python\Python37\Lib\site-packages\coreapi\utils.py first seen with mtime 1632911228.445999
File C:\Users\Dell\AppData\Local\Programs\Python\Python37\Lib\email\_parseaddr.py first seen with mtime 1571074452.0
File C:\Users\Dell\AppData\Local\Programs\Python\Python37\Lib\site-packages\django\forms\widgets.py first seen with mtime 1630394097.8485224
File C:\Users\Dell\AppData\Local\Programs\Python\Python37\Lib\site-packages\django\contrib\sessions\middleware.py first seen with mtime 1630394095.5806098
File C:\Users\Dell\AppData\Local\Programs\Python\Python37\Lib\site-packages\charset_normalizer\version.py first seen with mtime 1632727250.2898784
File C:\Users\Dell\AppData\Local\Programs\Python\Python37\Lib\site-packages\django\http\response.py first seen with mtime 1630394097.9312823
File C:\Users\Dell\AppData\Local\Programs\Python\Python37\Lib\site-packages\requests\api.py first seen with mtime 1632727251.2193966
File C:\Users\Dell\AppData\Local\Programs\Python\Python37\Lib\site-packages\django\template\context.py first seen with mtime 1630394097.961439
File C:\Users\Dell\AppData\Local\Programs\Python\Python37\Lib\site-packages\rest_framework\schemas\openapi.py first seen with mtime 1632136962.0022485
File C:\Users\Dell\AppData\Local\Programs\Python\Python37\Lib\site-packages\django\contrib\auth\checks.py first seen with mtime 1630394090.4606972
File C:\Users\Dell\AppData\Local\Programs\Python\Python37\Lib\site-packages\djongo\creation.py first seen with mtime 1632217493.1589918
File C:\Users\Dell\AppData\Local\Programs\Python\Python37\Lib\email\mime\message.py first seen with mtime 1571074452.0
File C:\Users\Dell\AppData\Local\Programs\Python\Python37\Lib\unittest\main.py first seen with mtime 1571074454.0
File C:\Users\Dell\AppData\Local\Programs\Python\Python37\Lib\wsgiref\handlers.py first seen with mtime 1571074454.0
File C:\Users\Dell\AppData\Local\Programs\Python\Python37\Lib\site-packages\django\contrib\admindocs\__init__.py first seen with mtime 1630394090.1207366
File C:\Users\Dell\AppData\Local\Programs\Python\Python37\Lib\site-packages\rest_framework\versioning.py first seen with mtime 1632136961.8921473
File C:\Users\Dell\AppData\Local\Programs\Python\Python37\Lib\asyncio\base_events.py first seen with mtime 1571074452.0
File C:\Users\Dell\AppData\Local\Programs\Python\Python37\Lib\site-packages\rest_framework\utils\html.py first seen with mtime 1632136962.1322274
File C:\Users\Dell\AppData\Local\Programs\Python\Python37\Lib\site-packages\drf_yasg\inspectors\view.py first seen with mtime 1632911228.731704
File C:\Users\Dell\AppData\Local\Programs\Python\Python37\Lib\encodings\latin_1.py first seen with mtime 1571074452.0
File C:\Users\Dell\AppData\Local\Programs\Python\Python37\Lib\site-packages\django\contrib\sessions\models.py first seen with mtime 1630394095.582571
File C:\Users\Dell\AppData\Local\Programs\Python\Python37\Lib\ssl.py first seen with mtime 1571074452.0
File C:\Users\Dell\AppData\Local\Programs\Python\Python37\Lib\site-packages\django\core\cache\__init__.py first seen with mtime 1630394097.4984283
File C:\Users\Dell\AppData\Local\Programs\Python\Python37\Lib\site-packages\django\utils\__init__.py first seen with mtime 1630394098.0294309
File C:\Users\Dell\AppData\Local\Programs\Python\Python37\Lib\site-packages\django\views\decorators\vary.py first seen with mtime 1630394098.143328
File C:\Users\Dell\AppData\Local\Programs\Python\Python37\Lib\site-packages\coreapi\transports\http.py first seen with mtime 1632911228.46162
File C:\Users\Dell\AppData\Local\Programs\Python\Python37\Lib\site-packages\ruamel\yaml\timestamp.py first seen with mtime 1632911227.493095
File C:\Users\Dell\AppData\Local\Programs\Python\Python37\Lib\site-packages\sqlparse\filters\reindent.py first seen with mtime 1632217491.969178
File C:\Users\Dell\AppData\Local\Programs\Python\Python37\Lib\site-packages\rest_framework\renderers.py first seen with mtime 1632136961.8761814
File C:\Users\Dell\AppData\Local\Programs\Python\Python37\Lib\email\encoders.py first seen with mtime 1571074452.0
File C:\Users\Dell\AppData\Local\Programs\Python\Python37\Lib\hashlib.py first seen with mtime 1571074452.0
File C:\Users\Dell\AppData\Local\Programs\Python\Python37\Lib\site-packages\django\core\signing.py first seen with mtime 1630394097.4888842
File C:\Users\Dell\AppData\Local\Programs\Python\Python37\Lib\site-packages\django\templatetags\__init__.py first seen with mtime 1630394098.0036879
File C:\Users\Dell\AppData\Local\Programs\Python\Python37\Lib\site-packages\django\contrib\staticfiles\management\__init__.py first seen with mtime 1630394096.2323184
File C:\Users\Dell\AppData\Local\Programs\Python\Python37\Lib\site-packages\pymongo\cursor_manager.py first seen with mtime 1632217492.4031289
File C:\Users\Dell\AppData\Local\Programs\Python\Python37\Lib\site-packages\coreapi\compat.py first seen with mtime 1632911228.445999
File C:\Users\Dell\AppData\Local\Programs\Python\Python37\Lib\site-packages\django\utils\decorators.py first seen with mtime 1630394098.071728
File C:\Users\Dell\AppData\Local\Programs\Python\Python37\Lib\email\generator.py first seen with mtime 1571074452.0
File C:\Users\Dell\AppData\Local\Programs\Python\Python37\Lib\site-packages\pymongo\server.py first seen with mtime 1632217492.441029
File C:\Users\Dell\AppData\Local\Programs\Python\Python37\Lib\site-packages\django\utils\baseconv.py first seen with mtime 1630394098.048601
File C:\Users\Dell\AppData\Local\Programs\Python\Python37\Lib\site-packages\asgiref\local.py first seen with mtime 1630394084.5503907
File C:\Users\Dell\AppData\Local\Programs\Python\Python37\Lib\site-packages\coreapi\codecs\jsondata.py first seen with mtime 1632911228.46162
File C:\Users\Dell\AppData\Local\Programs\Python\Python37\Lib\site-packages\django\core\handlers\wsgi.py first seen with mtime 1630394097.6005733
File C:\Users\Dell\AppData\Local\Programs\Python\Python37\Lib\http\__init__.py first seen with mtime 1571074452.0
File C:\Users\Dell\AppData\Local\Programs\Python\Python37\Lib\site-packages\requests\sessions.py first seen with mtime 1632727251.2455318
File C:\Users\Dell\AppData\Local\Programs\Python\Python37\Lib\site-packages\django\views\decorators\cache.py first seen with mtime 1630394098.1320083
File C:\Users\Dell\AppData\Local\Programs\Python\Python37\Lib\plistlib.py first seen with mtime 1571074452.0
File C:\Users\Dell\AppData\Local\Programs\Python\Python37\Lib\token.py first seen with mtime 1571074454.0
File C:\Users\Dell\AppData\Local\Programs\Python\Python37\Lib\site-packages\django\contrib\admindocs\views.py first seen with mtime 1630394090.125206
File C:\Users\Dell\AppData\Local\Programs\Python\Python37\Lib\site-packages\djongo\__init__.py first seen with mtime 1632217493.1450315
File C:\Users\Dell\AppData\Local\Programs\Python\Python37\Lib\site-packages\markupsafe\_speedups.cp37-win_amd64.pyd first seen with mtime 1575470018.6007051
File C:\Users\Dell\AppData\Local\Programs\Python\Python37\Lib\site-packages\pymongo\bulk.py first seen with mtime 1632217492.3911636
File C:\Users\Dell\AppData\Local\Programs\Python\Python37\Lib\site-packages\urllib3\fields.py first seen with mtime 1632727249.735745
File C:\Users\Dell\AppData\Local\Programs\Python\Python37\Lib\site-packages\rest_framework\authentication.py first seen with mtime 1632136961.8595395
File C:\Users\Dell\AppData\Local\Programs\Python\Python37\Lib\site-packages\charset_normalizer\md.py first seen with mtime 1632727250.267833
File C:\Users\Dell\AppData\Local\Programs\Python\Python37\Lib\site-packages\jinja2\_compat.py first seen with mtime 1575470017.678719
File C:\Users\Dell\AppData\Local\Programs\Python\Python37\Lib\asyncio\base_futures.py first seen with mtime 1571074452.0
File C:\Users\Dell\AppData\Local\Programs\Python\Python37\Lib\site-packages\rest_framework\compat.py first seen with mtime 1632136961.8622165
File C:\Users\Dell\AppData\Local\Programs\Python\Python37\Lib\site-packages\django\middleware\csrf.py first seen with mtime 1630394097.9529154
File C:\Users\Dell\AppData\Local\Programs\Python\Python37\Lib\site-packages\django\core\checks\security\base.py first seen with mtime 1630394097.562688
File C:\Users\Dell\AppData\Local\Programs\Python\Python37\Lib\site-packages\django\core\cache\backends\__init__.py first seen with mtime 1630394097.5046318
File C:\Users\Dell\AppData\Local\Programs\Python\Python37\Lib\site-packages\urllib3\packages\six.py first seen with mtime 1632727249.7536786
File C:\Users\Dell\PycharmProjects\PaginationExample\api\__init__.py first seen with mtime 1632894990.4373116
File C:\Users\Dell\AppData\Local\Programs\Python\Python37\Lib\asyncio\log.py first seen with mtime 1571074452.0
File C:\Users\Dell\AppData\Local\Programs\Python\Python37\Lib\site-packages\django\contrib\auth\validators.py first seen with mtime 1630394090.4754965
File C:\Users\Dell\AppData\Local\Programs\Python\Python37\Lib\socket.py first seen with mtime 1571074452.0
File C:\Users\Dell\AppData\Local\Programs\Python\Python37\Lib\site-packages\django\contrib\auth\signals.py first seen with mtime 1630394090.4726634
File C:\Users\Dell\AppData\Local\Programs\Python\Python37\Lib\ntpath.py first seen with mtime 1571074452.0
File C:\Users\Dell\AppData\Local\Programs\Python\Python37\Lib\site-packages\django\core\cache\backends\locmem.py first seen with mtime 1630394097.5192745
File C:\Users\Dell\AppData\Local\Programs\Python\Python37\Lib\site-packages\django\contrib\admindocs\utils.py first seen with mtime 1630394090.1242049
File C:\Users\Dell\AppData\Local\Programs\Python\Python37\Lib\site-packages\django\core\checks\urls.py first seen with mtime 1630394097.558094
File C:\Users\Dell\AppData\Local\Programs\Python\Python37\Lib\site-packages\urllib3\_collections.py first seen with mtime 1632727249.7273529
File C:\Users\Dell\AppData\Local\Programs\Python\Python37\Lib\site-packages\django\template\defaulttags.py first seen with mtime 1630394097.9654496
File C:\Users\Dell\AppData\Local\Programs\Python\Python37\DLLs\pyexpat.pyd first seen with mtime 1571078544.0
File C:\Users\Dell\AppData\Local\Programs\Python\Python37\Lib\site-packages\rest_framework\schemas\inspectors.py first seen with mtime 1632136962.0012507
File C:\Users\Dell\AppData\Local\Programs\Python\Python37\Lib\site-packages\pymongo\compression_support.py first seen with mtime 1632217492.4001372
File C:\Users\Dell\AppData\Local\Programs\Python\Python37\Lib\site-packages\django\db\models\functions\__init__.py first seen with mtime 1630394097.8216333
File C:\Users\Dell\AppData\Local\Programs\Python\Python37\DLLs\_ssl.pyd first seen with mtime 1571078556.0
File C:\Users\Dell\AppData\Local\Programs\Python\Python37\Lib\site-packages\django\db\models\sql\__init__.py first seen with mtime 1630394097.8289013
File C:\Users\Dell\AppData\Local\Programs\Python\Python37\Lib\site-packages\django\utils\itercompat.py first seen with mtime 1630394098.1057427
File C:\Users\Dell\AppData\Local\Programs\Python\Python37\Lib\site-packages\pkg_resources\extern\__init__.py first seen with mtime 1575469793.5482507
File C:\Users\Dell\AppData\Local\Programs\Python\Python37\Lib\site-packages\django\db\models\fields\reverse_related.py first seen with mtime 1630394097.8208961
File C:\Users\Dell\AppData\Local\Programs\Python\Python37\Lib\site-packages\django\contrib\auth\password_validation.py first seen with mtime 1630394090.4716663
File C:\Users\Dell\AppData\Local\Programs\Python\Python37\Lib\site-packages\bson\regex.py first seen with mtime 1632217492.3722134
File C:\Users\Dell\AppData\Local\Programs\Python\Python37\Lib\site-packages\django\contrib\staticfiles\management\commands\__init__.py first seen with mtime 1630394097.2459567
File C:\Users\Dell\AppData\Local\Programs\Python\Python37\Lib\site-packages\django\template\loaders\__init__.py first seen with mtime 1630394097.985356
File C:\Users\Dell\AppData\Local\Programs\Python\Python37\Lib\keyword.py first seen with mtime 1571074452.0
File C:\Users\Dell\AppData\Local\Programs\Python\Python37\Lib\site-packages\django\core\checks\messages.py first seen with mtime 1630394097.5373547
File C:\Users\Dell\AppData\Local\Programs\Python\Python37\Lib\site-packages\django\utils\module_loading.py first seen with mtime 1630394098.1102057
File C:\Users\Dell\AppData\Local\Programs\Python\Python37\Lib\site-packages\django\utils\timesince.py first seen with mtime 1630394098.1149912
File C:\Users\Dell\AppData\Local\Programs\Python\Python37\Lib\site-packages\django\contrib\admin\helpers.py first seen with mtime 1630394085.2934608
File C:\Users\Dell\AppData\Local\Programs\Python\Python37\Lib\site-packages\django\core\checks\database.py first seen with mtime 1630394097.5345283
File C:\Users\Dell\AppData\Local\Programs\Python\Python37\Lib\site-packages\pymongo\monitor.py first seen with mtime 1632217492.4220808
File C:\Users\Dell\AppData\Local\Programs\Python\Python37\Lib\site-packages\rest_framework\mixins.py first seen with mtime 1632136961.8701968
File C:\Users\Dell\AppData\Local\Programs\Python\Python37\Lib\json\scanner.py first seen with mtime 1571074452.0
File C:\Users\Dell\AppData\Local\Programs\Python\Python37\Lib\textwrap.py first seen with mtime 1571074454.0
File C:\Users\Dell\AppData\Local\Programs\Python\Python37\Lib\wsgiref\util.py first seen with mtime 1571074454.0
File C:\Users\Dell\AppData\Local\Programs\Python\Python37\Lib\site-packages\ruamel\yaml\dumper.py first seen with mtime 1632911227.4774735
File C:\Users\Dell\AppData\Local\Programs\Python\Python37\Lib\site-packages\click\core.py first seen with mtime 1575469996.4929066
File C:\Users\Dell\AppData\Local\Programs\Python\Python37\Lib\site-packages\idna\package_data.py first seen with mtime 1632727250.032212
File C:\Users\Dell\AppData\Local\Programs\Python\Python37\Lib\opcode.py first seen with mtime 1571074452.0
File C:\Users\Dell\AppData\Local\Programs\Python\Python37\Lib\site-packages\django\contrib\__init__.py first seen with mtime 1630394085.270891
File C:\Users\Dell\AppData\Local\Programs\Python\Python37\Lib\site-packages\rest_framework\utils\representation.py first seen with mtime 1632136962.1381736
File C:\Users\Dell\AppData\Local\Programs\Python\Python37\Lib\site-packages\sqlparse\keywords.py first seen with mtime 1632217491.9443235
File C:\Users\Dell\AppData\Local\Programs\Python\Python37\Lib\difflib.py first seen with mtime 1571074452.0
File C:\Users\Dell\AppData\Local\Programs\Python\Python37\Lib\site-packages\django\contrib\auth\models.py first seen with mtime 1630394090.4707026
File C:\Users\Dell\AppData\Local\Programs\Python\Python37\Lib\site-packages\urllib3\connection.py first seen with mtime 1632727249.730338
File C:\Users\Dell\AppData\Local\Programs\Python\Python37\Lib\site-packages\django\core\serializers\json.py first seen with mtime 1630394097.655541
File C:\Users\Dell\AppData\Local\Programs\Python\Python37\Lib\lzma.py first seen with mtime 1571074452.0
File C:\Users\Dell\AppData\Local\Programs\Python\Python37\Lib\site-packages\django\contrib\staticfiles\handlers.py first seen with mtime 1630394096.2114892
File C:\Users\Dell\AppData\Local\Programs\Python\Python37\Lib\site-packages\pkg_resources\_vendor\packaging\_compat.py first seen with mtime 1575469793.5423949
File C:\Users\Dell\AppData\Local\Programs\Python\Python37\Lib\sysconfig.py first seen with mtime 1571074452.0
File C:\Users\Dell\AppData\Local\Programs\Python\Python37\Lib\site-packages\django\db\migrations\__init__.py first seen with mtime 1630394097.7732303
File C:\Users\Dell\AppData\Local\Programs\Python\Python37\Lib\site-packages\urllib3\util\connection.py first seen with mtime 1632727249.7606602
File C:\Users\Dell\AppData\Local\Programs\Python\Python37\Lib\site-packages\requests\compat.py first seen with mtime 1632727251.2264073
File C:\Users\Dell\AppData\Local\Programs\Python\Python37\Lib\site-packages\django\db\__init__.py first seen with mtime 1630394097.6752071
File C:\Users\Dell\AppData\Local\Programs\Python\Python37\Lib\contextvars.py first seen with mtime 1571074452.0
File C:\Users\Dell\PycharmProjects\PaginationExample\api\mypaginations.py first seen with mtime 1632896812.9996097
File C:\Users\Dell\AppData\Local\Programs\Python\Python37\Lib\site-packages\django\contrib\sessions\backends\base.py first seen with mtime 1630394095.5855658
File C:\Users\Dell\AppData\Local\Programs\Python\Python37\Lib\site-packages\django\contrib\staticfiles\apps.py first seen with mtime 1630394096.2084951
File C:\Users\Dell\AppData\Local\Programs\Python\Python37\Lib\site-packages\django\contrib\admin\exceptions.py first seen with mtime 1630394085.2914512
File C:\Users\Dell\AppData\Local\Programs\Python\Python37\Lib\encodings\idna.py first seen with mtime 1571074452.0
File C:\Users\Dell\AppData\Local\Programs\Python\Python37\Lib\traceback.py first seen with mtime 1571074454.0
File C:\Users\Dell\AppData\Local\Programs\Python\Python37\Lib\asyncio\tasks.py first seen with mtime 1571074452.0
File C:\Users\Dell\AppData\Local\Programs\Python\Python37\Lib\site-packages\django\template\response.py first seen with mtime 1630394097.9707515
File C:\Users\Dell\AppData\Local\Programs\Python\Python37\Lib\dataclasses.py first seen with mtime 1571074452.0
File C:\Users\Dell\AppData\Local\Programs\Python\Python37\Lib\site-packages\jinja2\asyncsupport.py first seen with mtime 1575470017.6855865
File C:\Users\Dell\AppData\Local\Programs\Python\Python37\Lib\collections\__init__.py first seen with mtime 1571074452.0
File C:\Users\Dell\AppData\Local\Programs\Python\Python37\Lib\site-packages\django\test\html.py first seen with mtime 1630394098.0115368
File C:\Users\Dell\AppData\Local\Programs\Python\Python37\Lib\locale.py first seen with mtime 1571074452.0
File C:\Users\Dell\AppData\Local\Programs\Python\Python37\Lib\site-packages\django\views\decorators\__init__.py first seen with mtime 1630394098.1320083
File C:\Users\Dell\AppData\Local\Programs\Python\Python37\Lib\site-packages\django\db\models\query_utils.py first seen with mtime 1630394097.8089378
File C:\Users\Dell\AppData\Local\Programs\Python\Python37\DLLs\_queue.pyd first seen with mtime 1571078554.0
File C:\Users\Dell\AppData\Local\Programs\Python\Python37\Lib\site-packages\django\views\generic\detail.py first seen with mtime 1630394098.147514
File C:\Users\Dell\AppData\Local\Programs\Python\Python37\Lib\stringprep.py first seen with mtime 1571074452.0
File C:\Users\Dell\AppData\Local\Programs\Python\Python37\Lib\site-packages\drf_yasg\generators.py first seen with mtime 1632911228.7147465
File C:\Users\Dell\AppData\Local\Programs\Python\Python37\Lib\site-packages\coreschema\utils.py first seen with mtime 1632911227.1807501
File C:\Users\Dell\AppData\Local\Programs\Python\Python37\Lib\site-packages\rest_framework\viewsets.py first seen with mtime 1632136961.895133
File C:\Users\Dell\AppData\Local\Programs\Python\Python37\Lib\site-packages\django\db\backends\__init__.py first seen with mtime 1630394097.6785207
File C:\Users\Dell\AppData\Local\Programs\Python\Python37\Lib\site-packages\django\views\__init__.py first seen with mtime 1630394098.1263351
File C:\Users\Dell\AppData\Local\Programs\Python\Python37\Lib\site-packages\ruamel\yaml\compat.py first seen with mtime 1632911227.4618537
File C:\Users\Dell\AppData\Local\Programs\Python\Python37\Lib\site-packages\uritemplate\orderedset.py first seen with mtime 1632911226.6964068
File C:\Users\Dell\AppData\Local\Programs\Python\Python37\Lib\site-packages\pytz\__init__.py first seen with mtime 1630394083.7466912
File C:\Users\Dell\AppData\Local\Programs\Python\Python37\Lib\site-packages\django\contrib\auth\hashers.py first seen with mtime 1630394090.4666812
File C:\Users\Dell\AppData\Local\Programs\Python\Python37\Lib\site-packages\asgiref\compatibility.py first seen with mtime 1630394084.5435636
File C:\Users\Dell\AppData\Local\Programs\Python\Python37\Lib\site-packages\django\views\generic\base.py first seen with mtime 1630394098.1455169
File C:\Users\Dell\AppData\Local\Programs\Python\Python37\Lib\email\policy.py first seen with mtime 1571074452.0
File C:\Users\Dell\AppData\Local\Programs\Python\Python37\Lib\site-packages\jinja2\parser.py first seen with mtime 1575470017.7138543
File C:\Users\Dell\AppData\Local\Programs\Python\Python37\Lib\site-packages\coreapi\__init__.py first seen with mtime 1632911228.4303782
File C:\Users\Dell\AppData\Local\Programs\Python\Python37\Lib\site-packages\rest_framework\utils\__init__.py first seen with mtime 1632136962.1262033
File C:\Users\Dell\AppData\Local\Programs\Python\Python37\Lib\site-packages\django\template\loaders\filesystem.py first seen with mtime 1630394097.9997602
File C:\Users\Dell\AppData\Local\Programs\Python\Python37\Lib\site-packages\django\core\handlers\exception.py first seen with mtime 1630394097.5995724
File C:\Users\Dell\AppData\Local\Programs\Python\Python37\Lib\site-packages\rest_framework\exceptions.py first seen with mtime 1632136961.8652143
File C:\Users\Dell\AppData\Local\Programs\Python\Python37\Lib\site-packages\bson\min_key.py first seen with mtime 1632217492.3672361
File C:\Users\Dell\AppData\Local\Programs\Python\Python37\Lib\cgi.py first seen with mtime 1571074452.0
File C:\Users\Dell\AppData\Local\Programs\Python\Python37\Lib\site-packages\coreapi\transports\base.py first seen with mtime 1632911228.46162
File C:\Users\Dell\AppData\Local\Programs\Python\Python37\Lib\encodings\__init__.py first seen with mtime 1571074452.0
File C:\Users\Dell\AppData\Local\Programs\Python\Python37\Lib\sre_constants.py first seen with mtime 1571074452.0
File C:\Users\Dell\AppData\Local\Programs\Python\Python37\Lib\email\__init__.py first seen with mtime 1571074452.0
File C:\Users\Dell\AppData\Local\Programs\Python\Python37\Lib\site-packages\itypes.py first seen with mtime 1632911226.977671
File C:\Users\Dell\AppData\Local\Programs\Python\Python37\Lib\site-packages\rest_framework\routers.py first seen with mtime 1632136961.88017
File C:\Users\Dell\AppData\Local\Programs\Python\Python37\Lib\site-packages\pymongo\topology_description.py first seen with mtime 1632217492.4590588
File C:\Users\Dell\AppData\Local\Programs\Python\Python37\Lib\site-packages\django\core\management\commands\__init__.py first seen with mtime 1630394097.624401
File C:\Users\Dell\AppData\Local\Programs\Python\Python37\Lib\email\iterators.py first seen with mtime 1571074452.0
File C:\Users\Dell\AppData\Local\Programs\Python\Python37\Lib\site-packages\djongo\schema.py first seen with mtime 1632217493.1679685
File C:\Users\Dell\AppData\Local\Programs\Python\Python37\Lib\email\header.py first seen with mtime 1571074452.0
File C:\Users\Dell\AppData\Local\Programs\Python\Python37\Lib\site-packages\drf_yasg\errors.py first seen with mtime 1632911228.7129135
File C:\Users\Dell\AppData\Local\Programs\Python\Python37\Lib\site-packages\pymongo\ssl_match_hostname.py first seen with mtime 1632217492.4520783
File C:\Users\Dell\PycharmProjects\PaginationExample\api\serializers.py first seen with mtime 1632895906.1422951
File C:\Users\Dell\AppData\Local\Programs\Python\Python37\Lib\site-packages\pymongo\saslprep.py first seen with mtime 1632217492.4390347
File C:\Users\Dell\AppData\Local\Programs\Python\Python37\Lib\site-packages\jinja2\optimizer.py first seen with mtime 1575470017.712909
File C:\Users\Dell\AppData\Local\Programs\Python\Python37\Lib\site-packages\django\contrib\contenttypes\forms.py first seen with mtime 1630394090.9916945
File C:\Users\Dell\AppData\Local\Programs\Python\Python37\Lib\base64.py first seen with mtime 1571074452.0
File C:\Users\Dell\AppData\Local\Programs\Python\Python37\Lib\site-packages\django\core\serializers\__init__.py first seen with mtime 1630394097.6534324
File C:\Users\Dell\AppData\Local\Programs\Python\Python37\Lib\site-packages\django\db\migrations\state.py first seen with mtime 1630394097.785654
File C:\Users\Dell\AppData\Local\Programs\Python\Python37\Lib\site-packages\django\db\models\__init__.py first seen with mtime 1630394097.7956882
File C:\Users\Dell\AppData\Local\Programs\Python\Python37\Lib\site-packages\pymongo\_ipaddress.py first seen with mtime 1632217492.386212
File C:\Users\Dell\AppData\Local\Programs\Python\Python37\Lib\site-packages\djongo\cursor.py first seen with mtime 1632217493.1599908
File C:\Users\Dell\AppData\Local\Programs\Python\Python37\Lib\site-packages\django\db\models\lookups.py first seen with mtime 1630394097.80517
File C:\Users\Dell\AppData\Local\Programs\Python\Python37\Lib\site-packages\django\core\checks\security\__init__.py first seen with mtime 1630394097.5611508
File C:\Users\Dell\AppData\Local\Programs\Python\Python37\Lib\site-packages\rest_framework\__init__.py first seen with mtime 1632136961.8575072
File C:\Users\Dell\AppData\Local\Programs\Python\Python37\Lib\site-packages\charset_normalizer\models.py first seen with mtime 1632727250.267833
File C:\Users\Dell\AppData\Local\Programs\Python\Python37\Lib\site-packages\bson\_cbson.cp37-win_amd64.pyd first seen with mtime 1632217492.3533
File C:\Users\Dell\AppData\Local\Programs\Python\Python37\Lib\site-packages\django\core\files\images.py first seen with mtime 1630394097.5693195
File C:\Users\Dell\AppData\Local\Programs\Python\Python37\Lib\site-packages\click\utils.py first seen with mtime 1575469996.5075324
File C:\Users\Dell\AppData\Local\Programs\Python\Python37\Lib\site-packages\sqlparse\compat.py first seen with mtime 1632217491.9516678
File C:\Users\Dell\AppData\Local\Programs\Python\Python37\Lib\importlib\machinery.py first seen with mtime 1571074452.0
File C:\Users\Dell\AppData\Local\Programs\Python\Python37\Lib\argparse.py first seen with mtime 1571074452.0
File C:\Users\Dell\AppData\Local\Programs\Python\Python37\Lib\email\_header_value_parser.py first seen with mtime 1571074452.0
File C:\Users\Dell\AppData\Local\Programs\Python\Python37\Lib\email\mime\multipart.py first seen with mtime 1571074452.0
File C:\Users\Dell\AppData\Local\Programs\Python\Python37\Lib\site-packages\django\template\smartif.py first seen with mtime 1630394097.9717479
File C:\Users\Dell\AppData\Local\Programs\Python\Python37\Lib\heapq.py first seen with mtime 1571074452.0
File C:\Users\Dell\AppData\Local\Programs\Python\Python37\Lib\subprocess.py first seen with mtime 1571074452.0
File C:\Users\Dell\AppData\Local\Programs\Python\Python37\Lib\stat.py first seen with mtime 1571074452.0
File C:\Users\Dell\AppData\Local\Programs\Python\Python37\Lib\io.py first seen with mtime 1571074452.0
File C:\Users\Dell\AppData\Local\Programs\Python\Python37\Lib\site-packages\django\core\checks\registry.py first seen with mtime 1630394097.5440607
File C:\Users\Dell\AppData\Local\Programs\Python\Python37\Lib\site-packages\django\utils\tree.py first seen with mtime 1630394098.1186957
File C:\Users\Dell\AppData\Local\Programs\Python\Python37\Lib\site-packages\click\termui.py first seen with mtime 1575469996.5045753
File C:\Users\Dell\AppData\Local\Programs\Python\Python37\Lib\site-packages\django\db\models\fields\json.py first seen with mtime 1630394097.8145323
File C:\Users\Dell\AppData\Local\Programs\Python\Python37\Lib\site-packages\pkg_resources\_vendor\appdirs.py first seen with mtime 1575469793.537516
File C:\Users\Dell\AppData\Local\Programs\Python\Python37\Lib\__future__.py first seen with mtime 1571074452.0
File C:\Users\Dell\AppData\Local\Programs\Python\Python37\Lib\site-packages\django\db\models\options.py first seen with mtime 1630394097.8066854
File C:\Users\Dell\AppData\Local\Programs\Python\Python37\Lib\mimetypes.py first seen with mtime 1571074452.0
File C:\Users\Dell\AppData\Local\Programs\Python\Python37\Lib\site-packages\django\contrib\auth\apps.py first seen with mtime 1630394090.4577034
File C:\Users\Dell\AppData\Local\Programs\Python\Python37\Lib\site-packages\django\contrib\staticfiles\finders.py first seen with mtime 1630394096.210515
File C:\Users\Dell\AppData\Local\Programs\Python\Python37\Lib\site-packages\urllib3\connectionpool.py first seen with mtime 1632727249.7327356
File C:\Users\Dell\AppData\Local\Programs\Python\Python37\Lib\site-packages\idna\intranges.py first seen with mtime 1632727250.0312145
File C:\Users\Dell\AppData\Local\Programs\Python\Python37\Lib\site-packages\pymongo\client_session.py first seen with mtime 1632217492.3941555
File C:\Users\Dell\AppData\Local\Programs\Python\Python37\Lib\site-packages\rest_framework\request.py first seen with mtime 1632136961.877178
File C:\Users\Dell\AppData\Local\Programs\Python\Python37\Lib\site-packages\django\db\models\expressions.py first seen with mtime 1630394097.8029754
File C:\Users\Dell\AppData\Local\Programs\Python\Python37\Lib\site-packages\click\exceptions.py first seen with mtime 1575469996.4968095
File C:\Users\Dell\AppData\Local\Programs\Python\Python37\Lib\site-packages\django\db\models\indexes.py first seen with mtime 1630394097.80417
File C:\Users\Dell\AppData\Local\Programs\Python\Python37\Lib\site-packages\ruamel\yaml\emitter.py first seen with mtime 1632911227.4774735
File C:\Users\Dell\AppData\Local\Programs\Python\Python37\Lib\site-packages\django\contrib\contenttypes\checks.py first seen with mtime 1630394090.9887052
File C:\Users\Dell\AppData\Local\Programs\Python\Python37\Lib\site-packages\django\db\migrations\operations\base.py first seen with mtime 1630394097.7893999
File C:\Users\Dell\AppData\Local\Programs\Python\Python37\Lib\site-packages\jinja2\asyncfilters.py first seen with mtime 1575470017.6835985
File C:\Users\Dell\AppData\Local\Programs\Python\Python37\Lib\unittest\result.py first seen with mtime 1571074454.0
File C:\Users\Dell\AppData\Local\Programs\Python\Python37\Lib\bz2.py first seen with mtime 1571074452.0
File C:\Users\Dell\AppData\Local\Programs\Python\Python37\Lib\site-packages\ruamel\yaml\constructor.py first seen with mtime 1632911227.4618537
File C:\Users\Dell\AppData\Local\Programs\Python\Python37\Lib\tempfile.py first seen with mtime 1571074452.0
File C:\Users\Dell\AppData\Local\Programs\Python\Python37\Lib\weakref.py first seen with mtime 1571074454.0
File C:\Users\Dell\AppData\Local\Programs\Python\Python37\Lib\encodings\utf_8.py first seen with mtime 1571074452.0
File C:\Users\Dell\AppData\Local\Programs\Python\Python37\Lib\site-packages\django\db\migrations\operations\models.py first seen with mtime 1630394097.7915158
File C:\Users\Dell\AppData\Local\Programs\Python\Python37\Lib\unittest\signals.py first seen with mtime 1571074454.0
File C:\Users\Dell\AppData\Local\Programs\Python\Python37\Lib\site-packages\sqlparse\filters\right_margin.py first seen with mtime 1632217491.9656317
File C:\Users\Dell\AppData\Local\Programs\Python\Python37\Lib\site-packages\sqlparse\formatter.py first seen with mtime 1632217491.9496703
File C:\Users\Dell\AppData\Local\Programs\Python\Python37\Lib\site-packages\drf_yasg\app_settings.py first seen with mtime 1632911228.7099245
File C:\Users\Dell\AppData\Local\Programs\Python\Python37\Lib\asyncio\__init__.py first seen with mtime 1571074452.0
File C:\Users\Dell\AppData\Local\Programs\Python\Python37\Lib\unittest\suite.py first seen with mtime 1571074454.0
File C:\Users\Dell\AppData\Local\Programs\Python\Python37\Lib\site-packages\rest_framework\response.py first seen with mtime 1632136961.8781755
File C:\Users\Dell\AppData\Local\Programs\Python\Python37\Lib\site-packages\django\contrib\staticfiles\management\commands\runserver.py first seen with mtime 1630394097.3804715
File C:\Users\Dell\AppData\Local\Programs\Python\Python37\Lib\site-packages\django\contrib\messages\constants.py first seen with mtime 1630394094.2028632
File C:\Users\Dell\AppData\Local\Programs\Python\Python37\Lib\site-packages\rest_framework\schemas\coreapi.py first seen with mtime 1632136961.999259
File C:\Users\Dell\AppData\Local\Programs\Python\Python37\Lib\concurrent\futures\__init__.py first seen with mtime 1571074452.0
File C:\Users\Dell\AppData\Local\Programs\Python\Python37\Lib\site-packages\ruamel\yaml\parser.py first seen with mtime 1632911227.4774735
File C:\Users\Dell\AppData\Local\Programs\Python\Python37\Lib\site-packages\drf_yasg\inspectors\query.py first seen with mtime 1632911228.729713
File C:\Users\Dell\AppData\Local\Programs\Python\Python37\Lib\site-packages\jinja2\bccache.py first seen with mtime 1575470017.6865623
File C:\Users\Dell\AppData\Local\Programs\Python\Python37\Lib\site-packages\django\db\models\functions\math.py first seen with mtime 1630394097.8246284
File C:\Users\Dell\AppData\Local\Programs\Python\Python37\Lib\site-packages\sqlparse\filters\__init__.py first seen with mtime 1632217491.966628
File C:\Users\Dell\AppData\Local\Programs\Python\Python37\Lib\site-packages\pymongo\database.py first seen with mtime 1632217492.4061239
File C:\Users\Dell\AppData\Local\Programs\Python\Python37\Lib\site-packages\django\core\files\__init__.py first seen with mtime 1630394097.566888
File C:\Users\Dell\AppData\Local\Programs\Python\Python37\Lib\urllib\request.py first seen with mtime 1571074454.0
File C:\Users\Dell\AppData\Local\Programs\Python\Python37\Lib\site-packages\django\template\autoreload.py first seen with mtime 1630394097.959106
File C:\Users\Dell\AppData\Local\Programs\Python\Python37\Lib\site-packages\django\views\csrf.py first seen with mtime 1630394098.1273322
File C:\Users\Dell\AppData\Local\Programs\Python\Python37\Lib\posixpath.py first seen with mtime 1571074452.0
File C:\Users\Dell\AppData\Local\Programs\Python\Python37\DLLs\_overlapped.pyd first seen with mtime 1571078538.0
File C:\Users\Dell\AppData\Local\Programs\Python\Python37\Lib\site-packages\rest_framework\checks.py first seen with mtime 1632136961.8604975
File C:\Users\Dell\AppData\Local\Programs\Python\Python37\Lib\site-packages\django\forms\models.py first seen with mtime 1630394097.8451142
File C:\Users\Dell\AppData\Local\Programs\Python\Python37\Lib\asyncio\runners.py first seen with mtime 1571074452.0
File C:\Users\Dell\AppData\Local\Programs\Python\Python37\Lib\site-packages\urllib3\packages\ssl_match_hostname\__init__.py first seen with mtime 1632727249.756677
File C:\Users\Dell\AppData\Local\Programs\Python\Python37\Lib\site-packages\rest_framework\serializers.py first seen with mtime 1632136961.881168
File C:\Users\Dell\AppData\Local\Programs\Python\Python37\Lib\site-packages\urllib3\filepost.py first seen with mtime 1632727249.7367241
File C:\Users\Dell\AppData\Local\Programs\Python\Python37\Lib\site-packages\django\utils\translation\__init__.py first seen with mtime 1630394098.1213806
File C:\Users\Dell\AppData\Local\Programs\Python\Python37\Lib\site-packages\django\contrib\admin\views\main.py first seen with mtime 1630394090.119737
File C:\Users\Dell\AppData\Local\Programs\Python\Python37\Lib\distutils\__init__.py first seen with mtime 1571074452.0
File C:\Users\Dell\AppData\Local\Programs\Python\Python37\Lib\site-packages\django\views\i18n.py first seen with mtime 1630394098.1302536
File C:\Users\Dell\AppData\Local\Programs\Python\Python37\Lib\site-packages\django\core\cache\utils.py first seen with mtime 1630394097.5014415
File C:\Users\Dell\AppData\Local\Programs\Python\Python37\Lib\site-packages\uritemplate\api.py first seen with mtime 1632911226.6964068
File C:\Users\Dell\AppData\Local\Programs\Python\Python37\Lib\asyncio\streams.py first seen with mtime 1571074452.0
File C:\Users\Dell\AppData\Local\Programs\Python\Python37\Lib\site-packages\certifi\core.py first seen with mtime 1632727250.7715719
File C:\Users\Dell\AppData\Local\Programs\Python\Python37\Lib\site-packages\django\template\engine.py first seen with mtime 1630394097.96645
File C:\Users\Dell\AppData\Local\Programs\Python\Python37\Lib\site-packages\urllib3\util\queue.py first seen with mtime 1632727249.7626555
File C:\Users\Dell\AppData\Local\Programs\Python\Python37\Lib\site-packages\django\core\serializers\base.py first seen with mtime 1630394097.654425
File C:\Users\Dell\AppData\Local\Programs\Python\Python37\Lib\email\parser.py first seen with mtime 1571074452.0
File C:\Users\Dell\AppData\Local\Programs\Python\Python37\Lib\site-packages\django\core\files\locks.py first seen with mtime 1630394097.5705383
File C:\Users\Dell\AppData\Local\Programs\Python\Python37\Lib\numbers.py first seen with mtime 1571074452.0
File C:\Users\Dell\AppData\Local\Programs\Python\Python37\Lib\site-packages\ruamel\yaml\__init__.py first seen with mtime 1632911227.4462385
File C:\Users\Dell\AppData\Local\Programs\Python\Python37\Lib\site-packages\django\contrib\admin\models.py first seen with mtime 1630394085.2944448
File C:\Users\Dell\AppData\Local\Programs\Python\Python37\Lib\pathlib.py first seen with mtime 1571074452.0
File C:\Users\Dell\AppData\Local\Programs\Python\Python37\Lib\site-packages\django\db\models\fields\files.py first seen with mtime 1630394097.8135443
File C:\Users\Dell\AppData\Local\Programs\Python\Python37\Lib\site-packages\django\db\migrations\operations\__init__.py first seen with mtime 1630394097.7885127
File C:\Users\Dell\AppData\Local\Programs\Python\Python37\Lib\site-packages\markupsafe\__init__.py first seen with mtime 1575470018.5909464
File C:\Users\Dell\AppData\Local\Programs\Python\Python37\Lib\site-packages\asgiref\__init__.py first seen with mtime 1630394084.53758
File C:\Users\Dell\AppData\Local\Programs\Python\Python37\Lib\site-packages\django\contrib\messages\storage\__init__.py first seen with mtime 1630394094.2078505
File C:\Users\Dell\AppData\Local\Programs\Python\Python37\Lib\site-packages\django\db\transaction.py first seen with mtime 1630394097.6762075
File C:\Users\Dell\AppData\Local\Programs\Python\Python37\Lib\site-packages\django\db\models\functions\mixins.py first seen with mtime 1630394097.8256247
File C:\Users\Dell\AppData\Local\Programs\Python\Python37\Lib\site-packages\sqlparse\__init__.py first seen with mtime 1632217491.9483135
File C:\Users\Dell\AppData\Local\Programs\Python\Python37\Lib\site-packages\requests\auth.py first seen with mtime 1632727251.2224185
File C:\Users\Dell\AppData\Local\Programs\Python\Python37\Lib\site-packages\ruamel\yaml\resolver.py first seen with mtime 1632911227.493095
File C:\Users\Dell\AppData\Local\Programs\Python\Python37\Lib\site-packages\click\_unicodefun.py first seen with mtime 1575469996.4860587
File C:\Users\Dell\AppData\Local\Programs\Python\Python37\Lib\bisect.py first seen with mtime 1571074452.0
File C:\Users\Dell\AppData\Local\Programs\Python\Python37\Lib\site-packages\coreapi\codecs\corejson.py first seen with mtime 1632911228.445999
File C:\Users\Dell\AppData\Local\Programs\Python\Python37\Lib\site-packages\django\contrib\auth\decorators.py first seen with mtime 1630394090.4646864
File C:\Users\Dell\AppData\Local\Programs\Python\Python37\Lib\site-packages\requests\packages.py first seen with mtime 1632727251.2425635
File C:\Users\Dell\AppData\Local\Programs\Python\Python37\Lib\site-packages\rest_framework\settings.py first seen with mtime 1632136961.8821795
File C:\Users\Dell\AppData\Local\Programs\Python\Python37\Lib\site-packages\rest_framework\utils\serializer_helpers.py first seen with mtime 1632136962.1392062
File C:\Users\Dell\AppData\Local\Programs\Python\Python37\Lib\site-packages\rest_framework\validators.py first seen with mtime 1632136961.8901503
File C:\Users\Dell\AppData\Local\Programs\Python\Python37\Lib\email\errors.py first seen with mtime 1571074452.0
File C:\Users\Dell\AppData\Local\Programs\Python\Python37\Lib\site-packages\pymongo\hello.py first seen with mtime 1632217492.4121058
File C:\Users\Dell\AppData\Local\Programs\Python\Python37\Lib\site-packages\djongo\sql2mongo\converters.py first seen with mtime 1632217493.2910626
File C:\Users\Dell\AppData\Local\Programs\Python\Python37\Lib\site-packages\pymongo\ssl_context.py first seen with mtime 1632217492.4510267
File C:\Users\Dell\AppData\Local\Programs\Python\Python37\Lib\reprlib.py first seen with mtime 1571074452.0
File C:\Users\Dell\AppData\Local\Programs\Python\Python37\Lib\wsgiref\headers.py first seen with mtime 1571074454.0
File C:\Users\Dell\AppData\Local\Programs\Python\Python37\Lib\site-packages\jinja2\exceptions.py first seen with mtime 1575470017.6982741
File C:\Users\Dell\AppData\Local\Programs\Python\Python37\Lib\site-packages\django\core\paginator.py first seen with mtime 1630394097.4728372
File C:\Users\Dell\AppData\Local\Programs\Python\Python37\Lib\site-packages\rest_framework\decorators.py first seen with mtime 1632136961.863216
File C:\Users\Dell\AppData\Local\Programs\Python\Python37\Lib\abc.py first seen with mtime 1571074452.0
File C:\Users\Dell\AppData\Local\Programs\Python\Python37\Lib\site-packages\django\db\models\manager.py first seen with mtime 1630394097.80517
File C:\Users\Dell\AppData\Local\Programs\Python\Python37\Lib\site-packages\django\forms\utils.py first seen with mtime 1630394097.847525
File C:\Users\Dell\AppData\Local\Programs\Python\Python37\Lib\site-packages\jinja2\tests.py first seen with mtime 1575470017.715806
File C:\Users\Dell\AppData\Local\Programs\Python\Python37\Lib\site-packages\django\db\models\sql\subqueries.py first seen with mtime 1630394097.834843
File C:\Users\Dell\AppData\Local\Programs\Python\Python37\Lib\site-packages\requests\_internal_utils.py first seen with mtime 1632727251.2137823
File C:\Users\Dell\AppData\Local\Programs\Python\Python37\Lib\site-packages\django\core\handlers\base.py first seen with mtime 1630394097.598214
File C:\Users\Dell\AppData\Local\Programs\Python\Python37\Lib\site-packages\pkg_resources\_vendor\packaging\requirements.py first seen with mtime 1575469793.5453231
File C:\Users\Dell\AppData\Local\Programs\Python\Python37\Lib\site-packages\ruamel\yaml\reader.py first seen with mtime 1632911227.4774735
File C:\Users\Dell\AppData\Local\Programs\Python\Python37\Lib\unittest\loader.py first seen with mtime 1571074454.0
File C:\Users\Dell\AppData\Local\Programs\Python\Python37\Lib\site-packages\django\views\generic\edit.py first seen with mtime 1630394098.1480863
File C:\Users\Dell\AppData\Local\Programs\Python\Python37\Lib\site-packages\django\shortcuts.py first seen with mtime 1630394084.8306878
File C:\Users\Dell\AppData\Local\Programs\Python\Python37\Lib\struct.py first seen with mtime 1571074452.0
File C:\Users\Dell\AppData\Local\Programs\Python\Python37\Lib\site-packages\jinja2\compiler.py first seen with mtime 1575470017.6894915
File C:\Users\Dell\AppData\Local\Programs\Python\Python37\Lib\site-packages\django\db\backends\base\client.py first seen with mtime 1630394097.683723
File C:\Users\Dell\AppData\Local\Programs\Python\Python37\Lib\site-packages\django\core\files\base.py first seen with mtime 1630394097.56809
File C:\Users\Dell\AppData\Local\Programs\Python\Python37\Lib\site-packages\coreschema\__init__.py first seen with mtime 1632911227.1807501
File C:\Users\Dell\AppData\Local\Programs\Python\Python37\Lib\site-packages\django\contrib\auth\middleware.py first seen with mtime 1630394090.4676783
File C:\Users\Dell\AppData\Local\Programs\Python\Python37\Lib\xml\dom\__init__.py first seen with mtime 1571074454.0
File C:\Users\Dell\AppData\Local\Programs\Python\Python37\Lib\site-packages\djongo\exceptions.py first seen with mtime 1632217493.162983
File C:\Users\Dell\AppData\Local\Programs\Python\Python37\Lib\asyncio\protocols.py first seen with mtime 1571074452.0
File C:\Users\Dell\AppData\Local\Programs\Python\Python37\Lib\site-packages\django\contrib\admin\templatetags\admin_urls.py first seen with mtime 1630394090.1150694
File C:\Users\Dell\AppData\Local\Programs\Python\Python37\Lib\email\contentmanager.py first seen with mtime 1571074452.0
File C:\Users\Dell\AppData\Local\Programs\Python\Python37\Lib\nturl2path.py first seen with mtime 1571074452.0
File C:\Users\Dell\AppData\Local\Programs\Python\Python37\Lib\site-packages\django\views\generic\dates.py first seen with mtime 1630394098.1465173
File C:\Users\Dell\AppData\Local\Programs\Python\Python37\Lib\site-packages\django\utils\autoreload.py first seen with mtime 1630394098.0472267
File C:\Users\Dell\AppData\Local\Programs\Python\Python37\Lib\site-packages\django\middleware\security.py first seen with mtime 1630394097.9560769
File C:\Users\Dell\AppData\Local\Programs\Python\Python37\Lib\concurrent\futures\thread.py first seen with mtime 1571074452.0
File C:\Users\Dell\AppData\Local\Programs\Python\Python37\lib\site-packages\drf_yasg\templates\drf-yasg first seen with mtime 1632911228.8092923
File C:\Users\Dell\AppData\Local\Programs\Python\Python37\lib\site-packages\drf_yasg\templates\drf-yasg\redoc-old.html first seen with mtime 1632911228.808312
File C:\Users\Dell\AppData\Local\Programs\Python\Python37\lib\site-packages\drf_yasg\templates\drf-yasg\redoc.html first seen with mtime 1632911228.8092923
File C:\Users\Dell\AppData\Local\Programs\Python\Python37\lib\site-packages\drf_yasg\templates\drf-yasg\swagger-ui.html first seen with mtime 1632911228.8102906
File C:\Users\Dell\AppData\Local\Programs\Python\Python37\lib\site-packages\rest_framework\templates\rest_framework first seen with mtime 1632136962.1105418
File C:\Users\Dell\AppData\Local\Programs\Python\Python37\lib\site-packages\rest_framework\templates\rest_framework\admin first seen with mtime 1632136962.0697093
File C:\Users\Dell\AppData\Local\Programs\Python\Python37\lib\site-packages\rest_framework\templates\rest_framework\admin.html first seen with mtime 1632136962.0594876
File C:\Users\Dell\AppData\Local\Programs\Python\Python37\lib\site-packages\rest_framework\templates\rest_framework\api.html first seen with mtime 1632136962.0604906
File C:\Users\Dell\AppData\Local\Programs\Python\Python37\lib\site-packages\rest_framework\templates\rest_framework\base.html first seen with mtime 1632136962.061728
File C:\Users\Dell\AppData\Local\Programs\Python\Python37\lib\site-packages\rest_framework\templates\rest_framework\docs first seen with mtime 1632136962.079048
File C:\Users\Dell\AppData\Local\Programs\Python\Python37\lib\site-packages\rest_framework\templates\rest_framework\filters first seen with mtime 1632136962.086612
File C:\Users\Dell\AppData\Local\Programs\Python\Python37\lib\site-packages\rest_framework\templates\rest_framework\horizontal first seen with mtime 1632136962.097581
File C:\Users\Dell\AppData\Local\Programs\Python\Python37\lib\site-packages\rest_framework\templates\rest_framework\inline first seen with mtime 1632136962.1085472
File C:\Users\Dell\AppData\Local\Programs\Python\Python37\lib\site-packages\rest_framework\templates\rest_framework\login.html first seen with mtime 1632136962.0627582
File C:\Users\Dell\AppData\Local\Programs\Python\Python37\lib\site-packages\rest_framework\templates\rest_framework\login_base.html first seen with mtime 1632136962.0637565
File C:\Users\Dell\AppData\Local\Programs\Python\Python37\lib\site-packages\rest_framework\templates\rest_framework\pagination first seen with mtime 1632136962.1095443
File C:\Users\Dell\AppData\Local\Programs\Python\Python37\lib\site-packages\rest_framework\templates\rest_framework\raw_data_form.html first seen with mtime 1632136962.064723
File C:\Users\Dell\AppData\Local\Programs\Python\Python37\lib\site-packages\rest_framework\templates\rest_framework\schema.js first seen with mtime 1632136962.0657203
File C:\Users\Dell\AppData\Local\Programs\Python\Python37\lib\site-packages\rest_framework\templates\rest_framework\vertical first seen with mtime 1632136962.1222146
File C:\Users\Dell\AppData\Local\Programs\Python\Python37\lib\site-packages\rest_framework\templates\rest_framework\admin\detail.html first seen with mtime 1632136962.0667164
File C:\Users\Dell\AppData\Local\Programs\Python\Python37\lib\site-packages\rest_framework\templates\rest_framework\admin\dict_value.html first seen with mtime 1632136962.067715
File C:\Users\Dell\AppData\Local\Programs\Python\Python37\lib\site-packages\rest_framework\templates\rest_framework\admin\list.html first seen with mtime 1632136962.067715
File C:\Users\Dell\AppData\Local\Programs\Python\Python37\lib\site-packages\rest_framework\templates\rest_framework\admin\list_value.html first seen with mtime 1632136962.0697093
File C:\Users\Dell\AppData\Local\Programs\Python\Python37\lib\site-packages\rest_framework\templates\rest_framework\admin\simple_list_value.html first seen with mtime 1632136962.0697093
File C:\Users\Dell\AppData\Local\Programs\Python\Python37\lib\site-packages\rest_framework\templates\rest_framework\docs\auth first seen with mtime 1632136962.0780506
File C:\Users\Dell\AppData\Local\Programs\Python\Python37\lib\site-packages\rest_framework\templates\rest_framework\docs\document.html first seen with mtime 1632136962.0707068
File C:\Users\Dell\AppData\Local\Programs\Python\Python37\lib\site-packages\rest_framework\templates\rest_framework\docs\error.html first seen with mtime 1632136962.0717041
File C:\Users\Dell\AppData\Local\Programs\Python\Python37\lib\site-packages\rest_framework\templates\rest_framework\docs\index.html first seen with mtime 1632136962.0727005
File C:\Users\Dell\AppData\Local\Programs\Python\Python37\lib\site-packages\rest_framework\templates\rest_framework\docs\interact.html first seen with mtime 1632136962.0740576
File C:\Users\Dell\AppData\Local\Programs\Python\Python37\lib\site-packages\rest_framework\templates\rest_framework\docs\langs first seen with mtime 1632136962.0836198
File C:\Users\Dell\AppData\Local\Programs\Python\Python37\lib\site-packages\rest_framework\templates\rest_framework\docs\link.html first seen with mtime 1632136962.0750592
File C:\Users\Dell\AppData\Local\Programs\Python\Python37\lib\site-packages\rest_framework\templates\rest_framework\docs\sidebar.html first seen with mtime 1632136962.0760553
File C:\Users\Dell\AppData\Local\Programs\Python\Python37\lib\site-packages\rest_framework\templates\rest_framework\docs\auth\basic.html first seen with mtime 1632136962.0770524
File C:\Users\Dell\AppData\Local\Programs\Python\Python37\lib\site-packages\rest_framework\templates\rest_framework\docs\auth\session.html first seen with mtime 1632136962.0780506
File C:\Users\Dell\AppData\Local\Programs\Python\Python37\lib\site-packages\rest_framework\templates\rest_framework\docs\auth\token.html first seen with mtime 1632136962.079048
File C:\Users\Dell\AppData\Local\Programs\Python\Python37\lib\site-packages\rest_framework\templates\rest_framework\docs\langs\javascript-intro.html first seen with mtime 1632136962.080045
File C:\Users\Dell\AppData\Local\Programs\Python\Python37\lib\site-packages\rest_framework\templates\rest_framework\docs\langs\javascript.html first seen with mtime 1632136962.080045
File C:\Users\Dell\AppData\Local\Programs\Python\Python37\lib\site-packages\rest_framework\templates\rest_framework\docs\langs\python-intro.html first seen with mtime 1632136962.0816224
File C:\Users\Dell\AppData\Local\Programs\Python\Python37\lib\site-packages\rest_framework\templates\rest_framework\docs\langs\python.html first seen with mtime 1632136962.0826228
File C:\Users\Dell\AppData\Local\Programs\Python\Python37\lib\site-packages\rest_framework\templates\rest_framework\docs\langs\shell-intro.html first seen with mtime 1632136962.0826228
File C:\Users\Dell\AppData\Local\Programs\Python\Python37\lib\site-packages\rest_framework\templates\rest_framework\docs\langs\shell.html first seen with mtime 1632136962.0836198
File C:\Users\Dell\AppData\Local\Programs\Python\Python37\lib\site-packages\rest_framework\templates\rest_framework\filters\base.html first seen with mtime 1632136962.0846176
File C:\Users\Dell\AppData\Local\Programs\Python\Python37\lib\site-packages\rest_framework\templates\rest_framework\filters\ordering.html first seen with mtime 1632136962.0856147
File C:\Users\Dell\AppData\Local\Programs\Python\Python37\lib\site-packages\rest_framework\templates\rest_framework\filters\search.html first seen with mtime 1632136962.086612
File C:\Users\Dell\AppData\Local\Programs\Python\Python37\lib\site-packages\rest_framework\templates\rest_framework\horizontal\checkbox.html first seen with mtime 1632136962.088608
File C:\Users\Dell\AppData\Local\Programs\Python\Python37\lib\site-packages\rest_framework\templates\rest_framework\horizontal\checkbox_multiple.html first seen with mtime 1632136962.0896044
File C:\Users\Dell\AppData\Local\Programs\Python\Python37\lib\site-packages\rest_framework\templates\rest_framework\horizontal\dict_field.html first seen with mtime 1632136962.090592
File C:\Users\Dell\AppData\Local\Programs\Python\Python37\lib\site-packages\rest_framework\templates\rest_framework\horizontal\fieldset.html first seen with mtime 1632136962.0915935
File C:\Users\Dell\AppData\Local\Programs\Python\Python37\lib\site-packages\rest_framework\templates\rest_framework\horizontal\form.html first seen with mtime 1632136962.0915935
File C:\Users\Dell\AppData\Local\Programs\Python\Python37\lib\site-packages\rest_framework\templates\rest_framework\horizontal\input.html first seen with mtime 1632136962.092589
File C:\Users\Dell\AppData\Local\Programs\Python\Python37\lib\site-packages\rest_framework\templates\rest_framework\horizontal\list_field.html first seen with mtime 1632136962.0935872
File C:\Users\Dell\AppData\Local\Programs\Python\Python37\lib\site-packages\rest_framework\templates\rest_framework\horizontal\list_fieldset.html first seen with mtime 1632136962.0945845
File C:\Users\Dell\AppData\Local\Programs\Python\Python37\lib\site-packages\rest_framework\templates\rest_framework\horizontal\radio.html first seen with mtime 1632136962.095582
File C:\Users\Dell\AppData\Local\Programs\Python\Python37\lib\site-packages\rest_framework\templates\rest_framework\horizontal\select.html first seen with mtime 1632136962.095582
File C:\Users\Dell\AppData\Local\Programs\Python\Python37\lib\site-packages\rest_framework\templates\rest_framework\horizontal\select_multiple.html first seen with mtime 1632136962.096579
File C:\Users\Dell\AppData\Local\Programs\Python\Python37\lib\site-packages\rest_framework\templates\rest_framework\horizontal\textarea.html first seen with mtime 1632136962.097581
File C:\Users\Dell\AppData\Local\Programs\Python\Python37\lib\site-packages\rest_framework\templates\rest_framework\inline\checkbox.html first seen with mtime 1632136962.0985744
File C:\Users\Dell\AppData\Local\Programs\Python\Python37\lib\site-packages\rest_framework\templates\rest_framework\inline\checkbox_multiple.html first seen with mtime 1632136962.099588
File C:\Users\Dell\AppData\Local\Programs\Python\Python37\lib\site-packages\rest_framework\templates\rest_framework\inline\dict_field.html first seen with mtime 1632136962.100569
File C:\Users\Dell\AppData\Local\Programs\Python\Python37\lib\site-packages\rest_framework\templates\rest_framework\inline\fieldset.html first seen with mtime 1632136962.1015658
File C:\Users\Dell\AppData\Local\Programs\Python\Python37\lib\site-packages\rest_framework\templates\rest_framework\inline\form.html first seen with mtime 1632136962.1025639
File C:\Users\Dell\AppData\Local\Programs\Python\Python37\lib\site-packages\rest_framework\templates\rest_framework\inline\input.html first seen with mtime 1632136962.1035607
File C:\Users\Dell\AppData\Local\Programs\Python\Python37\lib\site-packages\rest_framework\templates\rest_framework\inline\list_field.html first seen with mtime 1632136962.1045582
File C:\Users\Dell\AppData\Local\Programs\Python\Python37\lib\site-packages\rest_framework\templates\rest_framework\inline\list_fieldset.html first seen with mtime 1632136962.1055553
File C:\Users\Dell\AppData\Local\Programs\Python\Python37\lib\site-packages\rest_framework\templates\rest_framework\inline\radio.html first seen with mtime 1632136962.1055553
File C:\Users\Dell\AppData\Local\Programs\Python\Python37\lib\site-packages\rest_framework\templates\rest_framework\inline\select.html first seen with mtime 1632136962.1065526
File C:\Users\Dell\AppData\Local\Programs\Python\Python37\lib\site-packages\rest_framework\templates\rest_framework\inline\select_multiple.html first seen with mtime 1632136962.1075501
File C:\Users\Dell\AppData\Local\Programs\Python\Python37\lib\site-packages\rest_framework\templates\rest_framework\inline\textarea.html first seen with mtime 1632136962.1085472
File C:\Users\Dell\AppData\Local\Programs\Python\Python37\lib\site-packages\rest_framework\templates\rest_framework\pagination\numbers.html first seen with mtime 1632136962.1095443
File C:\Users\Dell\AppData\Local\Programs\Python\Python37\lib\site-packages\rest_framework\templates\rest_framework\pagination\previous_and_next.html first seen with mtime 1632136962.1105418
File C:\Users\Dell\AppData\Local\Programs\Python\Python37\lib\site-packages\rest_framework\templates\rest_framework\vertical\checkbox.html first seen with mtime 1632136962.1115394
File C:\Users\Dell\AppData\Local\Programs\Python\Python37\lib\site-packages\rest_framework\templates\rest_framework\vertical\checkbox_multiple.html first seen with mtime 1632136962.1115394
File C:\Users\Dell\AppData\Local\Programs\Python\Python37\lib\site-packages\rest_framework\templates\rest_framework\vertical\dict_field.html first seen with mtime 1632136962.1132362
File C:\Users\Dell\AppData\Local\Programs\Python\Python37\lib\site-packages\rest_framework\templates\rest_framework\vertical\fieldset.html first seen with mtime 1632136962.1142368
File C:\Users\Dell\AppData\Local\Programs\Python\Python37\lib\site-packages\rest_framework\templates\rest_framework\vertical\form.html first seen with mtime 1632136962.1152325
File C:\Users\Dell\AppData\Local\Programs\Python\Python37\lib\site-packages\rest_framework\templates\rest_framework\vertical\input.html first seen with mtime 1632136962.116232
File C:\Users\Dell\AppData\Local\Programs\Python\Python37\lib\site-packages\rest_framework\templates\rest_framework\vertical\list_field.html first seen with mtime 1632136962.1172285
File C:\Users\Dell\AppData\Local\Programs\Python\Python37\lib\site-packages\rest_framework\templates\rest_framework\vertical\list_fieldset.html first seen with mtime 1632136962.118225
File C:\Users\Dell\AppData\Local\Programs\Python\Python37\lib\site-packages\rest_framework\templates\rest_framework\vertical\radio.html first seen with mtime 1632136962.1192229
File C:\Users\Dell\AppData\Local\Programs\Python\Python37\lib\site-packages\rest_framework\templates\rest_framework\vertical\select.html first seen with mtime 1632136962.1202197
File C:\Users\Dell\AppData\Local\Programs\Python\Python37\lib\site-packages\rest_framework\templates\rest_framework\vertical\select_multiple.html first seen with mtime 1632136962.1212175
File C:\Users\Dell\AppData\Local\Programs\Python\Python37\lib\site-packages\rest_framework\templates\rest_framework\vertical\textarea.html first seen with mtime 1632136962.1222146
File C:\Users\Dell\AppData\Local\Programs\Python\Python37\lib\site-packages\rest_framework\locale\ach\LC_MESSAGES\django.mo first seen with mtime 1632136961.91289
File C:\Users\Dell\AppData\Local\Programs\Python\Python37\lib\site-packages\rest_framework\locale\ar\LC_MESSAGES\django.mo first seen with mtime 1632136961.913888
File C:\Users\Dell\AppData\Local\Programs\Python\Python37\lib\site-packages\rest_framework\locale\az\LC_MESSAGES\django.mo first seen with mtime 1632136961.915882
File C:\Users\Dell\AppData\Local\Programs\Python\Python37\lib\site-packages\rest_framework\locale\be\LC_MESSAGES\django.mo first seen with mtime 1632136961.9168808
File C:\Users\Dell\AppData\Local\Programs\Python\Python37\lib\site-packages\rest_framework\locale\bg\LC_MESSAGES\django.mo first seen with mtime 1632136961.9188752
File C:\Users\Dell\AppData\Local\Programs\Python\Python37\lib\site-packages\rest_framework\locale\ca\LC_MESSAGES\django.mo first seen with mtime 1632136961.919873
File C:\Users\Dell\AppData\Local\Programs\Python\Python37\lib\site-packages\rest_framework\locale\ca_ES\LC_MESSAGES\django.mo first seen with mtime 1632136961.9208705
File C:\Users\Dell\AppData\Local\Programs\Python\Python37\lib\site-packages\rest_framework\locale\cs\LC_MESSAGES\django.mo first seen with mtime 1632136961.9234917
File C:\Users\Dell\AppData\Local\Programs\Python\Python37\lib\site-packages\rest_framework\locale\da\LC_MESSAGES\django.mo first seen with mtime 1632136961.924456
File C:\Users\Dell\AppData\Local\Programs\Python\Python37\lib\site-packages\rest_framework\locale\de\LC_MESSAGES\django.mo first seen with mtime 1632136961.92645
File C:\Users\Dell\AppData\Local\Programs\Python\Python37\lib\site-packages\rest_framework\locale\el\LC_MESSAGES\django.mo first seen with mtime 1632136961.9274473
File C:\Users\Dell\AppData\Local\Programs\Python\Python37\lib\site-packages\rest_framework\locale\el_GR\LC_MESSAGES\django.mo first seen with mtime 1632136961.9284446
File C:\Users\Dell\AppData\Local\Programs\Python\Python37\lib\site-packages\rest_framework\locale\en\LC_MESSAGES\django.mo first seen with mtime 1632136961.930444
File C:\Users\Dell\AppData\Local\Programs\Python\Python37\lib\site-packages\rest_framework\locale\en_AU\LC_MESSAGES\django.mo first seen with mtime 1632136961.9314368
File C:\Users\Dell\AppData\Local\Programs\Python\Python37\lib\site-packages\rest_framework\locale\en_CA\LC_MESSAGES\django.mo first seen with mtime 1632136961.932434
File C:\Users\Dell\AppData\Local\Programs\Python\Python37\lib\site-packages\rest_framework\locale\en_US\LC_MESSAGES\django.mo first seen with mtime 1632136961.9334316
File C:\Users\Dell\AppData\Local\Programs\Python\Python37\lib\site-packages\rest_framework\locale\es\LC_MESSAGES\django.mo first seen with mtime 1632136961.935425
File C:\Users\Dell\AppData\Local\Programs\Python\Python37\lib\site-packages\rest_framework\locale\et\LC_MESSAGES\django.mo first seen with mtime 1632136961.9364233
File C:\Users\Dell\AppData\Local\Programs\Python\Python37\lib\site-packages\rest_framework\locale\fa\LC_MESSAGES\django.mo first seen with mtime 1632136961.9384181
File C:\Users\Dell\AppData\Local\Programs\Python\Python37\lib\site-packages\rest_framework\locale\fa_IR\LC_MESSAGES\django.mo first seen with mtime 1632136961.9394155
File C:\Users\Dell\AppData\Local\Programs\Python\Python37\lib\site-packages\rest_framework\locale\fi\LC_MESSAGES\django.mo first seen with mtime 1632136961.9404135
File C:\Users\Dell\AppData\Local\Programs\Python\Python37\lib\site-packages\rest_framework\locale\fr\LC_MESSAGES\django.mo first seen with mtime 1632136961.9424205
File C:\Users\Dell\AppData\Local\Programs\Python\Python37\lib\site-packages\rest_framework\locale\fr_CA\LC_MESSAGES\django.mo first seen with mtime 1632136961.943405
File C:\Users\Dell\AppData\Local\Programs\Python\Python37\lib\site-packages\rest_framework\locale\gl\LC_MESSAGES\django.mo first seen with mtime 1632136961.9444022
File C:\Users\Dell\AppData\Local\Programs\Python\Python37\lib\site-packages\rest_framework\locale\gl_ES\LC_MESSAGES\django.mo first seen with mtime 1632136961.9454
File C:\Users\Dell\AppData\Local\Programs\Python\Python37\lib\site-packages\rest_framework\locale\he_IL\LC_MESSAGES\django.mo first seen with mtime 1632136961.9473948
File C:\Users\Dell\AppData\Local\Programs\Python\Python37\lib\site-packages\rest_framework\locale\hu\LC_MESSAGES\django.mo first seen with mtime 1632136961.94839
File C:\Users\Dell\AppData\Local\Programs\Python\Python37\lib\site-packages\rest_framework\locale\hy\LC_MESSAGES\django.mo first seen with mtime 1632136961.950386
File C:\Users\Dell\AppData\Local\Programs\Python\Python37\lib\site-packages\rest_framework\locale\id\LC_MESSAGES\django.mo first seen with mtime 1632136961.9513834
File C:\Users\Dell\AppData\Local\Programs\Python\Python37\lib\site-packages\rest_framework\locale\it\LC_MESSAGES\django.mo first seen with mtime 1632136961.9523807
File C:\Users\Dell\AppData\Local\Programs\Python\Python37\lib\site-packages\rest_framework\locale\ja\LC_MESSAGES\django.mo first seen with mtime 1632136961.9543755
File C:\Users\Dell\AppData\Local\Programs\Python\Python37\lib\site-packages\rest_framework\locale\ko_KR\LC_MESSAGES\django.mo first seen with mtime 1632136961.9553847
File C:\Users\Dell\AppData\Local\Programs\Python\Python37\lib\site-packages\rest_framework\locale\lt\LC_MESSAGES\django.mo first seen with mtime 1632136961.9563704
File C:\Users\Dell\AppData\Local\Programs\Python\Python37\lib\site-packages\rest_framework\locale\lv\LC_MESSAGES\django.mo first seen with mtime 1632136961.958374
File C:\Users\Dell\AppData\Local\Programs\Python\Python37\lib\site-packages\rest_framework\locale\mk\LC_MESSAGES\django.mo first seen with mtime 1632136961.9593623
File C:\Users\Dell\AppData\Local\Programs\Python\Python37\lib\site-packages\rest_framework\locale\nb\LC_MESSAGES\django.mo first seen with mtime 1632136961.9603605
File C:\Users\Dell\AppData\Local\Programs\Python\Python37\lib\site-packages\rest_framework\locale\ne_NP\LC_MESSAGES\django.mo first seen with mtime 1632136961.9623575
File C:\Users\Dell\AppData\Local\Programs\Python\Python37\lib\site-packages\rest_framework\locale\nl\LC_MESSAGES\django.mo first seen with mtime 1632136961.9633515
File C:\Users\Dell\AppData\Local\Programs\Python\Python37\lib\site-packages\rest_framework\locale\nn\LC_MESSAGES\django.mo first seen with mtime 1632136961.9643488
File C:\Users\Dell\AppData\Local\Programs\Python\Python37\lib\site-packages\rest_framework\locale\no\LC_MESSAGES\django.mo first seen with mtime 1632136961.9663434
File C:\Users\Dell\AppData\Local\Programs\Python\Python37\lib\site-packages\rest_framework\locale\pl\LC_MESSAGES\django.mo first seen with mtime 1632136961.9673407
File C:\Users\Dell\AppData\Local\Programs\Python\Python37\lib\site-packages\rest_framework\locale\pt\LC_MESSAGES\django.mo first seen with mtime 1632136961.9683404
File C:\Users\Dell\AppData\Local\Programs\Python\Python37\lib\site-packages\rest_framework\locale\pt_BR\LC_MESSAGES\django.mo first seen with mtime 1632136961.9703326
File C:\Users\Dell\AppData\Local\Programs\Python\Python37\lib\site-packages\rest_framework\locale\pt_PT\LC_MESSAGES\django.mo first seen with mtime 1632136961.9713302
File C:\Users\Dell\AppData\Local\Programs\Python\Python37\lib\site-packages\rest_framework\locale\ro\LC_MESSAGES\django.mo first seen with mtime 1632136961.973325
File C:\Users\Dell\AppData\Local\Programs\Python\Python37\lib\site-packages\rest_framework\locale\ru\LC_MESSAGES\django.mo first seen with mtime 1632136961.9743211
File C:\Users\Dell\AppData\Local\Programs\Python\Python37\lib\site-packages\rest_framework\locale\ru_RU\LC_MESSAGES\django.mo first seen with mtime 1632136961.9753196
File C:\Users\Dell\AppData\Local\Programs\Python\Python37\lib\site-packages\rest_framework\locale\sk\LC_MESSAGES\django.mo first seen with mtime 1632136961.9773142
File C:\Users\Dell\AppData\Local\Programs\Python\Python37\lib\site-packages\rest_framework\locale\sl\LC_MESSAGES\django.mo first seen with mtime 1632136961.9783118
File C:\Users\Dell\AppData\Local\Programs\Python\Python37\lib\site-packages\rest_framework\locale\sv\LC_MESSAGES\django.mo first seen with mtime 1632136961.980305
File C:\Users\Dell\AppData\Local\Programs\Python\Python37\lib\site-packages\rest_framework\locale\th\LC_MESSAGES\django.mo first seen with mtime 1632136961.9813023
File C:\Users\Dell\AppData\Local\Programs\Python\Python37\lib\site-packages\rest_framework\locale\tr\LC_MESSAGES\django.mo first seen with mtime 1632136961.9822998
File C:\Users\Dell\AppData\Local\Programs\Python\Python37\lib\site-packages\rest_framework\locale\tr_TR\LC_MESSAGES\django.mo first seen with mtime 1632136961.9842942
File C:\Users\Dell\AppData\Local\Programs\Python\Python37\lib\site-packages\rest_framework\locale\uk\LC_MESSAGES\django.mo first seen with mtime 1632136961.9852915
File C:\Users\Dell\AppData\Local\Programs\Python\Python37\lib\site-packages\rest_framework\locale\vi\LC_MESSAGES\django.mo first seen with mtime 1632136961.986303
File C:\Users\Dell\AppData\Local\Programs\Python\Python37\lib\site-packages\rest_framework\locale\zh_CN\LC_MESSAGES\django.mo first seen with mtime 1632136961.9882839
File C:\Users\Dell\AppData\Local\Programs\Python\Python37\lib\site-packages\rest_framework\locale\zh_Hans\LC_MESSAGES\django.mo first seen with mtime 1632136961.9892812
File C:\Users\Dell\AppData\Local\Programs\Python\Python37\lib\site-packages\rest_framework\locale\zh_Hant\LC_MESSAGES\django.mo first seen with mtime 1632136961.9902782
File C:\Users\Dell\AppData\Local\Programs\Python\Python37\lib\site-packages\rest_framework\locale\zh_TW\LC_MESSAGES\django.mo first seen with mtime 1632136961.992273
File C:\Users\Dell\AppData\Local\Programs\Python\Python37\Lib\site-packages\django\db\migrations\loader.py first seen with mtime 1630394097.779801
File C:\Users\Dell\PycharmProjects\PaginationExample\PaginationExample\wsgi.py first seen with mtime 1632986154.4772344
File C:\Users\Dell\AppData\Local\Programs\Python\Python37\Lib\site-packages\django\contrib\contenttypes\migrations\__init__.py first seen with mtime 1630394093.2319605
File C:\Users\Dell\AppData\Local\Programs\Python\Python37\Lib\site-packages\django\contrib\auth\migrations\0002_alter_permission_name_max_length.py first seen with mtime 1630394090.9617743
File C:\Users\Dell\AppData\Local\Programs\Python\Python37\Lib\site-packages\django\contrib\auth\migrations\0007_alter_validators_add_error_messages.py first seen with mtime 1630394090.9697528
File C:\Users\Dell\AppData\Local\Programs\Python\Python37\Lib\site-packages\django\contrib\admin\migrations\0002_logentry_remove_auto_add.py first seen with mtime 1630394089.3239572
File C:\Users\Dell\AppData\Local\Programs\Python\Python37\Lib\site-packages\django\contrib\admin\migrations\0003_logentry_add_action_flag_choices.py first seen with mtime 1630394089.3972135
File C:\Users\Dell\PycharmProjects\PaginationExample\api\migrations\__init__.py first seen with mtime 1632894990.4388983
File C:\Users\Dell\AppData\Local\Programs\Python\Python37\Lib\site-packages\django\middleware\common.py first seen with mtime 1630394097.9516547
File C:\Users\Dell\AppData\Local\Programs\Python\Python37\Lib\site-packages\django\db\migrations\recorder.py first seen with mtime 1630394097.7833009
File C:\Users\Dell\AppData\Local\Programs\Python\Python37\Lib\site-packages\django\contrib\auth\migrations\0003_alter_user_email_max_length.py first seen with mtime 1630394090.9637692
File C:\Users\Dell\AppData\Local\Programs\Python\Python37\Lib\site-packages\django\contrib\sessions\migrations\__init__.py first seen with mtime 1630394095.877541
File C:\Users\Dell\AppData\Local\Programs\Python\Python37\Lib\site-packages\django\middleware\locale.py first seen with mtime 1630394097.9560769
File C:\Users\Dell\AppData\Local\Programs\Python\Python37\Lib\site-packages\django\contrib\contenttypes\migrations\0001_initial.py first seen with mtime 1630394092.467535
File C:\Users\Dell\AppData\Local\Programs\Python\Python37\Lib\site-packages\django\conf\urls\i18n.py first seen with mtime 1630394085.2688954
File C:\Users\Dell\PycharmProjects\PaginationExample\api\migrations\0001_initial.py first seen with mtime 1632895741.89497
File C:\Users\Dell\AppData\Local\Programs\Python\Python37\Lib\site-packages\django\contrib\contenttypes\migrations\0002_remove_content_type_name.py first seen with mtime 1630394093.2279725
File C:\Users\Dell\AppData\Local\Programs\Python\Python37\Lib\site-packages\django\contrib\sessions\exceptions.py first seen with mtime 1630394095.5741363
File C:\Users\Dell\AppData\Local\Programs\Python\Python37\Lib\site-packages\django\contrib\auth\migrations\0006_require_contenttypes_0002.py first seen with mtime 1630394090.9677584
File C:\Users\Dell\AppData\Local\Programs\Python\Python37\Lib\site-packages\django\contrib\sessions\migrations\0001_initial.py first seen with mtime 1630394095.868845
File C:\Users\Dell\AppData\Local\Programs\Python\Python37\Lib\site-packages\django\contrib\admin\migrations\__init__.py first seen with mtime 1630394089.400201
File C:\Users\Dell\AppData\Local\Programs\Python\Python37\Lib\site-packages\django\contrib\auth\migrations\0009_alter_user_last_name_max_length.py first seen with mtime 1630394090.9727447
File C:\Users\Dell\AppData\Local\Programs\Python\Python37\Lib\site-packages\django\contrib\auth\migrations\__init__.py first seen with mtime 1630394090.9777317
File C:\Users\Dell\AppData\Local\Programs\Python\Python37\Lib\site-packages\django\db\migrations\graph.py first seen with mtime 1630394097.7785292
File C:\Users\Dell\AppData\Local\Programs\Python\Python37\Lib\site-packages\django\middleware\clickjacking.py first seen with mtime 1630394097.9343057
File C:\Users\Dell\AppData\Local\Programs\Python\Python37\Lib\site-packages\django\contrib\auth\migrations\0010_alter_group_name_max_length.py first seen with mtime 1630394090.9737422
File C:\Users\Dell\PycharmProjects\PaginationExample\api\middleware.py first seen with mtime 1632983249.784982
File C:\Users\Dell\AppData\Local\Programs\Python\Python37\Lib\site-packages\django\contrib\messages\middleware.py first seen with mtime 1630394094.204859
File C:\Users\Dell\AppData\Local\Programs\Python\Python37\Lib\site-packages\django\contrib\auth\migrations\0012_alter_user_first_name_max_length.py first seen with mtime 1630394090.976735
File C:\Users\Dell\AppData\Local\Programs\Python\Python37\Lib\site-packages\django\db\models\sql\compiler.py first seen with mtime 1630394097.8297315
File C:\Users\Dell\AppData\Local\Programs\Python\Python37\Lib\site-packages\django\contrib\auth\migrations\0001_initial.py first seen with mtime 1630394090.960777
File C:\Users\Dell\AppData\Local\Programs\Python\Python37\Lib\site-packages\django\contrib\auth\migrations\0005_alter_user_last_login_null.py first seen with mtime 1630394090.966761
File C:\Users\Dell\AppData\Local\Programs\Python\Python37\Lib\site-packages\django\db\migrations\executor.py first seen with mtime 1630394097.7772968
File C:\Users\Dell\AppData\Local\Programs\Python\Python37\Lib\site-packages\django\contrib\sessions\backends\db.py first seen with mtime 1630394095.5885606
File C:\Users\Dell\AppData\Local\Programs\Python\Python37\Lib\site-packages\django\views\defaults.py first seen with mtime 1630394098.1292496
File C:\Users\Dell\AppData\Local\Programs\Python\Python37\Lib\site-packages\django\conf\urls\__init__.py first seen with mtime 1630394085.267899
File C:\Users\Dell\AppData\Local\Programs\Python\Python37\Lib\site-packages\django\contrib\admin\migrations\0001_initial.py first seen with mtime 1630394089.32296
File C:\Users\Dell\AppData\Local\Programs\Python\Python37\Lib\site-packages\django\contrib\auth\migrations\0011_update_proxy_permissions.py first seen with mtime 1630394090.9747393
File C:\Users\Dell\AppData\Local\Programs\Python\Python37\Lib\site-packages\django\contrib\auth\migrations\0004_alter_user_username_opts.py first seen with mtime 1630394090.9647663
File C:\Users\Dell\AppData\Local\Programs\Python\Python37\Lib\site-packages\django\contrib\auth\migrations\0008_alter_user_username_max_length.py first seen with mtime 1630394090.97075
"GET / HTTP/1.1" 200 5274
File C:\Users\Dell\AppData\Local\Programs\Python\Python37\Lib\site-packages\django\contrib\messages\storage\fallback.py first seen with mtime 1630394094.2098458
File C:\Users\Dell\AppData\Local\Programs\Python\Python37\Lib\site-packages\django\contrib\messages\utils.py first seen with mtime 1630394094.2058556
File C:\Users\Dell\AppData\Local\Programs\Python\Python37\Lib\site-packages\django\contrib\auth\context_processors.py first seen with mtime 1630394090.462691
File C:\Users\Dell\AppData\Local\Programs\Python\Python37\Lib\site-packages\django\contrib\messages\context_processors.py first seen with mtime 1630394094.2038615
File C:\Users\Dell\AppData\Local\Programs\Python\Python37\Lib\site-packages\django\conf\locale\en\__init__.py first seen with mtime 1630394084.9061458
File C:\Users\Dell\AppData\Local\Programs\Python\Python37\Lib\site-packages\django\contrib\staticfiles\storage.py first seen with mtime 1630394096.228327
File C:\Users\Dell\AppData\Local\Programs\Python\Python37\Lib\site-packages\django\contrib\sessions\serializers.py first seen with mtime 1630394095.5835724
File C:\Users\Dell\AppData\Local\Programs\Python\Python37\Lib\site-packages\django\template\context_processors.py first seen with mtime 1630394097.9628804
File C:\Users\Dell\AppData\Local\Programs\Python\Python37\Lib\site-packages\django\conf\locale\en\formats.py first seen with mtime 1630394084.907143
File C:\Users\Dell\AppData\Local\Programs\Python\Python37\Lib\site-packages\django\contrib\messages\storage\session.py first seen with mtime 1630394094.2108424
File C:\Users\Dell\AppData\Local\Programs\Python\Python37\Lib\site-packages\django\contrib\messages\storage\cookie.py first seen with mtime 1630394094.2088475
File C:\Users\Dell\AppData\Local\Programs\Python\Python37\Lib\site-packages\django\contrib\messages\storage\base.py first seen with mtime 1630394094.2078505
(0.000) QUERY = 'SELECT COUNT(*) AS "__count" FROM "api_student"' - PARAMS = (); args=()
(0.000) QUERY = 'SELECT "api_student"."id", "api_student"."name", "api_student"."roll", "api_student"."city" FROM "api_student" LIMIT 5' - PARAMS = (); args=()
Exception while resolving variable 'hide_label' in template 'rest_framework/horizontal/input.html'.
Traceback (most recent call last):
  File "C:\Users\Dell\AppData\Local\Programs\Python\Python37\lib\site-packages\django\template\base.py", line 829, in _resolve_lookup
    current = current[bit]
KeyError: 'hide_label'

During handling of the above exception, another exception occurred:

Traceback (most recent call last):
  File "C:\Users\Dell\AppData\Local\Programs\Python\Python37\lib\site-packages\django\template\base.py", line 837, in _resolve_lookup
    current = getattr(current, bit)
AttributeError: 'dict' object has no attribute 'hide_label'

During handling of the above exception, another exception occurred:

Traceback (most recent call last):
  File "C:\Users\Dell\AppData\Local\Programs\Python\Python37\lib\site-packages\django\template\base.py", line 843, in _resolve_lookup
    current = current[int(bit)]
ValueError: invalid literal for int() with base 10: 'hide_label'

During handling of the above exception, another exception occurred:

Traceback (most recent call last):
  File "C:\Users\Dell\AppData\Local\Programs\Python\Python37\lib\site-packages\django\template\base.py", line 850, in _resolve_lookup
    (bit, current))  # missing attribute
django.template.base.VariableDoesNotExist: Failed lookup for key [hide_label] in {'base_template': 'input.html', 'input_type': 'text', 'template_pack': 'rest_framework/horizontal', 'renderer': <rest_framework.renderers.HTMLFormRenderer object at 0x0000014E3DCF2088>}
Exception while resolving variable 'placeholder' in template 'rest_framework/horizontal/input.html'.
Traceback (most recent call last):
  File "C:\Users\Dell\AppData\Local\Programs\Python\Python37\lib\site-packages\django\template\base.py", line 829, in _resolve_lookup
    current = current[bit]
KeyError: 'placeholder'

During handling of the above exception, another exception occurred:

Traceback (most recent call last):
  File "C:\Users\Dell\AppData\Local\Programs\Python\Python37\lib\site-packages\django\template\base.py", line 837, in _resolve_lookup
    current = getattr(current, bit)
AttributeError: 'dict' object has no attribute 'placeholder'

During handling of the above exception, another exception occurred:

Traceback (most recent call last):
  File "C:\Users\Dell\AppData\Local\Programs\Python\Python37\lib\site-packages\django\template\base.py", line 843, in _resolve_lookup
    current = current[int(bit)]
ValueError: invalid literal for int() with base 10: 'placeholder'

During handling of the above exception, another exception occurred:

Traceback (most recent call last):
  File "C:\Users\Dell\AppData\Local\Programs\Python\Python37\lib\site-packages\django\template\base.py", line 850, in _resolve_lookup
    (bit, current))  # missing attribute
django.template.base.VariableDoesNotExist: Failed lookup for key [placeholder] in {'base_template': 'input.html', 'input_type': 'text', 'template_pack': 'rest_framework/horizontal', 'renderer': <rest_framework.renderers.HTMLFormRenderer object at 0x0000014E3DCF2088>}
Exception while resolving variable 'autofocus' in template 'rest_framework/horizontal/input.html'.
Traceback (most recent call last):
  File "C:\Users\Dell\AppData\Local\Programs\Python\Python37\lib\site-packages\django\template\base.py", line 829, in _resolve_lookup
    current = current[bit]
KeyError: 'autofocus'

During handling of the above exception, another exception occurred:

Traceback (most recent call last):
  File "C:\Users\Dell\AppData\Local\Programs\Python\Python37\lib\site-packages\django\template\base.py", line 837, in _resolve_lookup
    current = getattr(current, bit)
AttributeError: 'dict' object has no attribute 'autofocus'

During handling of the above exception, another exception occurred:

Traceback (most recent call last):
  File "C:\Users\Dell\AppData\Local\Programs\Python\Python37\lib\site-packages\django\template\base.py", line 843, in _resolve_lookup
    current = current[int(bit)]
ValueError: invalid literal for int() with base 10: 'autofocus'

During handling of the above exception, another exception occurred:

Traceback (most recent call last):
  File "C:\Users\Dell\AppData\Local\Programs\Python\Python37\lib\site-packages\django\template\base.py", line 850, in _resolve_lookup
    (bit, current))  # missing attribute
django.template.base.VariableDoesNotExist: Failed lookup for key [autofocus] in {'base_template': 'input.html', 'input_type': 'text', 'template_pack': 'rest_framework/horizontal', 'renderer': <rest_framework.renderers.HTMLFormRenderer object at 0x0000014E3DCF2088>}
Exception while resolving variable 'hide_label' in template 'rest_framework/horizontal/input.html'.
Traceback (most recent call last):
  File "C:\Users\Dell\AppData\Local\Programs\Python\Python37\lib\site-packages\django\template\base.py", line 829, in _resolve_lookup
    current = current[bit]
KeyError: 'hide_label'

During handling of the above exception, another exception occurred:

Traceback (most recent call last):
  File "C:\Users\Dell\AppData\Local\Programs\Python\Python37\lib\site-packages\django\template\base.py", line 837, in _resolve_lookup
    current = getattr(current, bit)
AttributeError: 'dict' object has no attribute 'hide_label'

During handling of the above exception, another exception occurred:

Traceback (most recent call last):
  File "C:\Users\Dell\AppData\Local\Programs\Python\Python37\lib\site-packages\django\template\base.py", line 843, in _resolve_lookup
    current = current[int(bit)]
ValueError: invalid literal for int() with base 10: 'hide_label'

During handling of the above exception, another exception occurred:

Traceback (most recent call last):
  File "C:\Users\Dell\AppData\Local\Programs\Python\Python37\lib\site-packages\django\template\base.py", line 850, in _resolve_lookup
    (bit, current))  # missing attribute
django.template.base.VariableDoesNotExist: Failed lookup for key [hide_label] in {'base_template': 'input.html', 'input_type': 'number', 'template_pack': 'rest_framework/horizontal', 'renderer': <rest_framework.renderers.HTMLFormRenderer object at 0x0000014E3DCF2088>}
Exception while resolving variable 'placeholder' in template 'rest_framework/horizontal/input.html'.
Traceback (most recent call last):
  File "C:\Users\Dell\AppData\Local\Programs\Python\Python37\lib\site-packages\django\template\base.py", line 829, in _resolve_lookup
    current = current[bit]
KeyError: 'placeholder'

During handling of the above exception, another exception occurred:

Traceback (most recent call last):
  File "C:\Users\Dell\AppData\Local\Programs\Python\Python37\lib\site-packages\django\template\base.py", line 837, in _resolve_lookup
    current = getattr(current, bit)
AttributeError: 'dict' object has no attribute 'placeholder'

During handling of the above exception, another exception occurred:

Traceback (most recent call last):
  File "C:\Users\Dell\AppData\Local\Programs\Python\Python37\lib\site-packages\django\template\base.py", line 843, in _resolve_lookup
    current = current[int(bit)]
ValueError: invalid literal for int() with base 10: 'placeholder'

During handling of the above exception, another exception occurred:

Traceback (most recent call last):
  File "C:\Users\Dell\AppData\Local\Programs\Python\Python37\lib\site-packages\django\template\base.py", line 850, in _resolve_lookup
    (bit, current))  # missing attribute
django.template.base.VariableDoesNotExist: Failed lookup for key [placeholder] in {'base_template': 'input.html', 'input_type': 'number', 'template_pack': 'rest_framework/horizontal', 'renderer': <rest_framework.renderers.HTMLFormRenderer object at 0x0000014E3DCF2088>}
Exception while resolving variable 'autofocus' in template 'rest_framework/horizontal/input.html'.
Traceback (most recent call last):
  File "C:\Users\Dell\AppData\Local\Programs\Python\Python37\lib\site-packages\django\template\base.py", line 829, in _resolve_lookup
    current = current[bit]
KeyError: 'autofocus'

During handling of the above exception, another exception occurred:

Traceback (most recent call last):
  File "C:\Users\Dell\AppData\Local\Programs\Python\Python37\lib\site-packages\django\template\base.py", line 837, in _resolve_lookup
    current = getattr(current, bit)
AttributeError: 'dict' object has no attribute 'autofocus'

During handling of the above exception, another exception occurred:

Traceback (most recent call last):
  File "C:\Users\Dell\AppData\Local\Programs\Python\Python37\lib\site-packages\django\template\base.py", line 843, in _resolve_lookup
    current = current[int(bit)]
ValueError: invalid literal for int() with base 10: 'autofocus'

During handling of the above exception, another exception occurred:

Traceback (most recent call last):
  File "C:\Users\Dell\AppData\Local\Programs\Python\Python37\lib\site-packages\django\template\base.py", line 850, in _resolve_lookup
    (bit, current))  # missing attribute
django.template.base.VariableDoesNotExist: Failed lookup for key [autofocus] in {'base_template': 'input.html', 'input_type': 'number', 'template_pack': 'rest_framework/horizontal', 'renderer': <rest_framework.renderers.HTMLFormRenderer object at 0x0000014E3DCF2088>}
Exception while resolving variable 'hide_label' in template 'rest_framework/horizontal/input.html'.
Traceback (most recent call last):
  File "C:\Users\Dell\AppData\Local\Programs\Python\Python37\lib\site-packages\django\template\base.py", line 829, in _resolve_lookup
    current = current[bit]
KeyError: 'hide_label'

During handling of the above exception, another exception occurred:

Traceback (most recent call last):
  File "C:\Users\Dell\AppData\Local\Programs\Python\Python37\lib\site-packages\django\template\base.py", line 837, in _resolve_lookup
    current = getattr(current, bit)
AttributeError: 'dict' object has no attribute 'hide_label'

During handling of the above exception, another exception occurred:

Traceback (most recent call last):
  File "C:\Users\Dell\AppData\Local\Programs\Python\Python37\lib\site-packages\django\template\base.py", line 843, in _resolve_lookup
    current = current[int(bit)]
ValueError: invalid literal for int() with base 10: 'hide_label'

During handling of the above exception, another exception occurred:

Traceback (most recent call last):
  File "C:\Users\Dell\AppData\Local\Programs\Python\Python37\lib\site-packages\django\template\base.py", line 850, in _resolve_lookup
    (bit, current))  # missing attribute
django.template.base.VariableDoesNotExist: Failed lookup for key [hide_label] in {'base_template': 'input.html', 'input_type': 'text', 'template_pack': 'rest_framework/horizontal', 'renderer': <rest_framework.renderers.HTMLFormRenderer object at 0x0000014E3DCF2088>}
Exception while resolving variable 'placeholder' in template 'rest_framework/horizontal/input.html'.
Traceback (most recent call last):
  File "C:\Users\Dell\AppData\Local\Programs\Python\Python37\lib\site-packages\django\template\base.py", line 829, in _resolve_lookup
    current = current[bit]
KeyError: 'placeholder'

During handling of the above exception, another exception occurred:

Traceback (most recent call last):
  File "C:\Users\Dell\AppData\Local\Programs\Python\Python37\lib\site-packages\django\template\base.py", line 837, in _resolve_lookup
    current = getattr(current, bit)
AttributeError: 'dict' object has no attribute 'placeholder'

During handling of the above exception, another exception occurred:

Traceback (most recent call last):
  File "C:\Users\Dell\AppData\Local\Programs\Python\Python37\lib\site-packages\django\template\base.py", line 843, in _resolve_lookup
    current = current[int(bit)]
ValueError: invalid literal for int() with base 10: 'placeholder'

During handling of the above exception, another exception occurred:

Traceback (most recent call last):
  File "C:\Users\Dell\AppData\Local\Programs\Python\Python37\lib\site-packages\django\template\base.py", line 850, in _resolve_lookup
    (bit, current))  # missing attribute
django.template.base.VariableDoesNotExist: Failed lookup for key [placeholder] in {'base_template': 'input.html', 'input_type': 'text', 'template_pack': 'rest_framework/horizontal', 'renderer': <rest_framework.renderers.HTMLFormRenderer object at 0x0000014E3DCF2088>}
Exception while resolving variable 'autofocus' in template 'rest_framework/horizontal/input.html'.
Traceback (most recent call last):
  File "C:\Users\Dell\AppData\Local\Programs\Python\Python37\lib\site-packages\django\template\base.py", line 829, in _resolve_lookup
    current = current[bit]
KeyError: 'autofocus'

During handling of the above exception, another exception occurred:

Traceback (most recent call last):
  File "C:\Users\Dell\AppData\Local\Programs\Python\Python37\lib\site-packages\django\template\base.py", line 837, in _resolve_lookup
    current = getattr(current, bit)
AttributeError: 'dict' object has no attribute 'autofocus'

During handling of the above exception, another exception occurred:

Traceback (most recent call last):
  File "C:\Users\Dell\AppData\Local\Programs\Python\Python37\lib\site-packages\django\template\base.py", line 843, in _resolve_lookup
    current = current[int(bit)]
ValueError: invalid literal for int() with base 10: 'autofocus'

During handling of the above exception, another exception occurred:

Traceback (most recent call last):
  File "C:\Users\Dell\AppData\Local\Programs\Python\Python37\lib\site-packages\django\template\base.py", line 850, in _resolve_lookup
    (bit, current))  # missing attribute
django.template.base.VariableDoesNotExist: Failed lookup for key [autofocus] in {'base_template': 'input.html', 'input_type': 'text', 'template_pack': 'rest_framework/horizontal', 'renderer': <rest_framework.renderers.HTMLFormRenderer object at 0x0000014E3DCF2088>}
"GET /studentapi/ HTTP/1.1" 200 11142
(0.000) QUERY = 'SELECT "api_student"."id", "api_student"."name", "api_student"."roll", "api_student"."city" FROM "api_student" WHERE "api_student"."id" = %s LIMIT 21' - PARAMS = (1,); args=(1,)
Exception while resolving variable 'hide_label' in template 'rest_framework/horizontal/input.html'.
Traceback (most recent call last):
  File "C:\Users\Dell\AppData\Local\Programs\Python\Python37\lib\site-packages\django\template\base.py", line 829, in _resolve_lookup
    current = current[bit]
KeyError: 'hide_label'

During handling of the above exception, another exception occurred:

Traceback (most recent call last):
  File "C:\Users\Dell\AppData\Local\Programs\Python\Python37\lib\site-packages\django\template\base.py", line 837, in _resolve_lookup
    current = getattr(current, bit)
AttributeError: 'dict' object has no attribute 'hide_label'

During handling of the above exception, another exception occurred:

Traceback (most recent call last):
  File "C:\Users\Dell\AppData\Local\Programs\Python\Python37\lib\site-packages\django\template\base.py", line 843, in _resolve_lookup
    current = current[int(bit)]
ValueError: invalid literal for int() with base 10: 'hide_label'

During handling of the above exception, another exception occurred:

Traceback (most recent call last):
  File "C:\Users\Dell\AppData\Local\Programs\Python\Python37\lib\site-packages\django\template\base.py", line 850, in _resolve_lookup
    (bit, current))  # missing attribute
django.template.base.VariableDoesNotExist: Failed lookup for key [hide_label] in {'base_template': 'input.html', 'input_type': 'text', 'template_pack': 'rest_framework/horizontal', 'renderer': <rest_framework.renderers.HTMLFormRenderer object at 0x0000014E3DDAB888>}
Exception while resolving variable 'placeholder' in template 'rest_framework/horizontal/input.html'.
Traceback (most recent call last):
  File "C:\Users\Dell\AppData\Local\Programs\Python\Python37\lib\site-packages\django\template\base.py", line 829, in _resolve_lookup
    current = current[bit]
KeyError: 'placeholder'

During handling of the above exception, another exception occurred:

Traceback (most recent call last):
  File "C:\Users\Dell\AppData\Local\Programs\Python\Python37\lib\site-packages\django\template\base.py", line 837, in _resolve_lookup
    current = getattr(current, bit)
AttributeError: 'dict' object has no attribute 'placeholder'

During handling of the above exception, another exception occurred:

Traceback (most recent call last):
  File "C:\Users\Dell\AppData\Local\Programs\Python\Python37\lib\site-packages\django\template\base.py", line 843, in _resolve_lookup
    current = current[int(bit)]
ValueError: invalid literal for int() with base 10: 'placeholder'

During handling of the above exception, another exception occurred:

Traceback (most recent call last):
  File "C:\Users\Dell\AppData\Local\Programs\Python\Python37\lib\site-packages\django\template\base.py", line 850, in _resolve_lookup
    (bit, current))  # missing attribute
django.template.base.VariableDoesNotExist: Failed lookup for key [placeholder] in {'base_template': 'input.html', 'input_type': 'text', 'template_pack': 'rest_framework/horizontal', 'renderer': <rest_framework.renderers.HTMLFormRenderer object at 0x0000014E3DDAB888>}
Exception while resolving variable 'autofocus' in template 'rest_framework/horizontal/input.html'.
Traceback (most recent call last):
  File "C:\Users\Dell\AppData\Local\Programs\Python\Python37\lib\site-packages\django\template\base.py", line 829, in _resolve_lookup
    current = current[bit]
KeyError: 'autofocus'

During handling of the above exception, another exception occurred:

Traceback (most recent call last):
  File "C:\Users\Dell\AppData\Local\Programs\Python\Python37\lib\site-packages\django\template\base.py", line 837, in _resolve_lookup
    current = getattr(current, bit)
AttributeError: 'dict' object has no attribute 'autofocus'

During handling of the above exception, another exception occurred:

Traceback (most recent call last):
  File "C:\Users\Dell\AppData\Local\Programs\Python\Python37\lib\site-packages\django\template\base.py", line 843, in _resolve_lookup
    current = current[int(bit)]
ValueError: invalid literal for int() with base 10: 'autofocus'

During handling of the above exception, another exception occurred:

Traceback (most recent call last):
  File "C:\Users\Dell\AppData\Local\Programs\Python\Python37\lib\site-packages\django\template\base.py", line 850, in _resolve_lookup
    (bit, current))  # missing attribute
django.template.base.VariableDoesNotExist: Failed lookup for key [autofocus] in {'base_template': 'input.html', 'input_type': 'text', 'template_pack': 'rest_framework/horizontal', 'renderer': <rest_framework.renderers.HTMLFormRenderer object at 0x0000014E3DDAB888>}
Exception while resolving variable 'hide_label' in template 'rest_framework/horizontal/input.html'.
Traceback (most recent call last):
  File "C:\Users\Dell\AppData\Local\Programs\Python\Python37\lib\site-packages\django\template\base.py", line 829, in _resolve_lookup
    current = current[bit]
KeyError: 'hide_label'

During handling of the above exception, another exception occurred:

Traceback (most recent call last):
  File "C:\Users\Dell\AppData\Local\Programs\Python\Python37\lib\site-packages\django\template\base.py", line 837, in _resolve_lookup
    current = getattr(current, bit)
AttributeError: 'dict' object has no attribute 'hide_label'

During handling of the above exception, another exception occurred:

Traceback (most recent call last):
  File "C:\Users\Dell\AppData\Local\Programs\Python\Python37\lib\site-packages\django\template\base.py", line 843, in _resolve_lookup
    current = current[int(bit)]
ValueError: invalid literal for int() with base 10: 'hide_label'

During handling of the above exception, another exception occurred:

Traceback (most recent call last):
  File "C:\Users\Dell\AppData\Local\Programs\Python\Python37\lib\site-packages\django\template\base.py", line 850, in _resolve_lookup
    (bit, current))  # missing attribute
django.template.base.VariableDoesNotExist: Failed lookup for key [hide_label] in {'base_template': 'input.html', 'input_type': 'number', 'template_pack': 'rest_framework/horizontal', 'renderer': <rest_framework.renderers.HTMLFormRenderer object at 0x0000014E3DDAB888>}
Exception while resolving variable 'placeholder' in template 'rest_framework/horizontal/input.html'.
Traceback (most recent call last):
  File "C:\Users\Dell\AppData\Local\Programs\Python\Python37\lib\site-packages\django\template\base.py", line 829, in _resolve_lookup
    current = current[bit]
KeyError: 'placeholder'

During handling of the above exception, another exception occurred:

Traceback (most recent call last):
  File "C:\Users\Dell\AppData\Local\Programs\Python\Python37\lib\site-packages\django\template\base.py", line 837, in _resolve_lookup
    current = getattr(current, bit)
AttributeError: 'dict' object has no attribute 'placeholder'

During handling of the above exception, another exception occurred:

Traceback (most recent call last):
  File "C:\Users\Dell\AppData\Local\Programs\Python\Python37\lib\site-packages\django\template\base.py", line 843, in _resolve_lookup
    current = current[int(bit)]
ValueError: invalid literal for int() with base 10: 'placeholder'

During handling of the above exception, another exception occurred:

Traceback (most recent call last):
  File "C:\Users\Dell\AppData\Local\Programs\Python\Python37\lib\site-packages\django\template\base.py", line 850, in _resolve_lookup
    (bit, current))  # missing attribute
django.template.base.VariableDoesNotExist: Failed lookup for key [placeholder] in {'base_template': 'input.html', 'input_type': 'number', 'template_pack': 'rest_framework/horizontal', 'renderer': <rest_framework.renderers.HTMLFormRenderer object at 0x0000014E3DDAB888>}
Exception while resolving variable 'autofocus' in template 'rest_framework/horizontal/input.html'.
Traceback (most recent call last):
  File "C:\Users\Dell\AppData\Local\Programs\Python\Python37\lib\site-packages\django\template\base.py", line 829, in _resolve_lookup
    current = current[bit]
KeyError: 'autofocus'

During handling of the above exception, another exception occurred:

Traceback (most recent call last):
  File "C:\Users\Dell\AppData\Local\Programs\Python\Python37\lib\site-packages\django\template\base.py", line 837, in _resolve_lookup
    current = getattr(current, bit)
AttributeError: 'dict' object has no attribute 'autofocus'

During handling of the above exception, another exception occurred:

Traceback (most recent call last):
  File "C:\Users\Dell\AppData\Local\Programs\Python\Python37\lib\site-packages\django\template\base.py", line 843, in _resolve_lookup
    current = current[int(bit)]
ValueError: invalid literal for int() with base 10: 'autofocus'

During handling of the above exception, another exception occurred:

Traceback (most recent call last):
  File "C:\Users\Dell\AppData\Local\Programs\Python\Python37\lib\site-packages\django\template\base.py", line 850, in _resolve_lookup
    (bit, current))  # missing attribute
django.template.base.VariableDoesNotExist: Failed lookup for key [autofocus] in {'base_template': 'input.html', 'input_type': 'number', 'template_pack': 'rest_framework/horizontal', 'renderer': <rest_framework.renderers.HTMLFormRenderer object at 0x0000014E3DDAB888>}
Exception while resolving variable 'hide_label' in template 'rest_framework/horizontal/input.html'.
Traceback (most recent call last):
  File "C:\Users\Dell\AppData\Local\Programs\Python\Python37\lib\site-packages\django\template\base.py", line 829, in _resolve_lookup
    current = current[bit]
KeyError: 'hide_label'

During handling of the above exception, another exception occurred:

Traceback (most recent call last):
  File "C:\Users\Dell\AppData\Local\Programs\Python\Python37\lib\site-packages\django\template\base.py", line 837, in _resolve_lookup
    current = getattr(current, bit)
AttributeError: 'dict' object has no attribute 'hide_label'

During handling of the above exception, another exception occurred:

Traceback (most recent call last):
  File "C:\Users\Dell\AppData\Local\Programs\Python\Python37\lib\site-packages\django\template\base.py", line 843, in _resolve_lookup
    current = current[int(bit)]
ValueError: invalid literal for int() with base 10: 'hide_label'

During handling of the above exception, another exception occurred:

Traceback (most recent call last):
  File "C:\Users\Dell\AppData\Local\Programs\Python\Python37\lib\site-packages\django\template\base.py", line 850, in _resolve_lookup
    (bit, current))  # missing attribute
django.template.base.VariableDoesNotExist: Failed lookup for key [hide_label] in {'base_template': 'input.html', 'input_type': 'text', 'template_pack': 'rest_framework/horizontal', 'renderer': <rest_framework.renderers.HTMLFormRenderer object at 0x0000014E3DDAB888>}
Exception while resolving variable 'placeholder' in template 'rest_framework/horizontal/input.html'.
Traceback (most recent call last):
  File "C:\Users\Dell\AppData\Local\Programs\Python\Python37\lib\site-packages\django\template\base.py", line 829, in _resolve_lookup
    current = current[bit]
KeyError: 'placeholder'

During handling of the above exception, another exception occurred:

Traceback (most recent call last):
  File "C:\Users\Dell\AppData\Local\Programs\Python\Python37\lib\site-packages\django\template\base.py", line 837, in _resolve_lookup
    current = getattr(current, bit)
AttributeError: 'dict' object has no attribute 'placeholder'

During handling of the above exception, another exception occurred:

Traceback (most recent call last):
  File "C:\Users\Dell\AppData\Local\Programs\Python\Python37\lib\site-packages\django\template\base.py", line 843, in _resolve_lookup
    current = current[int(bit)]
ValueError: invalid literal for int() with base 10: 'placeholder'

During handling of the above exception, another exception occurred:

Traceback (most recent call last):
  File "C:\Users\Dell\AppData\Local\Programs\Python\Python37\lib\site-packages\django\template\base.py", line 850, in _resolve_lookup
    (bit, current))  # missing attribute
django.template.base.VariableDoesNotExist: Failed lookup for key [placeholder] in {'base_template': 'input.html', 'input_type': 'text', 'template_pack': 'rest_framework/horizontal', 'renderer': <rest_framework.renderers.HTMLFormRenderer object at 0x0000014E3DDAB888>}
Exception while resolving variable 'autofocus' in template 'rest_framework/horizontal/input.html'.
Traceback (most recent call last):
  File "C:\Users\Dell\AppData\Local\Programs\Python\Python37\lib\site-packages\django\template\base.py", line 829, in _resolve_lookup
    current = current[bit]
KeyError: 'autofocus'

During handling of the above exception, another exception occurred:

Traceback (most recent call last):
  File "C:\Users\Dell\AppData\Local\Programs\Python\Python37\lib\site-packages\django\template\base.py", line 837, in _resolve_lookup
    current = getattr(current, bit)
AttributeError: 'dict' object has no attribute 'autofocus'

During handling of the above exception, another exception occurred:

Traceback (most recent call last):
  File "C:\Users\Dell\AppData\Local\Programs\Python\Python37\lib\site-packages\django\template\base.py", line 843, in _resolve_lookup
    current = current[int(bit)]
ValueError: invalid literal for int() with base 10: 'autofocus'

During handling of the above exception, another exception occurred:

Traceback (most recent call last):
  File "C:\Users\Dell\AppData\Local\Programs\Python\Python37\lib\site-packages\django\template\base.py", line 850, in _resolve_lookup
    (bit, current))  # missing attribute
django.template.base.VariableDoesNotExist: Failed lookup for key [autofocus] in {'base_template': 'input.html', 'input_type': 'text', 'template_pack': 'rest_framework/horizontal', 'renderer': <rest_framework.renderers.HTMLFormRenderer object at 0x0000014E3DDAB888>}
"GET /studentapi/1/ HTTP/1.1" 200 10632
